#
# There is insufficient memory for the Java Runtime Environment to continue.
# Native memory allocation (malloc) failed to allocate 231856 bytes for Chunk::new
# Possible reasons:
#   The system is out of physical RAM or swap space
#   The process is running with CompressedOops enabled, and the Java Heap may be blocking the growth of the native heap
# Possible solutions:
#   Reduce memory load on the system
#   Increase physical memory or swap space
#   Check if swap backing store is full
#   Decrease Java heap size (-Xmx/-Xms)
#   Decrease number of Java threads
#   Decrease Java thread stack sizes (-Xss)
#   Set larger code cache with -XX:ReservedCodeCacheSize=
#   JVM is running with Zero Based Compressed Oops mode in which the Java heap is
#     placed in the first 32GB address space. The Java Heap base address is the
#     maximum limit for the native heap growth. Please use -XX:HeapBaseMinAddress
#     to set the Java Heap base and to place the Java Heap above 32GB virtual address.
# This output file may be truncated or incomplete.
#
#  Out of Memory Error (allocation.cpp:389), pid=6664, tid=0x00000000000016b0
#
# JRE version: OpenJDK Runtime Environment (8.0_332-b09) (build 1.8.0_332-b09)
# Java VM: OpenJDK 64-Bit Server VM (25.332-b09 mixed mode windows-amd64 compressed oops)
# Failed to write core dump. 
#

---------------  T H R E A D  ---------------

Current thread (0x00000177ab3be000):  JavaThread "C2 CompilerThread0" daemon [_thread_in_native, id=5808, stack(0x0000000c5b900000,0x0000000c5ba00000)]

Stack: [0x0000000c5b900000,0x0000000c5ba00000]
[error occurred during error reporting (printing stack bounds), id 0xc0000005]

Native frames: (J=compiled Java code, j=interpreted, Vv=VM code, C=native code)


Current CompileTask:
C2: 132465 4142       4       sun.misc.FloatingDecimal$ASCIIToBinaryBuffer::doubleValue (1194 bytes)


---------------  P R O C E S S  ---------------

Java Threads: ( => current thread )
  0x00000177ac4dc000 JavaThread "Java2D Disposer" daemon [_thread_blocked, id=6476, stack(0x0000000c5b000000,0x0000000c5b100000)]
  0x00000177ab44f800 JavaThread "Service Thread" daemon [_thread_blocked, id=2728, stack(0x0000000c5bb00000,0x0000000c5bc00000)]
  0x00000177ab3bc000 JavaThread "C1 CompilerThread1" daemon [_thread_in_vm, id=1200, stack(0x0000000c5ba00000,0x0000000c5bb00000)]
=>0x00000177ab3be000 JavaThread "C2 CompilerThread0" daemon [_thread_in_native, id=5808, stack(0x0000000c5b900000,0x0000000c5ba00000)]
  0x00000177ab3b0000 JavaThread "Attach Listener" daemon [_thread_blocked, id=5776, stack(0x0000000c5b800000,0x0000000c5b900000)]
  0x00000177ab3ae800 JavaThread "Signal Dispatcher" daemon [_thread_blocked, id=5780, stack(0x0000000c5b700000,0x0000000c5b800000)]
  0x00000177aaebb800 JavaThread "Finalizer" daemon [_thread_blocked, id=4840, stack(0x0000000c5b600000,0x0000000c5b700000)]
  0x00000177ab384000 JavaThread "Reference Handler" daemon [_thread_blocked, id=1656, stack(0x0000000c5b500000,0x0000000c5b600000)]
  0x000001778b980800 JavaThread "main" [_thread_in_vm, id=4484, stack(0x0000000c5b100000,0x0000000c5b200000)]

Other Threads:
  0x00000177ab361800 VMThread [stack: 0x0000000c5b400000,0x0000000c5b500000] [id=5800]
  0x00000177ab453800 WatcherThread [stack: 0x0000000c5bc00000,0x0000000c5bd00000] [id=3712]

VM state:synchronizing (normal execution)

VM Mutex/Monitor currently owned by a thread:  ([mutex/lock_event])
[0x000001778b97d3e0] Threads_lock - owner thread: 0x00000177ab361800
[0x000001778b97edf0] MethodData_lock - owner thread: 0x000001778b980800

heap address: 0x000000063a000000, size: 6240 MB, Compressed Oops mode: Zero based, Oop shift amount: 3
Narrow klass base: 0x0000000000000000, Narrow klass shift: 3
Compressed class space size: 1073741824 Address: 0x00000007c0000000

Heap:
 PSYoungGen      total 3122688K, used 870193K [0x00000006be800000, 0x00000007c0000000, 0x00000007c0000000)
  eden space 1967104K, 42% used [0x00000006be800000,0x00000006f122e8f8,0x0000000736900000)
  from space 1155584K, 3% used [0x0000000779780000,0x000000077bf1dba8,0x00000007c0000000)
  to   space 1096192K, 0% used [0x0000000736900000,0x0000000736900000,0x0000000779780000)
 ParOldGen       total 2170880K, used 830326K [0x000000063a000000, 0x00000006be800000, 0x00000006be800000)
  object space 2170880K, 38% used [0x000000063a000000,0x000000066caddb20,0x00000006be800000)
 Metaspace       used 16802K, capacity 17040K, committed 17280K, reserved 1064960K
  class space    used 1831K, capacity 1918K, committed 1920K, reserved 1048576K

Card table byte_map: [0x000001779c5a0000,0x000001779d1e0000] byte_map_base: 0x00000177993d0000

Marking Bits: (ParMarkBitMap*) 0x000000006ec12850
 Begin Bits: [0x000001779d610000, 0x00000177a3790000)
 End Bits:   [0x00000177a3790000, 0x00000177a9910000)

Polling page: 0x000001778b8d0000

CodeCache: size=245760Kb used=15215Kb max_used=15664Kb free=230544Kb
 bounds [0x000001778d1e0000, 0x000001778e150000, 0x000001779c1e0000]
 total_blobs=3597 nmethods=3172 adapters=337
 compilation: enabled

Compilation events (10 events):
Event: 112.662 Thread 0x00000177ab3be000 nmethod 4137 0x000001778d509e90 code [0x000001778d50a000, 0x000001778d50a578]
Event: 112.756 Thread 0x00000177ab3be000 4138       4       sun.misc.FDBigInteger::<init> (194 bytes)
Event: 112.773 Thread 0x00000177ab3be000 nmethod 4138 0x000001778dca4310 code [0x000001778dca4480, 0x000001778dca4e38]
Event: 113.042 Thread 0x00000177ab3bc000 4139       3       java.math.MutableBigInteger::add (346 bytes)
Event: 113.042 Thread 0x00000177ab3be000 4140       4       sun.misc.FDBigInteger::rightInplaceSub (351 bytes)
Event: 113.044 Thread 0x00000177ab3bc000 nmethod 4139 0x000001778d66f190 code [0x000001778d66f360, 0x000001778d66fd50]
Event: 113.052 Thread 0x00000177ab3be000 nmethod 4140 0x000001778d79ab50 code [0x000001778d79acc0, 0x000001778d79b5a8]
Event: 113.087 Thread 0x00000177ab3be000 4141       4       java.math.BigInteger::shiftLeft (48 bytes)
Event: 113.092 Thread 0x00000177ab3be000 nmethod 4141 0x000001778d319250 code [0x000001778d3193c0, 0x000001778d319978]
Event: 113.264 Thread 0x00000177ab3be000 4142       4       sun.misc.FloatingDecimal$ASCIIToBinaryBuffer::doubleValue (1194 bytes)

GC Heap History (10 events):
Event: 104.606 GC heap after
Heap after GC invocations=14 (full 1):
 PSYoungGen      total 2812928K, used 32896K [0x00000006be800000, 0x00000007c0000000, 0x00000007c0000000)
  eden space 1406976K, 0% used [0x00000006be800000,0x00000006be800000,0x0000000714600000)
  from space 1405952K, 2% used [0x0000000714600000,0x0000000716620000,0x000000076a300000)
  to   space 1383936K, 0% used [0x000000076b880000,0x000000076b880000,0x00000007c0000000)
 ParOldGen       total 2170880K, used 655049K [0x000000063a000000, 0x00000006be800000, 0x00000006be800000)
  object space 2170880K, 30% used [0x000000063a000000,0x0000000661fb2768,0x00000006be800000)
 Metaspace       used 16781K, capacity 16970K, committed 17280K, reserved 1064960K
  class space    used 1830K, capacity 1917K, committed 1920K, reserved 1048576K
}
Event: 106.064 GC heap before
{Heap before GC invocations=15 (full 1):
 PSYoungGen      total 2812928K, used 1439872K [0x00000006be800000, 0x00000007c0000000, 0x00000007c0000000)
  eden space 1406976K, 100% used [0x00000006be800000,0x0000000714600000,0x0000000714600000)
  from space 1405952K, 2% used [0x0000000714600000,0x0000000716620000,0x000000076a300000)
  to   space 1383936K, 0% used [0x000000076b880000,0x000000076b880000,0x00000007c0000000)
 ParOldGen       total 2170880K, used 655049K [0x000000063a000000, 0x00000006be800000, 0x00000006be800000)
  object space 2170880K, 30% used [0x000000063a000000,0x0000000661fb2768,0x00000006be800000)
 Metaspace       used 16781K, capacity 16970K, committed 17280K, reserved 1064960K
  class space    used 1830K, capacity 1917K, committed 1920K, reserved 1048576K
Event: 106.481 GC heap after
Heap after GC invocations=15 (full 1):
 PSYoungGen      total 2888704K, used 33028K [0x00000006be800000, 0x00000007c0000000, 0x00000007c0000000)
  eden space 1504768K, 0% used [0x00000006be800000,0x00000006be800000,0x000000071a580000)
  from space 1383936K, 2% used [0x000000076b880000,0x000000076d8c1298,0x00000007c0000000)
  to   space 1330176K, 0% used [0x000000071a580000,0x000000071a580000,0x000000076b880000)
 ParOldGen       total 2170880K, used 688105K [0x000000063a000000, 0x00000006be800000, 0x00000006be800000)
  object space 2170880K, 31% used [0x000000063a000000,0x0000000663ffa768,0x00000006be800000)
 Metaspace       used 16781K, capacity 16970K, committed 17280K, reserved 1064960K
  class space    used 1830K, capacity 1917K, committed 1920K, reserved 1048576K
}
Event: 107.885 GC heap before
{Heap before GC invocations=16 (full 1):
 PSYoungGen      total 2888704K, used 1537796K [0x00000006be800000, 0x00000007c0000000, 0x00000007c0000000)
  eden space 1504768K, 100% used [0x00000006be800000,0x000000071a580000,0x000000071a580000)
  from space 1383936K, 2% used [0x000000076b880000,0x000000076d8c1298,0x00000007c0000000)
  to   space 1330176K, 0% used [0x000000071a580000,0x000000071a580000,0x000000076b880000)
 ParOldGen       total 2170880K, used 688105K [0x000000063a000000, 0x00000006be800000, 0x00000006be800000)
  object space 2170880K, 31% used [0x000000063a000000,0x0000000663ffa768,0x00000006be800000)
 Metaspace       used 16781K, capacity 16970K, committed 17280K, reserved 1064960K
  class space    used 1830K, capacity 1917K, committed 1920K, reserved 1048576K
Event: 108.314 GC heap after
Heap after GC invocations=16 (full 1):
 PSYoungGen      total 2834944K, used 33696K [0x00000006be800000, 0x00000007c0000000, 0x00000007c0000000)
  eden space 1504768K, 0% used [0x00000006be800000,0x00000006be800000,0x000000071a580000)
  from space 1330176K, 2% used [0x000000071a580000,0x000000071c668000,0x000000076b880000)
  to   space 1273856K, 0% used [0x0000000772400000,0x0000000772400000,0x00000007c0000000)
 ParOldGen       total 2170880K, used 721286K [0x000000063a000000, 0x00000006be800000, 0x00000006be800000)
  object space 2170880K, 33% used [0x000000063a000000,0x0000000666061a00,0x00000006be800000)
 Metaspace       used 16781K, capacity 16970K, committed 17280K, reserved 1064960K
  class space    used 1830K, capacity 1917K, committed 1920K, reserved 1048576K
}
Event: 109.637 GC heap before
{Heap before GC invocations=17 (full 1):
 PSYoungGen      total 2834944K, used 1538464K [0x00000006be800000, 0x00000007c0000000, 0x00000007c0000000)
  eden space 1504768K, 100% used [0x00000006be800000,0x000000071a580000,0x000000071a580000)
  from space 1330176K, 2% used [0x000000071a580000,0x000000071c668000,0x000000076b880000)
  to   space 1273856K, 0% used [0x0000000772400000,0x0000000772400000,0x00000007c0000000)
 ParOldGen       total 2170880K, used 721286K [0x000000063a000000, 0x00000006be800000, 0x00000006be800000)
  object space 2170880K, 33% used [0x000000063a000000,0x0000000666061a00,0x00000006be800000)
 Metaspace       used 16781K, capacity 16970K, committed 17280K, reserved 1064960K
  class space    used 1830K, capacity 1917K, committed 1920K, reserved 1048576K
Event: 110.114 GC heap after
Heap after GC invocations=17 (full 1):
 PSYoungGen      total 3003392K, used 34464K [0x00000006be800000, 0x00000007c0000000, 0x00000007c0000000)
  eden space 1729536K, 0% used [0x00000006be800000,0x00000006be800000,0x0000000728100000)
  from space 1273856K, 2% used [0x0000000772400000,0x00000007745a8000,0x00000007c0000000)
  to   space 1215488K, 0% used [0x0000000728100000,0x0000000728100000,0x0000000772400000)
 ParOldGen       total 2170880K, used 755110K [0x000000063a000000, 0x00000006be800000, 0x00000006be800000)
  object space 2170880K, 34% used [0x000000063a000000,0x0000000668169a00,0x00000006be800000)
 Metaspace       used 16781K, capacity 16970K, committed 17280K, reserved 1064960K
  class space    used 1830K, capacity 1917K, committed 1920K, reserved 1048576K
}
Event: 111.626 GC heap before
{Heap before GC invocations=18 (full 1):
 PSYoungGen      total 3003392K, used 1764000K [0x00000006be800000, 0x00000007c0000000, 0x00000007c0000000)
  eden space 1729536K, 100% used [0x00000006be800000,0x0000000728100000,0x0000000728100000)
  from space 1273856K, 2% used [0x0000000772400000,0x00000007745a8000,0x00000007c0000000)
  to   space 1215488K, 0% used [0x0000000728100000,0x0000000728100000,0x0000000772400000)
 ParOldGen       total 2170880K, used 755110K [0x000000063a000000, 0x00000006be800000, 0x00000006be800000)
  object space 2170880K, 34% used [0x000000063a000000,0x0000000668169a00,0x00000006be800000)
 Metaspace       used 16783K, capacity 16970K, committed 17280K, reserved 1064960K
  class space    used 1830K, capacity 1917K, committed 1920K, reserved 1048576K
Event: 112.050 GC heap after
Heap after GC invocations=18 (full 1):
 PSYoungGen      total 2945024K, used 40448K [0x00000006be800000, 0x00000007c0000000, 0x00000007c0000000)
  eden space 1729536K, 0% used [0x00000006be800000,0x00000006be800000,0x0000000728100000)
  from space 1215488K, 3% used [0x0000000728100000,0x000000072a880000,0x0000000772400000)
  to   space 1155584K, 0% used [0x0000000779780000,0x0000000779780000,0x00000007c0000000)
 ParOldGen       total 2170880K, used 789710K [0x000000063a000000, 0x00000006be800000, 0x00000006be800000)
  object space 2170880K, 36% used [0x000000063a000000,0x000000066a333b20,0x00000006be800000)
 Metaspace       used 16783K, capacity 16970K, committed 17280K, reserved 1064960K
  class space    used 1830K, capacity 1917K, committed 1920K, reserved 1048576K
}
Event: 113.580 GC heap before
{Heap before GC invocations=19 (full 1):
 PSYoungGen      total 2945024K, used 1769984K [0x00000006be800000, 0x00000007c0000000, 0x00000007c0000000)
  eden space 1729536K, 100% used [0x00000006be800000,0x0000000728100000,0x0000000728100000)
  from space 1215488K, 3% used [0x0000000728100000,0x000000072a880000,0x0000000772400000)
  to   space 1155584K, 0% used [0x0000000779780000,0x0000000779780000,0x00000007c0000000)
 ParOldGen       total 2170880K, used 789710K [0x000000063a000000, 0x00000006be800000, 0x00000006be800000)
  object space 2170880K, 36% used [0x000000063a000000,0x000000066a333b20,0x00000006be800000)
 Metaspace       used 16783K, capacity 16970K, committed 17280K, reserved 1064960K
  class space    used 1830K, capacity 1917K, committed 1920K, reserved 1048576K

Deoptimization events (10 events):
Event: 93.276 Thread 0x000001778b980800 Uncommon trap: reason=unstable_if action=reinterpret pc=0x000001778e027770 method=J0_GuPiao_Analysis.isNumeric(Ljava/lang/String;)Z @ 26
Event: 99.513 Thread 0x000001778b980800 Uncommon trap: reason=unstable_if action=reinterpret pc=0x000001778df04244 method=java.math.BigInteger.add([I[I)[I @ 4
Event: 103.314 Thread 0x000001778b980800 Uncommon trap: reason=unstable_if action=reinterpret pc=0x000001778e02b6d4 method=sun.misc.FloatingDecimal$ASCIIToBinaryBuffer.doubleValue()D @ 503
Event: 105.852 Thread 0x000001778b980800 Uncommon trap: reason=unstable_if action=reinterpret pc=0x000001778d5fb288 method=sun.misc.FDBigInteger.valueOfMulPow52(JII)Lsun/misc/FDBigInteger; @ 243
Event: 105.852 Thread 0x000001778b980800 Uncommon trap: reason=unstable_if action=reinterpret pc=0x000001778e0b9ecc method=sun.misc.FDBigInteger.rightInplaceSub(Lsun/misc/FDBigInteger;)Lsun/misc/FDBigInteger; @ 93
Event: 109.082 Thread 0x000001778b980800 Uncommon trap: reason=unstable_if action=reinterpret pc=0x000001778d396a34 method=java.math.MutableBigInteger.getLowestSetBit()I @ 31
Event: 112.433 Thread 0x000001778b980800 Uncommon trap: reason=unstable_if action=reinterpret pc=0x000001778e0cc534 method=sun.misc.FDBigInteger.cmp(Lsun/misc/FDBigInteger;)I @ 29
Event: 112.564 Thread 0x000001778b980800 Uncommon trap: reason=unstable_if action=reinterpret pc=0x000001778d8cdcc4 method=java.util.HashMap.getNode(ILjava/lang/Object;)Ljava/util/HashMap$Node; @ 62
Event: 112.564 Thread 0x000001778b980800 Uncommon trap: reason=unstable_if action=reinterpret pc=0x000001778d46b124 method=java.util.HashMap.getNode(ILjava/lang/Object;)Ljava/util/HashMap$Node; @ 62
Event: 112.564 Thread 0x000001778b980800 Uncommon trap: reason=unstable_if action=reinterpret pc=0x000001778d47e4fc method=java.util.HashMap.getNode(ILjava/lang/Object;)Ljava/util/HashMap$Node; @ 62

Classes redefined (0 events):
No events

Internal exceptions (10 events):
Event: 16.383 Thread 0x000001778b980800 Implicit null exception at 0x000001778dca243d to 0x000001778dca26fd
Event: 76.664 Thread 0x000001778b980800 Implicit null exception at 0x000001778db7c6e8 to 0x000001778db80ac9
Event: 76.673 Thread 0x000001778b980800 Implicit null exception at 0x000001778dabc55d to 0x000001778dabc7f5
Event: 76.983 Thread 0x000001778b980800 Exception <a 'java/io/FileNotFoundException'> (0x000000073d5491b0) thrown at [C:\Jenkins\temp\workspace\build\src\hotspot\src\share\vm\prims\jni.cpp, line 711]
Event: 77.048 Thread 0x000001778b980800 Exception <a 'java/lang/NoSuchFieldError': method resolution failed> (0x000000073d618db0) thrown at [C:\Jenkins\temp\workspace\build\src\hotspot\src\share\vm\prims\methodHandles.cpp, line 1176]
Event: 77.053 Thread 0x000001778b980800 Exception <a 'java/lang/NoSuchFieldError': method resolution failed> (0x000000073d626470) thrown at [C:\Jenkins\temp\workspace\build\src\hotspot\src\share\vm\prims\methodHandles.cpp, line 1176]
Event: 77.595 Thread 0x000001778b980800 Implicit null exception at 0x000001778d5e3334 to 0x000001778d5e33a9
Event: 78.016 Thread 0x000001778b980800 Implicit null exception at 0x000001778d6a1fcd to 0x000001778d6a249d
Event: 78.017 Thread 0x000001778b980800 Implicit null exception at 0x000001778d6132b3 to 0x000001778d6141b5
Event: 86.356 Thread 0x000001778b980800 Implicit null exception at 0x000001778e023dc0 to 0x000001778e024d25

Events (10 events):
Event: 112.564 Thread 0x000001778b980800 Uncommon trap: trap_request=0xffffff65 fr.pc=0x000001778d8cdcc4
Event: 112.564 Thread 0x000001778b980800 DEOPT PACKING pc=0x000001778d8cdcc4 sp=0x0000000c5b1fec80
Event: 112.564 Thread 0x000001778b980800 DEOPT UNPACKING pc=0x000001778d225583 sp=0x0000000c5b1feb98 mode 2
Event: 112.564 Thread 0x000001778b980800 Uncommon trap: trap_request=0xffffff65 fr.pc=0x000001778d46b124
Event: 112.564 Thread 0x000001778b980800 DEOPT PACKING pc=0x000001778d46b124 sp=0x0000000c5b1febf0
Event: 112.564 Thread 0x000001778b980800 DEOPT UNPACKING pc=0x000001778d225583 sp=0x0000000c5b1feb80 mode 2
Event: 112.564 Thread 0x000001778b980800 Uncommon trap: trap_request=0xffffff65 fr.pc=0x000001778d47e4fc
Event: 112.564 Thread 0x000001778b980800 DEOPT PACKING pc=0x000001778d47e4fc sp=0x0000000c5b1fec80
Event: 112.564 Thread 0x000001778b980800 DEOPT UNPACKING pc=0x000001778d225583 sp=0x0000000c5b1feb90 mode 2
Event: 113.580 Executing VM operation: ParallelGCFailedAllocation


Dynamic libraries:
0x00007ff753020000 - 0x00007ff75305a000 	C:\hostedtoolcache\windows\Java_Temurin-Hotspot_jdk\8.0.332-9\x64\bin\java.exe
0x00007ff9fd810000 - 0x00007ff9fda10000 	C:\Windows\SYSTEM32\ntdll.dll
0x00007ff9fc830000 - 0x00007ff9fc8ec000 	C:\Windows\System32\KERNEL32.DLL
0x00007ff9fade0000 - 0x00007ff9fb143000 	C:\Windows\System32\KERNELBASE.dll
0x00007ff9fc550000 - 0x00007ff9fc5fe000 	C:\Windows\System32\ADVAPI32.dll
0x00007ff9fc600000 - 0x00007ff9fc6a3000 	C:\Windows\System32\msvcrt.dll
0x00007ff9fd0c0000 - 0x00007ff9fd15f000 	C:\Windows\System32\sechost.dll
0x00007ff9fc030000 - 0x00007ff9fc14e000 	C:\Windows\System32\RPCRT4.dll
0x00007ff9fc2e0000 - 0x00007ff9fc485000 	C:\Windows\System32\USER32.dll
0x00007ff9fb5a0000 - 0x00007ff9fb5c6000 	C:\Windows\System32\win32u.dll
0x00007ff9fc510000 - 0x00007ff9fc53b000 	C:\Windows\System32\GDI32.dll
0x00007ff9fb410000 - 0x00007ff9fb521000 	C:\Windows\System32\gdi32full.dll
0x00007ff9fb150000 - 0x00007ff9fb1f0000 	C:\Windows\System32\msvcp_win.dll
0x00007ff9fb650000 - 0x00007ff9fb760000 	C:\Windows\System32\ucrtbase.dll
0x00007ff9dee00000 - 0x00007ff9df0a5000 	C:\Windows\WinSxS\amd64_microsoft.windows.common-controls_6595b64144ccf1df_6.0.20348.1_none_88d3d41d702dedea\COMCTL32.dll
0x00007ff9fc6b0000 - 0x00007ff9fc6e1000 	C:\Windows\System32\IMM32.DLL
0x00007ff9ded10000 - 0x00007ff9dedff000 	C:\hostedtoolcache\windows\Java_Temurin-Hotspot_jdk\8.0.332-9\x64\jre\bin\msvcr120.dll
0x00007ff9dec60000 - 0x00007ff9ded06000 	C:\hostedtoolcache\windows\Java_Temurin-Hotspot_jdk\8.0.332-9\x64\jre\bin\msvcp120.dll
0x000000006e420000 - 0x000000006ec91000 	C:\hostedtoolcache\windows\Java_Temurin-Hotspot_jdk\8.0.332-9\x64\jre\bin\server\jvm.dll
0x00007ff9fd7c0000 - 0x00007ff9fd7c8000 	C:\Windows\System32\PSAPI.DLL
0x00007ff9f13c0000 - 0x00007ff9f13c9000 	C:\Windows\SYSTEM32\WSOCK32.dll
0x00007ff9f3700000 - 0x00007ff9f3727000 	C:\Windows\SYSTEM32\WINMM.dll
0x00007ff9fd3d0000 - 0x00007ff9fd441000 	C:\Windows\System32\WS2_32.dll
0x00007ff9f3730000 - 0x00007ff9f373a000 	C:\Windows\SYSTEM32\VERSION.dll
0x00007ff9f8640000 - 0x00007ff9f864f000 	C:\hostedtoolcache\windows\Java_Temurin-Hotspot_jdk\8.0.332-9\x64\jre\bin\verify.dll
0x00007ff9dec30000 - 0x00007ff9dec59000 	C:\hostedtoolcache\windows\Java_Temurin-Hotspot_jdk\8.0.332-9\x64\jre\bin\java.dll
0x00007ff9dec10000 - 0x00007ff9dec26000 	C:\hostedtoolcache\windows\Java_Temurin-Hotspot_jdk\8.0.332-9\x64\jre\bin\zip.dll
0x00007ff9fb760000 - 0x00007ff9fbebb000 	C:\Windows\System32\SHELL32.dll
0x00007ff9eda40000 - 0x00007ff9ee288000 	C:\Windows\SYSTEM32\windows.storage.dll
0x00007ff9fd450000 - 0x00007ff9fd7c0000 	C:\Windows\System32\combase.dll
0x00007ff9fbec0000 - 0x00007ff9fbfaa000 	C:\Windows\System32\SHCORE.dll
0x00007ff9fd1c0000 - 0x00007ff9fd21f000 	C:\Windows\System32\shlwapi.dll
0x00007ff9fad10000 - 0x00007ff9fad31000 	C:\Windows\SYSTEM32\profapi.dll
0x00007ff9c4be0000 - 0x00007ff9c4d75000 	C:\hostedtoolcache\windows\Java_Temurin-Hotspot_jdk\8.0.332-9\x64\jre\bin\awt.dll
0x00007ff9fc200000 - 0x00007ff9fc2d7000 	C:\Windows\System32\OLEAUT32.dll
0x00007ff9f65d0000 - 0x00007ff9f6661000 	C:\Windows\SYSTEM32\apphelp.dll
0x00007ff9e1f50000 - 0x00007ff9e1fe3000 	C:\hostedtoolcache\windows\Java_Temurin-Hotspot_jdk\8.0.332-9\x64\jre\bin\freetype.dll
0x00007ff9c6950000 - 0x00007ff9c6a0d000 	C:\hostedtoolcache\windows\Java_Temurin-Hotspot_jdk\8.0.332-9\x64\jre\bin\fontmanager.dll
0x00007ff9e1f30000 - 0x00007ff9e1f4a000 	C:\hostedtoolcache\windows\Java_Temurin-Hotspot_jdk\8.0.332-9\x64\jre\bin\net.dll
0x00007ff9fa2e0000 - 0x00007ff9fa348000 	C:\Windows\system32\mswsock.dll
0x00007ff9d4e10000 - 0x00007ff9d4e22000 	C:\hostedtoolcache\windows\Java_Temurin-Hotspot_jdk\8.0.332-9\x64\jre\bin\nio.dll

VM Arguments:
jvm_args: -Dfile.encoding=UTF-8 -Xmx6240m -Xms5240m -Xmn4120m 
java_command: J0_GuPiao_Analysis D:\a\ActionDemo\ActionDemo _1 yyyymmdd_20220713
java_class_path (initial): .;C:\Users\runneradmin\Desktop\zbin\J0_guava.jar;C:\Users\runneradmin\Desktop\zbin\J0_fastjson.jar;C:\Users\runneradmin\Desktop\zbin\J0_pinyin4j.jar;C:\Users\runneradmin\Desktop\zbin\J0_dom4j-1.6.1.jar;C:\Users\runneradmin\Desktop\zbin\J0_ojdbc6-11.jar;C:\Users\runneradmin\Desktop\zbin\J0_poi-3.9.jar;C:\Users\runneradmin\Desktop\zbin\J0_poi-ooxml-3.9.jar;C:\Users\runneradmin\Desktop\zbin\J0_poi-ooxml-schemas-3.9.jar;C:\Users\runneradmin\Desktop\zbin\J0_xercesImpl.jar;C:\Users\runneradmin\Desktop\zbin\J0_xmlbeans-2.3.0.jar;C:\Users\runneradmin\Desktop\zbin\
Launcher Type: SUN_STANDARD

Environment Variables:
JAVA_HOME=C:\hostedtoolcache\windows\Java_Temurin-Hotspot_jdk\8.0.332-9\x64
USERNAME=runneradmin
OS=Windows_NT
PROCESSOR_IDENTIFIER=Intel64 Family 6 Model 63 Stepping 2, GenuineIntel



---------------  S Y S T E M  ---------------

OS: Windows 10.0 , 64 bit Build 20348 (10.0.20348.740)

CPU:total 2 (initial active 2) (2 cores per cpu, 1 threads per core) family 6 model 63 stepping 2, cmov, cx8, fxsr, mmx, sse, sse2, sse3, ssse3, sse4.1, sse4.2, popcnt, avx, avx2, aes, clmul, erms, lzcnt, tsc, bmi1, bmi2

Memory: 4k page, physical 7339572k(307136k free), swap 9174320k(158208k free)

vm_info: OpenJDK 64-Bit Server VM (25.332-b09) for windows-amd64 JRE (1.8.0_332-b09), built on Apr 23 2022 01:25:28 by "jenkins" with MS VC++ 12.0 (VS2013)

time: Wed Jul 13 23:26:42 2022
timezone: Coordinated Universal Time
elapsed time: 134.097142 seconds (0d 0h 2m 14s)

