#
# There is insufficient memory for the Java Runtime Environment to continue.
# Native memory allocation (malloc) failed to allocate 306176 bytes for Chunk::new
# Possible reasons:
#   The system is out of physical RAM or swap space
#   The process is running with CompressedOops enabled, and the Java Heap may be blocking the growth of the native heap
# Possible solutions:
#   Reduce memory load on the system
#   Increase physical memory or swap space
#   Check if swap backing store is full
#   Decrease Java heap size (-Xmx/-Xms)
#   Decrease number of Java threads
#   Decrease Java thread stack sizes (-Xss)
#   Set larger code cache with -XX:ReservedCodeCacheSize=
#   JVM is running with Zero Based Compressed Oops mode in which the Java heap is
#     placed in the first 32GB address space. The Java Heap base address is the
#     maximum limit for the native heap growth. Please use -XX:HeapBaseMinAddress
#     to set the Java Heap base and to place the Java Heap above 32GB virtual address.
# This output file may be truncated or incomplete.
#
#  Out of Memory Error (allocation.cpp:389), pid=4832, tid=0x0000000000001a74
#
# JRE version: OpenJDK Runtime Environment (8.0_322-b06) (build 1.8.0_322-b06)
# Java VM: OpenJDK 64-Bit Server VM (25.322-b06 mixed mode windows-amd64 compressed oops)
# Failed to write core dump. 
#

---------------  T H R E A D  ---------------

Current thread (0x000001cd44f71000):  JavaThread "C2 CompilerThread0" daemon [_thread_in_native, id=6772, stack(0x00000087dfc00000,0x00000087dfd00000)]

Stack: [0x00000087dfc00000,0x00000087dfd00000]
[error occurred during error reporting (printing stack bounds), id 0xc0000005]

Native frames: (J=compiled Java code, j=interpreted, Vv=VM code, C=native code)


Current CompileTask:
C2: 136583 4607 % !   4       J0_GuPiao_Analysis$AddData_To_Year_Main_Stock_Xlsx_Rule_1::createMainXlsxWithData @ 1343 (2399 bytes)


---------------  P R O C E S S  ---------------

Java Threads: ( => current thread )
  0x000001cd46b68000 JavaThread "Java2D Disposer" daemon [_thread_blocked, id=6744, stack(0x00000087e0000000,0x00000087e0100000)]
  0x000001cd44ffb000 JavaThread "Service Thread" daemon [_thread_blocked, id=5148, stack(0x00000087dfe00000,0x00000087dff00000)]
  0x000001cd44f73000 JavaThread "C1 CompilerThread1" daemon [_thread_blocked, id=784, stack(0x00000087dfd00000,0x00000087dfe00000)]
=>0x000001cd44f71000 JavaThread "C2 CompilerThread0" daemon [_thread_in_native, id=6772, stack(0x00000087dfc00000,0x00000087dfd00000)]
  0x000001cd44f63000 JavaThread "Attach Listener" daemon [_thread_blocked, id=640, stack(0x00000087dfb00000,0x00000087dfc00000)]
  0x000001cd44f5f800 JavaThread "Signal Dispatcher" daemon [_thread_blocked, id=1480, stack(0x00000087dfa00000,0x00000087dfb00000)]
  0x000001cd2575c800 JavaThread "Finalizer" daemon [_thread_blocked, id=4376, stack(0x00000087df900000,0x00000087dfa00000)]
  0x000001cd2575a000 JavaThread "Reference Handler" daemon [_thread_blocked, id=740, stack(0x00000087df800000,0x00000087df900000)]
  0x000001cd2551f000 JavaThread "main" [_thread_in_Java, id=6264, stack(0x00000087df400000,0x00000087df500000)]

Other Threads:
  0x000001cd44f11800 VMThread [stack: 0x00000087df700000,0x00000087df800000] [id=1516]
  0x000001cd44ffc800 WatcherThread [stack: 0x00000087dff00000,0x00000087e0000000] [id=3392]

VM state:not at safepoint (normal execution)

VM Mutex/Monitor currently owned by a thread: None

heap address: 0x000000063a000000, size: 6240 MB, Compressed Oops mode: Zero based, Oop shift amount: 3
Narrow klass base: 0x0000000000000000, Narrow klass shift: 3
Compressed class space size: 1073741824 Address: 0x00000007c0000000

Heap:
 PSYoungGen      total 3222528K, used 984676K [0x00000006be800000, 0x00000007c0000000, 0x00000007c0000000)
  eden space 2207744K, 41% used [0x00000006be800000,0x00000006f7151288,0x0000000745400000)
  from space 1014784K, 5% used [0x0000000782100000,0x0000000785948000,0x00000007c0000000)
  to   space 996352K, 0% used [0x0000000745400000,0x0000000745400000,0x0000000782100000)
 ParOldGen       total 2170880K, used 965770K [0x000000063a000000, 0x00000006be800000, 0x00000006be800000)
  object space 2170880K, 44% used [0x000000063a000000,0x0000000674f22948,0x00000006be800000)
 Metaspace       used 16973K, capacity 17240K, committed 17536K, reserved 1064960K
  class space    used 1836K, capacity 1920K, committed 1920K, reserved 1048576K

Card table byte_map: [0x000001cd362d0000,0x000001cd36f10000] byte_map_base: 0x000001cd33100000

Marking Bits: (ParMarkBitMap*) 0x0000000069172850
 Begin Bits: [0x000001cd37340000, 0x000001cd3d4c0000)
 End Bits:   [0x000001cd3d4c0000, 0x000001cd43640000)

Polling page: 0x000001cd25490000

CodeCache: size=245760Kb used=12674Kb max_used=16505Kb free=233085Kb
 bounds [0x000001cd26f10000, 0x000001cd27f80000, 0x000001cd35f10000]
 total_blobs=3365 nmethods=2940 adapters=337
 compilation: enabled

Compilation events (10 events):
Event: 110.816 Thread 0x000001cd44f73000 nmethod 4602 0x000001cd27670f10 code [0x000001cd27671120, 0x000001cd27671970]
Event: 110.816 Thread 0x000001cd44f73000 4603       3       J0_GuPiao_Analysis$Dynamic_Preday15_BeiShu_Rule_10::ChengJiaoEr_SheetCell_Operation (84 bytes)
Event: 110.816 Thread 0x000001cd44f73000 nmethod 4603 0x000001cd27ca60d0 code [0x000001cd27ca62e0, 0x000001cd27ca6b30]
Event: 110.865 Thread 0x000001cd44f71000 4604       4       java.math.BigDecimal::layoutChars (656 bytes)
Event: 110.935 Thread 0x000001cd44f71000 nmethod 4604 0x000001cd27bb5190 code [0x000001cd27bb54e0, 0x000001cd27bb8620]
Event: 110.951 Thread 0x000001cd44f73000 4605       3       J0_GuPiao_Analysis$Dynamic_Preday20_BeiShu_Rule_11::ChengJiaoEr_SheetCell_Operation (84 bytes)
Event: 110.951 Thread 0x000001cd44f73000 nmethod 4605 0x000001cd27d4fd90 code [0x000001cd27d4ffa0, 0x000001cd27d507f0]
Event: 110.952 Thread 0x000001cd44f73000 4606       3       J0_GuPiao_Analysis$Dynamic_Preday30_BeiShu_Rule_12::ChengJiaoEr_SheetCell_Operation (84 bytes)
Event: 110.952 Thread 0x000001cd44f73000 nmethod 4606 0x000001cd27b69d50 code [0x000001cd27b69f60, 0x000001cd27b6a7b0]
Event: 111.033 Thread 0x000001cd44f71000 4607 % !   4       J0_GuPiao_Analysis$AddData_To_Year_Main_Stock_Xlsx_Rule_1::createMainXlsxWithData @ 1343 (2399 bytes)

GC Heap History (10 events):
Event: 105.092 GC heap before
{Heap before GC invocations=9 (full 1):
 PSYoungGen      total 2672128K, used 2558976K [0x00000006be800000, 0x00000007c0000000, 0x00000007c0000000)
  eden space 2558976K, 100% used [0x00000006be800000,0x000000075ab00000,0x000000075ab00000)
  from space 113152K, 0% used [0x000000075ab00000,0x000000075ab00000,0x0000000761980000)
  to   space 929792K, 0% used [0x0000000787400000,0x0000000787400000,0x00000007c0000000)
 ParOldGen       total 2170880K, used 573410K [0x000000063a000000, 0x00000006be800000, 0x00000006be800000)
  object space 2170880K, 26% used [0x000000063a000000,0x000000065cff8818,0x00000006be800000)
 Metaspace       used 16891K, capacity 17164K, committed 17280K, reserved 1064960K
  class space    used 1831K, capacity 1918K, committed 1920K, reserved 1048576K
Event: 105.216 GC heap after
Heap after GC invocations=9 (full 1):
 PSYoungGen      total 3167232K, used 73152K [0x00000006be800000, 0x00000007c0000000, 0x00000007c0000000)
  eden space 2237440K, 0% used [0x00000006be800000,0x00000006be800000,0x0000000747100000)
  from space 929792K, 7% used [0x0000000787400000,0x000000078bb70000,0x00000007c0000000)
  to   space 990720K, 0% used [0x0000000747100000,0x0000000747100000,0x0000000783880000)
 ParOldGen       total 2170880K, used 573418K [0x000000063a000000, 0x00000006be800000, 0x00000006be800000)
  object space 2170880K, 26% used [0x000000063a000000,0x000000065cffa818,0x00000006be800000)
 Metaspace       used 16891K, capacity 17164K, committed 17280K, reserved 1064960K
  class space    used 1831K, capacity 1918K, committed 1920K, reserved 1048576K
}
Event: 106.699 GC heap before
{Heap before GC invocations=10 (full 1):
 PSYoungGen      total 3167232K, used 2310592K [0x00000006be800000, 0x00000007c0000000, 0x00000007c0000000)
  eden space 2237440K, 100% used [0x00000006be800000,0x0000000747100000,0x0000000747100000)
  from space 929792K, 7% used [0x0000000787400000,0x000000078bb70000,0x00000007c0000000)
  to   space 990720K, 0% used [0x0000000747100000,0x0000000747100000,0x0000000783880000)
 ParOldGen       total 2170880K, used 573418K [0x000000063a000000, 0x00000006be800000, 0x00000006be800000)
  object space 2170880K, 26% used [0x000000063a000000,0x000000065cffa818,0x00000006be800000)
 Metaspace       used 16891K, capacity 17164K, committed 17280K, reserved 1064960K
  class space    used 1831K, capacity 1918K, committed 1920K, reserved 1048576K
Event: 106.860 GC heap after
Heap after GC invocations=10 (full 1):
 PSYoungGen      total 2381312K, used 143488K [0x00000006be800000, 0x00000007c0000000, 0x00000007c0000000)
  eden space 2237440K, 0% used [0x00000006be800000,0x00000006be800000,0x0000000747100000)
  from space 143872K, 99% used [0x0000000747100000,0x000000074fd20000,0x000000074fd80000)
  to   space 1010688K, 0% used [0x0000000782500000,0x0000000782500000,0x00000007c0000000)
 ParOldGen       total 2170880K, used 573418K [0x000000063a000000, 0x00000006be800000, 0x00000006be800000)
  object space 2170880K, 26% used [0x000000063a000000,0x000000065cffa818,0x00000006be800000)
 Metaspace       used 16891K, capacity 17164K, committed 17280K, reserved 1064960K
  class space    used 1831K, capacity 1918K, committed 1920K, reserved 1048576K
}
Event: 108.310 GC heap before
{Heap before GC invocations=11 (full 1):
 PSYoungGen      total 2381312K, used 2380928K [0x00000006be800000, 0x00000007c0000000, 0x00000007c0000000)
  eden space 2237440K, 100% used [0x00000006be800000,0x0000000747100000,0x0000000747100000)
  from space 143872K, 99% used [0x0000000747100000,0x000000074fd20000,0x000000074fd80000)
  to   space 1010688K, 0% used [0x0000000782500000,0x0000000782500000,0x00000007c0000000)
 ParOldGen       total 2170880K, used 573418K [0x000000063a000000, 0x00000006be800000, 0x00000006be800000)
  object space 2170880K, 26% used [0x000000063a000000,0x000000065cffa818,0x00000006be800000)
 Metaspace       used 16891K, capacity 17164K, committed 17280K, reserved 1064960K
  class space    used 1831K, capacity 1918K, committed 1920K, reserved 1048576K
Event: 108.537 GC heap after
Heap after GC invocations=11 (full 1):
 PSYoungGen      total 3195904K, used 139520K [0x00000006be800000, 0x00000007c0000000, 0x00000007c0000000)
  eden space 2185216K, 0% used [0x00000006be800000,0x00000006be800000,0x0000000743e00000)
  from space 1010688K, 13% used [0x0000000782500000,0x000000078ad40000,0x00000007c0000000)
  to   space 1016832K, 0% used [0x0000000743e00000,0x0000000743e00000,0x0000000781f00000)
 ParOldGen       total 2170880K, used 646842K [0x000000063a000000, 0x00000006be800000, 0x00000006be800000)
  object space 2170880K, 29% used [0x000000063a000000,0x00000006617ae828,0x00000006be800000)
 Metaspace       used 16891K, capacity 17164K, committed 17280K, reserved 1064960K
  class space    used 1831K, capacity 1918K, committed 1920K, reserved 1048576K
}
Event: 110.184 GC heap before
{Heap before GC invocations=12 (full 1):
 PSYoungGen      total 3195904K, used 2324736K [0x00000006be800000, 0x00000007c0000000, 0x00000007c0000000)
  eden space 2185216K, 100% used [0x00000006be800000,0x0000000743e00000,0x0000000743e00000)
  from space 1010688K, 13% used [0x0000000782500000,0x000000078ad40000,0x00000007c0000000)
  to   space 1016832K, 0% used [0x0000000743e00000,0x0000000743e00000,0x0000000781f00000)
 ParOldGen       total 2170880K, used 646842K [0x000000063a000000, 0x00000006be800000, 0x00000006be800000)
  object space 2170880K, 29% used [0x000000063a000000,0x00000006617ae828,0x00000006be800000)
 Metaspace       used 16903K, capacity 17176K, committed 17280K, reserved 1064960K
  class space    used 1832K, capacity 1920K, committed 1920K, reserved 1048576K
Event: 110.558 GC heap after
Heap after GC invocations=12 (full 1):
 PSYoungGen      total 2246144K, used 60736K [0x00000006be800000, 0x00000007c0000000, 0x00000007c0000000)
  eden space 2185216K, 0% used [0x00000006be800000,0x00000006be800000,0x0000000743e00000)
  from space 60928K, 99% used [0x0000000743e00000,0x0000000747950000,0x0000000747980000)
  to   space 1026560K, 0% used [0x0000000781580000,0x0000000781580000,0x00000007c0000000)
 ParOldGen       total 2170880K, used 786890K [0x000000063a000000, 0x00000006be800000, 0x00000006be800000)
  object space 2170880K, 36% used [0x000000063a000000,0x000000066a072948,0x00000006be800000)
 Metaspace       used 16903K, capacity 17176K, committed 17280K, reserved 1064960K
  class space    used 1832K, capacity 1920K, committed 1920K, reserved 1048576K
}
Event: 112.044 GC heap before
{Heap before GC invocations=13 (full 1):
 PSYoungGen      total 2246144K, used 2245952K [0x00000006be800000, 0x00000007c0000000, 0x00000007c0000000)
  eden space 2185216K, 100% used [0x00000006be800000,0x0000000743e00000,0x0000000743e00000)
  from space 60928K, 99% used [0x0000000743e00000,0x0000000747950000,0x0000000747980000)
  to   space 1026560K, 0% used [0x0000000781580000,0x0000000781580000,0x00000007c0000000)
 ParOldGen       total 2170880K, used 786890K [0x000000063a000000, 0x00000006be800000, 0x00000006be800000)
  object space 2170880K, 36% used [0x000000063a000000,0x000000066a072948,0x00000006be800000)
 Metaspace       used 16910K, capacity 17176K, committed 17280K, reserved 1064960K
  class space    used 1832K, capacity 1920K, committed 1920K, reserved 1048576K
Event: 112.430 GC heap after
Heap after GC invocations=13 (full 1):
 PSYoungGen      total 3193344K, used 58976K [0x00000006be800000, 0x00000007c0000000, 0x00000007c0000000)
  eden space 2166784K, 0% used [0x00000006be800000,0x00000006be800000,0x0000000742c00000)
  from space 1026560K, 5% used [0x0000000781580000,0x0000000784f18000,0x00000007c0000000)
  to   space 1025536K, 0% used [0x0000000742c00000,0x0000000742c00000,0x0000000781580000)
 ParOldGen       total 2170880K, used 847826K [0x000000063a000000, 0x00000006be800000, 0x00000006be800000)
  object space 2170880K, 39% used [0x000000063a000000,0x000000066dbf4948,0x00000006be800000)
 Metaspace       used 16910K, capacity 17176K, committed 17280K, reserved 1064960K
  class space    used 1832K, capacity 1920K, committed 1920K, reserved 1048576K
}

Deoptimization events (10 events):
Event: 107.884 Thread 0x000001cd2551f000 Uncommon trap: reason=class_check action=maybe_recompile pc=0x000001cd277540cc method=java.lang.Character.getType(I)I @ 5
Event: 107.885 Thread 0x000001cd2551f000 Uncommon trap: reason=class_check action=maybe_recompile pc=0x000001cd2750b250 method=java.lang.Character.getType(I)I @ 5
Event: 107.885 Thread 0x000001cd2551f000 Uncommon trap: reason=class_check action=maybe_recompile pc=0x000001cd273919b8 method=java.lang.Character.getType(I)I @ 5
Event: 107.985 Thread 0x000001cd2551f000 Uncommon trap: reason=unstable_if action=reinterpret pc=0x000001cd277763e0 method=sun.misc.FDBigInteger.leftShift(I)Lsun/misc/FDBigInteger; @ 156
Event: 109.617 Thread 0x000001cd2551f000 Uncommon trap: reason=class_check action=maybe_recompile pc=0x000001cd2789fee4 method=java.util.AbstractMap.isEmpty()Z @ 1
Event: 109.617 Thread 0x000001cd2551f000 Uncommon trap: reason=class_check action=maybe_recompile pc=0x000001cd2789fee4 method=java.util.AbstractMap.isEmpty()Z @ 1
Event: 109.617 Thread 0x000001cd2551f000 Uncommon trap: reason=class_check action=maybe_recompile pc=0x000001cd2789fee4 method=java.util.AbstractMap.isEmpty()Z @ 1
Event: 109.618 Thread 0x000001cd2551f000 Uncommon trap: reason=class_check action=maybe_recompile pc=0x000001cd2789fee4 method=java.util.AbstractMap.isEmpty()Z @ 1
Event: 109.862 Thread 0x000001cd2551f000 Uncommon trap: reason=unstable_if action=reinterpret pc=0x000001cd27f4fac4 method=J0_GuPiao_Analysis$AddData_To_Year_Main_Stock_Xlsx_Rule_1.createMainXlsxWithData(ILjava/io/File;Ljava/util/ArrayList;Ljava/util/Map;Ljava/util/Map;)V @ 2087
Event: 110.125 Thread 0x000001cd2551f000 Uncommon trap: reason=unstable_if action=reinterpret pc=0x000001cd27754d14 method=sun.misc.FDBigInteger.rightInplaceSub(Lsun/misc/FDBigInteger;)Lsun/misc/FDBigInteger; @ 93

Classes redefined (0 events):
No events

Internal exceptions (10 events):
Event: 18.232 Thread 0x000001cd2551f000 Implicit null exception at 0x000001cd2790707d to 0x000001cd2790733d
Event: 44.196 Thread 0x000001cd2551f000 Implicit null exception at 0x000001cd277d00ac to 0x000001cd277d20ed
Event: 44.220 Thread 0x000001cd2551f000 Implicit null exception at 0x000001cd2771a08a to 0x000001cd2771a3e9
Event: 44.816 Thread 0x000001cd2551f000 Exception <a 'java/io/FileNotFoundException'> (0x00000006cf3bf958) thrown at [E:\jenkins\tmp\workspace\build\src\hotspot\src\share\vm\prims\jni.cpp, line 711]
Event: 44.877 Thread 0x000001cd2551f000 Exception <a 'java/lang/NoSuchFieldError': method resolution failed> (0x00000006cf48f5c0) thrown at [E:\jenkins\tmp\workspace\build\src\hotspot\src\share\vm\prims\methodHandles.cpp, line 1176]
Event: 44.881 Thread 0x000001cd2551f000 Exception <a 'java/lang/NoSuchFieldError': method resolution failed> (0x00000006cf49cc80) thrown at [E:\jenkins\tmp\workspace\build\src\hotspot\src\share\vm\prims\methodHandles.cpp, line 1176]
Event: 45.527 Thread 0x000001cd2551f000 Implicit null exception at 0x000001cd27305d34 to 0x000001cd27305da9
Event: 45.527 Thread 0x000001cd2551f000 Implicit null exception at 0x000001cd27328034 to 0x000001cd27328145
Event: 46.535 Thread 0x000001cd2551f000 Implicit null exception at 0x000001cd273337f3 to 0x000001cd27333eb9
Event: 51.579 Thread 0x000001cd2551f000 Implicit null exception at 0x000001cd27bb7800 to 0x000001cd27bb881d

Events (10 events):
Event: 109.862 Thread 0x000001cd2551f000 DEOPT PACKING pc=0x000001cd27f4fac4 sp=0x00000087df4ff2d0
Event: 109.862 Thread 0x000001cd2551f000 DEOPT UNPACKING pc=0x000001cd26f55583 sp=0x00000087df4ff288 mode 2
Event: 110.125 Thread 0x000001cd2551f000 Uncommon trap: trap_request=0xffffff65 fr.pc=0x000001cd27754d14
Event: 110.125 Thread 0x000001cd2551f000 DEOPT PACKING pc=0x000001cd27754d14 sp=0x00000087df4fea50
Event: 110.125 Thread 0x000001cd2551f000 DEOPT UNPACKING pc=0x000001cd26f55583 sp=0x00000087df4fe9a8 mode 2
Event: 110.184 Executing VM operation: ParallelGCFailedAllocation
Event: 110.558 Executing VM operation: ParallelGCFailedAllocation done
Event: 112.044 Executing VM operation: ParallelGCFailedAllocation
Event: 112.430 Executing VM operation: ParallelGCFailedAllocation done
Event: 113.797 Executing VM operation: ParallelGCFailedAllocation


Dynamic libraries:
0x00007ff634130000 - 0x00007ff63416a000 	C:\hostedtoolcache\windows\Java_Temurin-Hotspot_jdk\8.0.322-6\x64\bin\java.exe
0x00007ffb42050000 - 0x00007ffb42250000 	C:\Windows\SYSTEM32\ntdll.dll
0x00007ffb40a60000 - 0x00007ffb40b1c000 	C:\Windows\System32\KERNEL32.DLL
0x00007ffb3fb70000 - 0x00007ffb3fecf000 	C:\Windows\System32\KERNELBASE.dll
0x00007ffb41240000 - 0x00007ffb412ee000 	C:\Windows\System32\ADVAPI32.dll
0x00007ffb40250000 - 0x00007ffb402f3000 	C:\Windows\System32\msvcrt.dll
0x00007ffb403b0000 - 0x00007ffb4044f000 	C:\Windows\System32\sechost.dll
0x00007ffb412f0000 - 0x00007ffb4140e000 	C:\Windows\System32\RPCRT4.dll
0x00007ffb40b20000 - 0x00007ffb40cc5000 	C:\Windows\System32\USER32.dll
0x00007ffb3f850000 - 0x00007ffb3f876000 	C:\Windows\System32\win32u.dll
0x00007ffb40130000 - 0x00007ffb4015b000 	C:\Windows\System32\GDI32.dll
0x00007ffb3f6c0000 - 0x00007ffb3f7d1000 	C:\Windows\System32\gdi32full.dll
0x00007ffb3f620000 - 0x00007ffb3f6c0000 	C:\Windows\System32\msvcp_win.dll
0x00007ffb3f900000 - 0x00007ffb3fa10000 	C:\Windows\System32\ucrtbase.dll
0x00007ffb24b10000 - 0x00007ffb24db5000 	C:\Windows\WinSxS\amd64_microsoft.windows.common-controls_6595b64144ccf1df_6.0.20348.1_none_88d3d41d702dedea\COMCTL32.dll
0x00007ffb40590000 - 0x00007ffb405c1000 	C:\Windows\System32\IMM32.DLL
0x00007ffb116e0000 - 0x00007ffb117cf000 	C:\hostedtoolcache\windows\Java_Temurin-Hotspot_jdk\8.0.322-6\x64\jre\bin\msvcr120.dll
0x00007ffb11d90000 - 0x00007ffb11e36000 	C:\hostedtoolcache\windows\Java_Temurin-Hotspot_jdk\8.0.322-6\x64\jre\bin\msvcp120.dll
0x0000000068980000 - 0x00000000691f1000 	C:\hostedtoolcache\windows\Java_Temurin-Hotspot_jdk\8.0.322-6\x64\jre\bin\server\jvm.dll
0x00007ffb40a50000 - 0x00007ffb40a58000 	C:\Windows\System32\PSAPI.DLL
0x00007ffb368a0000 - 0x00007ffb368a9000 	C:\Windows\SYSTEM32\WSOCK32.dll
0x00007ffb37c90000 - 0x00007ffb37cb7000 	C:\Windows\SYSTEM32\WINMM.dll
0x00007ffb41f80000 - 0x00007ffb41ff1000 	C:\Windows\System32\WS2_32.dll
0x00007ffb39a60000 - 0x00007ffb39a6a000 	C:\Windows\SYSTEM32\VERSION.dll
0x00007ffb386d0000 - 0x00007ffb386df000 	C:\hostedtoolcache\windows\Java_Temurin-Hotspot_jdk\8.0.322-6\x64\jre\bin\verify.dll
0x00007ffb116b0000 - 0x00007ffb116d9000 	C:\hostedtoolcache\windows\Java_Temurin-Hotspot_jdk\8.0.322-6\x64\jre\bin\java.dll
0x00007ffb386b0000 - 0x00007ffb386c6000 	C:\hostedtoolcache\windows\Java_Temurin-Hotspot_jdk\8.0.322-6\x64\jre\bin\zip.dll
0x00007ffb41820000 - 0x00007ffb41f7b000 	C:\Windows\System32\SHELL32.dll
0x00007ffb33130000 - 0x00007ffb33977000 	C:\Windows\SYSTEM32\windows.storage.dll
0x00007ffb406d0000 - 0x00007ffb40a41000 	C:\Windows\System32\combase.dll
0x00007ffb405e0000 - 0x00007ffb406ca000 	C:\Windows\System32\SHCORE.dll
0x00007ffb400d0000 - 0x00007ffb4012f000 	C:\Windows\System32\shlwapi.dll
0x00007ffb3f550000 - 0x00007ffb3f571000 	C:\Windows\SYSTEM32\profapi.dll
0x00007ffb0c4b0000 - 0x00007ffb0c645000 	C:\hostedtoolcache\windows\Java_Temurin-Hotspot_jdk\8.0.322-6\x64\jre\bin\awt.dll
0x00007ffb41490000 - 0x00007ffb41567000 	C:\Windows\System32\OLEAUT32.dll
0x00007ffb3a9f0000 - 0x00007ffb3aa81000 	C:\Windows\SYSTEM32\apphelp.dll
0x00007ffb0d200000 - 0x00007ffb0d293000 	C:\hostedtoolcache\windows\Java_Temurin-Hotspot_jdk\8.0.322-6\x64\jre\bin\freetype.dll
0x00007ffb0c3f0000 - 0x00007ffb0c4ad000 	C:\hostedtoolcache\windows\Java_Temurin-Hotspot_jdk\8.0.322-6\x64\jre\bin\fontmanager.dll
0x00007ffb26a20000 - 0x00007ffb26a3a000 	C:\hostedtoolcache\windows\Java_Temurin-Hotspot_jdk\8.0.322-6\x64\jre\bin\net.dll
0x00007ffb3eaf0000 - 0x00007ffb3eb58000 	C:\Windows\system32\mswsock.dll
0x00007ffb26a00000 - 0x00007ffb26a12000 	C:\hostedtoolcache\windows\Java_Temurin-Hotspot_jdk\8.0.322-6\x64\jre\bin\nio.dll

VM Arguments:
jvm_args: -Dfile.encoding=UTF-8 -Xmx6240m -Xms5240m -Xmn4120m 
java_command: J0_GuPiao_Analysis D:\a\ActionDemo\ActionDemo _1 yyyymmdd_20220311
java_class_path (initial): .;C:\Users\runneradmin\Desktop\zbin\J0_guava.jar;C:\Users\runneradmin\Desktop\zbin\J0_fastjson.jar;C:\Users\runneradmin\Desktop\zbin\J0_pinyin4j.jar;C:\Users\runneradmin\Desktop\zbin\J0_dom4j-1.6.1.jar;C:\Users\runneradmin\Desktop\zbin\J0_ojdbc6-11.jar;C:\Users\runneradmin\Desktop\zbin\J0_poi-3.9.jar;C:\Users\runneradmin\Desktop\zbin\J0_poi-ooxml-3.9.jar;C:\Users\runneradmin\Desktop\zbin\J0_poi-ooxml-schemas-3.9.jar;C:\Users\runneradmin\Desktop\zbin\J0_xercesImpl.jar;C:\Users\runneradmin\Desktop\zbin\J0_xmlbeans-2.3.0.jar;C:\Users\runneradmin\Desktop\zbin\
Launcher Type: SUN_STANDARD

Environment Variables:
JAVA_HOME=C:\hostedtoolcache\windows\Java_Temurin-Hotspot_jdk\8.0.322-6\x64
USERNAME=runneradmin
OS=Windows_NT
PROCESSOR_IDENTIFIER=Intel64 Family 6 Model 85 Stepping 7, GenuineIntel



---------------  S Y S T E M  ---------------

OS: Windows 10.0 , 64 bit Build 20348 (10.0.20348.469)

CPU:total 2 (initial active 2) (2 cores per cpu, 1 threads per core) family 6 model 85 stepping 7, cmov, cx8, fxsr, mmx, sse, sse2, sse3, ssse3, sse4.1, sse4.2, popcnt, avx, avx2, aes, clmul, erms, rtm, 3dnowpref, lzcnt, tsc, bmi1, bmi2, adx

Memory: 4k page, physical 7339572k(165920k free), swap 9174320k(24068k free)

vm_info: OpenJDK 64-Bit Server VM (25.322-b06) for windows-amd64 JRE (1.8.0_322-b06), built on Jan 19 2022 07:06:38 by "jenkins" with MS VC++ 12.0 (VS2013)

time: Sat Mar 12 22:44:41 2022
timezone: Coordinated Universal Time
elapsed time: 138.082997 seconds (0d 0h 2m 18s)

