#
# There is insufficient memory for the Java Runtime Environment to continue.
# Native memory allocation (malloc) failed to allocate 413936 bytes for Chunk::new
# Possible reasons:
#   The system is out of physical RAM or swap space
#   The process is running with CompressedOops enabled, and the Java Heap may be blocking the growth of the native heap
# Possible solutions:
#   Reduce memory load on the system
#   Increase physical memory or swap space
#   Check if swap backing store is full
#   Decrease Java heap size (-Xmx/-Xms)
#   Decrease number of Java threads
#   Decrease Java thread stack sizes (-Xss)
#   Set larger code cache with -XX:ReservedCodeCacheSize=
#   JVM is running with Zero Based Compressed Oops mode in which the Java heap is
#     placed in the first 32GB address space. The Java Heap base address is the
#     maximum limit for the native heap growth. Please use -XX:HeapBaseMinAddress
#     to set the Java Heap base and to place the Java Heap above 32GB virtual address.
# This output file may be truncated or incomplete.
#
#  Out of Memory Error (allocation.cpp:389), pid=3024, tid=0x0000000000001a04
#
# JRE version: OpenJDK Runtime Environment (8.0_332-b09) (build 1.8.0_332-b09)
# Java VM: OpenJDK 64-Bit Server VM (25.332-b09 mixed mode windows-amd64 compressed oops)
# Failed to write core dump. 
#

---------------  T H R E A D  ---------------

Current thread (0x000001d84718b000):  JavaThread "C2 CompilerThread0" daemon [_thread_in_native, id=6660, stack(0x000000cdd3000000,0x000000cdd3100000)]

Stack: [0x000000cdd3000000,0x000000cdd3100000]
[error occurred during error reporting (printing stack bounds), id 0xc0000005]

Native frames: (J=compiled Java code, j=interpreted, Vv=VM code, C=native code)


Current CompileTask:
C2: 124052 4350       4       sun.misc.FloatingDecimal$BinaryToASCIIBuffer::dtoa (1509 bytes)


---------------  P R O C E S S  ---------------

Java Threads: ( => current thread )
  0x000001d847e9d800 JavaThread "Java2D Disposer" daemon [_thread_blocked, id=3324, stack(0x000000cdd3400000,0x000000cdd3500000)]
  0x000001d84721d800 JavaThread "Service Thread" daemon [_thread_blocked, id=6616, stack(0x000000cdd3200000,0x000000cdd3300000)]
  0x000001d84718e800 JavaThread "C1 CompilerThread1" daemon [_thread_blocked, id=3052, stack(0x000000cdd3100000,0x000000cdd3200000)]
=>0x000001d84718b000 JavaThread "C2 CompilerThread0" daemon [_thread_in_native, id=6660, stack(0x000000cdd3000000,0x000000cdd3100000)]
  0x000001d847184000 JavaThread "Attach Listener" daemon [_thread_blocked, id=6668, stack(0x000000cdd2f00000,0x000000cdd3000000)]
  0x000001d84717e800 JavaThread "Signal Dispatcher" daemon [_thread_blocked, id=7076, stack(0x000000cdd2e00000,0x000000cdd2f00000)]
  0x000001d846c89800 JavaThread "Finalizer" daemon [_thread_blocked, id=6656, stack(0x000000cdd2d00000,0x000000cdd2e00000)]
  0x000001d847154000 JavaThread "Reference Handler" daemon [_thread_blocked, id=6652, stack(0x000000cdd2c00000,0x000000cdd2d00000)]
  0x000001d8276d1800 JavaThread "main" [_thread_in_Java, id=1188, stack(0x000000cdd2800000,0x000000cdd2900000)]

Other Threads:
  0x000001d847131800 VMThread [stack: 0x000000cdd2b00000,0x000000cdd2c00000] [id=6620]
  0x000001d847221800 WatcherThread [stack: 0x000000cdd3300000,0x000000cdd3400000] [id=8]

VM state:not at safepoint (normal execution)

VM Mutex/Monitor currently owned by a thread: None

heap address: 0x000000063a000000, size: 6240 MB, Compressed Oops mode: Zero based, Oop shift amount: 3
Narrow klass base: 0x0000000000000000, Narrow klass shift: 3
Compressed class space size: 1073741824 Address: 0x00000007c0000000

Heap:
 PSYoungGen      total 3292672K, used 733320K [0x00000006be800000, 0x00000007c0000000, 0x00000007c0000000)
  eden space 2402816K, 27% used [0x00000006be800000,0x00000006e78da240,0x0000000751280000)
  from space 889856K, 6% used [0x0000000751280000,0x0000000754dc8000,0x0000000787780000)
  to   space 850944K, 0% used [0x000000078c100000,0x000000078c100000,0x00000007c0000000)
 ParOldGen       total 2170880K, used 1115399K [0x000000063a000000, 0x00000006be800000, 0x00000006be800000)
  object space 2170880K, 51% used [0x000000063a000000,0x000000067e141e50,0x00000006be800000)
 Metaspace       used 16903K, capacity 17168K, committed 17280K, reserved 1064960K
  class space    used 1831K, capacity 1918K, committed 1920K, reserved 1048576K

Card table byte_map: [0x000001d838370000,0x000001d838fb0000] byte_map_base: 0x000001d8351a0000

Marking Bits: (ParMarkBitMap*) 0x00000000533e2850
 Begin Bits: [0x000001d8393e0000, 0x000001d83f560000)
 End Bits:   [0x000001d83f560000, 0x000001d8456e0000)

Polling page: 0x000001d828f80000

CodeCache: size=245760Kb used=13024Kb max_used=14039Kb free=232735Kb
 bounds [0x000001d828fb0000, 0x000001d829ea0000, 0x000001d837fb0000]
 total_blobs=3336 nmethods=2911 adapters=337
 compilation: enabled

Compilation events (10 events):
Event: 115.417 Thread 0x000001d84718e800 4368       3       J0_GuPiao_Analysis$Dynamic_Preday4_BeiShu_Rule_5::ZhangDieZhi_SheetCell_Operation (80 bytes)
Event: 115.418 Thread 0x000001d84718e800 nmethod 4368 0x000001d829980d90 code [0x000001d829980f80, 0x000001d8299817d0]
Event: 115.418 Thread 0x000001d84718e800 4369       3       J0_GuPiao_Analysis$Dynamic_Preday5_BeiShu_Rule_6::ZhangDieZhi_SheetCell_Operation (80 bytes)
Event: 115.418 Thread 0x000001d84718e800 nmethod 4369 0x000001d8295734d0 code [0x000001d8295736c0, 0x000001d829573f10]
Event: 115.418 Thread 0x000001d84718e800 4370       3       J0_GuPiao_Analysis$Dynamic_Preday6_BeiShu_Rule_7::ZhangDieZhi_SheetCell_Operation (80 bytes)
Event: 115.419 Thread 0x000001d84718e800 nmethod 4370 0x000001d829af5590 code [0x000001d829af5780, 0x000001d829af5fd0]
Event: 115.419 Thread 0x000001d84718e800 4371       3       J0_GuPiao_Analysis$Dynamic_Preday10_BeiShu_Rule_9::ZhangDieZhi_SheetCell_Operation (80 bytes)
Event: 115.419 Thread 0x000001d84718e800 nmethod 4371 0x000001d829c87790 code [0x000001d829c87980, 0x000001d829c881d0]
Event: 115.419 Thread 0x000001d84718e800 4372       3       J0_GuPiao_Analysis$Dynamic_Preday15_BeiShu_Rule_10::ZhangDieZhi_SheetCell_Operation (80 bytes)
Event: 115.420 Thread 0x000001d84718e800 nmethod 4372 0x000001d829ab54d0 code [0x000001d829ab56c0, 0x000001d829ab5f10]

GC Heap History (10 events):
Event: 104.716 GC heap before
{Heap before GC invocations=13 (full 1):
 PSYoungGen      total 2198016K, used 2197568K [0x00000006be800000, 0x00000007c0000000, 0x00000007c0000000)
  eden space 2143232K, 100% used [0x00000006be800000,0x0000000741500000,0x0000000741500000)
  from space 54784K, 99% used [0x0000000741500000,0x0000000744a10000,0x0000000744a80000)
  to   space 1047040K, 0% used [0x0000000780180000,0x0000000780180000,0x00000007c0000000)
 ParOldGen       total 2170880K, used 684647K [0x000000063a000000, 0x00000006be800000, 0x00000006be800000)
  object space 2170880K, 31% used [0x000000063a000000,0x0000000663c99ca8,0x00000006be800000)
 Metaspace       used 16881K, capacity 17168K, committed 17280K, reserved 1064960K
  class space    used 1831K, capacity 1918K, committed 1920K, reserved 1048576K
Event: 104.844 GC heap after
Heap after GC invocations=13 (full 1):
 PSYoungGen      total 3174400K, used 54400K [0x00000006be800000, 0x00000007c0000000, 0x00000007c0000000)
  eden space 2127360K, 0% used [0x00000006be800000,0x00000006be800000,0x0000000740580000)
  from space 1047040K, 5% used [0x0000000780180000,0x00000007836a0000,0x00000007c0000000)
  to   space 1044480K, 0% used [0x0000000740580000,0x0000000740580000,0x0000000780180000)
 ParOldGen       total 2170880K, used 739207K [0x000000063a000000, 0x00000006be800000, 0x00000006be800000)
  object space 2170880K, 34% used [0x000000063a000000,0x00000006671e1ca8,0x00000006be800000)
 Metaspace       used 16881K, capacity 17168K, committed 17280K, reserved 1064960K
  class space    used 1831K, capacity 1918K, committed 1920K, reserved 1048576K
}
Event: 106.748 GC heap before
{Heap before GC invocations=14 (full 1):
 PSYoungGen      total 3174400K, used 2181760K [0x00000006be800000, 0x00000007c0000000, 0x00000007c0000000)
  eden space 2127360K, 100% used [0x00000006be800000,0x0000000740580000,0x0000000740580000)
  from space 1047040K, 5% used [0x0000000780180000,0x00000007836a0000,0x00000007c0000000)
  to   space 1044480K, 0% used [0x0000000740580000,0x0000000740580000,0x0000000780180000)
 ParOldGen       total 2170880K, used 739207K [0x000000063a000000, 0x00000006be800000, 0x00000006be800000)
  object space 2170880K, 34% used [0x000000063a000000,0x00000006671e1ca8,0x00000006be800000)
 Metaspace       used 16881K, capacity 17168K, committed 17280K, reserved 1064960K
  class space    used 1831K, capacity 1918K, committed 1920K, reserved 1048576K
Event: 106.878 GC heap after
Heap after GC invocations=14 (full 1):
 PSYoungGen      total 3171840K, used 54016K [0x00000006be800000, 0x00000007c0000000, 0x00000007c0000000)
  eden space 2127360K, 0% used [0x00000006be800000,0x00000006be800000,0x0000000740580000)
  from space 1044480K, 5% used [0x0000000740580000,0x0000000743a40000,0x0000000780180000)
  to   space 1032704K, 0% used [0x0000000780f80000,0x0000000780f80000,0x00000007c0000000)
 ParOldGen       total 2170880K, used 793815K [0x000000063a000000, 0x00000006be800000, 0x00000006be800000)
  object space 2170880K, 36% used [0x000000063a000000,0x000000066a735ca8,0x00000006be800000)
 Metaspace       used 16881K, capacity 17168K, committed 17280K, reserved 1064960K
  class space    used 1831K, capacity 1918K, committed 1920K, reserved 1048576K
}
Event: 108.745 GC heap before
{Heap before GC invocations=15 (full 1):
 PSYoungGen      total 3171840K, used 2181376K [0x00000006be800000, 0x00000007c0000000, 0x00000007c0000000)
  eden space 2127360K, 100% used [0x00000006be800000,0x0000000740580000,0x0000000740580000)
  from space 1044480K, 5% used [0x0000000740580000,0x0000000743a40000,0x0000000780180000)
  to   space 1032704K, 0% used [0x0000000780f80000,0x0000000780f80000,0x00000007c0000000)
 ParOldGen       total 2170880K, used 793815K [0x000000063a000000, 0x00000006be800000, 0x00000006be800000)
  object space 2170880K, 36% used [0x000000063a000000,0x000000066a735ca8,0x00000006be800000)
 Metaspace       used 16882K, capacity 17168K, committed 17280K, reserved 1064960K
  class space    used 1831K, capacity 1918K, committed 1920K, reserved 1048576K
Event: 108.870 GC heap after
Heap after GC invocations=15 (full 1):
 PSYoungGen      total 3205632K, used 54048K [0x00000006be800000, 0x00000007c0000000, 0x00000007c0000000)
  eden space 2172928K, 0% used [0x00000006be800000,0x00000006be800000,0x0000000743200000)
  from space 1032704K, 5% used [0x0000000780f80000,0x0000000784448000,0x00000007c0000000)
  to   space 1013248K, 0% used [0x0000000743200000,0x0000000743200000,0x0000000780f80000)
 ParOldGen       total 2170880K, used 848055K [0x000000063a000000, 0x00000006be800000, 0x00000006be800000)
  object space 2170880K, 39% used [0x000000063a000000,0x000000066dc2dca8,0x00000006be800000)
 Metaspace       used 16882K, capacity 17168K, committed 17280K, reserved 1064960K
  class space    used 1831K, capacity 1918K, committed 1920K, reserved 1048576K
}
Event: 110.669 GC heap before
{Heap before GC invocations=16 (full 1):
 PSYoungGen      total 3205632K, used 2226976K [0x00000006be800000, 0x00000007c0000000, 0x00000007c0000000)
  eden space 2172928K, 100% used [0x00000006be800000,0x0000000743200000,0x0000000743200000)
  from space 1032704K, 5% used [0x0000000780f80000,0x0000000784448000,0x00000007c0000000)
  to   space 1013248K, 0% used [0x0000000743200000,0x0000000743200000,0x0000000780f80000)
 ParOldGen       total 2170880K, used 848055K [0x000000063a000000, 0x00000006be800000, 0x00000006be800000)
  object space 2170880K, 39% used [0x000000063a000000,0x000000066dc2dca8,0x00000006be800000)
 Metaspace       used 16882K, capacity 17168K, committed 17280K, reserved 1064960K
  class space    used 1831K, capacity 1918K, committed 1920K, reserved 1048576K
Event: 111.163 GC heap after
Heap after GC invocations=16 (full 1):
 PSYoungGen      total 3186176K, used 53440K [0x00000006be800000, 0x00000007c0000000, 0x00000007c0000000)
  eden space 2172928K, 0% used [0x00000006be800000,0x00000006be800000,0x0000000743200000)
  from space 1013248K, 5% used [0x0000000743200000,0x0000000746630000,0x0000000780f80000)
  to   space 988160K, 0% used [0x0000000783b00000,0x0000000783b00000,0x00000007c0000000)
 ParOldGen       total 2170880K, used 902295K [0x000000063a000000, 0x00000006be800000, 0x00000006be800000)
  object space 2170880K, 41% used [0x000000063a000000,0x0000000671125ca8,0x00000006be800000)
 Metaspace       used 16882K, capacity 17168K, committed 17280K, reserved 1064960K
  class space    used 1831K, capacity 1918K, committed 1920K, reserved 1048576K
}
Event: 113.028 GC heap before
{Heap before GC invocations=17 (full 1):
 PSYoungGen      total 3186176K, used 2226368K [0x00000006be800000, 0x00000007c0000000, 0x00000007c0000000)
  eden space 2172928K, 100% used [0x00000006be800000,0x0000000743200000,0x0000000743200000)
  from space 1013248K, 5% used [0x0000000743200000,0x0000000746630000,0x0000000780f80000)
  to   space 988160K, 0% used [0x0000000783b00000,0x0000000783b00000,0x00000007c0000000)
 ParOldGen       total 2170880K, used 902295K [0x000000063a000000, 0x00000006be800000, 0x00000006be800000)
  object space 2170880K, 41% used [0x000000063a000000,0x0000000671125ca8,0x00000006be800000)
 Metaspace       used 16882K, capacity 17168K, committed 17280K, reserved 1064960K
  class space    used 1831K, capacity 1918K, committed 1920K, reserved 1048576K
Event: 113.186 GC heap after
Heap after GC invocations=17 (full 1):
 PSYoungGen      total 3260928K, used 55136K [0x00000006be800000, 0x00000007c0000000, 0x00000007c0000000)
  eden space 2272768K, 0% used [0x00000006be800000,0x00000006be800000,0x0000000749380000)
  from space 988160K, 5% used [0x0000000783b00000,0x00000007870d8000,0x00000007c0000000)
  to   space 957952K, 0% used [0x0000000749380000,0x0000000749380000,0x0000000783b00000)
 ParOldGen       total 2170880K, used 955919K [0x000000063a000000, 0x00000006be800000, 0x00000006be800000)
  object space 2170880K, 44% used [0x000000063a000000,0x0000000674583ca8,0x00000006be800000)
 Metaspace       used 16882K, capacity 17168K, committed 17280K, reserved 1064960K
  class space    used 1831K, capacity 1918K, committed 1920K, reserved 1048576K
}

Deoptimization events (10 events):
Event: 114.515 Thread 0x000001d8276d1800 Uncommon trap: reason=unstable_if action=reinterpret pc=0x000001d8297f50d8 method=sun.misc.FloatingDecimal$BinaryToASCIIBuffer.dtoa(IJIZ)V @ 88
Event: 114.515 Thread 0x000001d8276d1800 Uncommon trap: reason=unstable_if action=reinterpret pc=0x000001d8299341e8 method=sun.misc.FloatingDecimal$BinaryToASCIIBuffer.getChars([C)I @ 399
Event: 114.522 Thread 0x000001d8276d1800 Uncommon trap: reason=unstable_if action=reinterpret pc=0x000001d829b4e39c method=java.math.BigDecimal.layoutChars(Z)Ljava/lang/String; @ 235
Event: 114.522 Thread 0x000001d8276d1800 Uncommon trap: reason=unstable_if action=reinterpret pc=0x000001d829b09368 method=java.lang.AbstractStringBuilder.append(J)Ljava/lang/AbstractStringBuilder; @ 20
Event: 114.522 Thread 0x000001d8276d1800 Uncommon trap: reason=unstable_if action=reinterpret pc=0x000001d829b43730 method=java.lang.Long.getChars(JI[C)V @ 9
Event: 114.522 Thread 0x000001d8276d1800 Uncommon trap: reason=unstable_if action=reinterpret pc=0x000001d829180634 method=sun.misc.FloatingDecimal$ASCIIToBinaryBuffer.doubleValue()D @ 536
Event: 114.522 Thread 0x000001d8276d1800 Uncommon trap: reason=unstable_if action=reinterpret pc=0x000001d8297fb588 method=sun.misc.FDBigInteger.valueOfMulPow52(JII)Lsun/misc/FDBigInteger; @ 61
Event: 114.523 Thread 0x000001d8276d1800 Uncommon trap: reason=unstable_if action=reinterpret pc=0x000001d8294be304 method=sun.misc.FDBigInteger.<init>(J[CII)V @ 178
Event: 114.576 Thread 0x000001d8276d1800 Uncommon trap: reason=unstable_if action=reinterpret pc=0x000001d829b84d38 method=java.math.BigDecimal.bigMultiplyPowerTen(Ljava/math/BigInteger;I)Ljava/math/BigInteger; @ 1
Event: 114.607 Thread 0x000001d8276d1800 Uncommon trap: reason=unstable_if action=reinterpret pc=0x000001d8293ce350 method=sun.misc.FDBigInteger.leftShift(I)Lsun/misc/FDBigInteger; @ 30

Classes redefined (0 events):
No events

Internal exceptions (10 events):
Event: 33.151 Thread 0x000001d8276d1800 Implicit null exception at 0x000001d8298f3549 to 0x000001d8298f5d25
Event: 33.164 Thread 0x000001d8276d1800 Implicit null exception at 0x000001d82982078a to 0x000001d829820ae9
Event: 33.482 Thread 0x000001d8276d1800 Exception <a 'java/io/FileNotFoundException'> (0x00000006d18effe8) thrown at [C:\Jenkins\temp\workspace\build\src\hotspot\src\share\vm\prims\jni.cpp, line 711]
Event: 33.612 Thread 0x000001d8276d1800 Exception <a 'java/lang/NoSuchFieldError': method resolution failed> (0x00000006d19bfc50) thrown at [C:\Jenkins\temp\workspace\build\src\hotspot\src\share\vm\prims\methodHandles.cpp, line 1176]
Event: 33.616 Thread 0x000001d8276d1800 Exception <a 'java/lang/NoSuchFieldError': method resolution failed> (0x00000006d19cd310) thrown at [C:\Jenkins\temp\workspace\build\src\hotspot\src\share\vm\prims\methodHandles.cpp, line 1176]
Event: 33.938 Thread 0x000001d8276d1800 Implicit null exception at 0x000001d8293bb134 to 0x000001d8293bb1a9
Event: 33.938 Thread 0x000001d8276d1800 Implicit null exception at 0x000001d8293bd674 to 0x000001d8293bd785
Event: 34.473 Thread 0x000001d8276d1800 Implicit null exception at 0x000001d8293e14f3 to 0x000001d8293e1bb9
Event: 41.060 Thread 0x000001d8276d1800 Implicit null exception at 0x000001d82975b026 to 0x000001d82975c471
Event: 72.222 Thread 0x000001d8276d1800 Implicit null exception at 0x000001d829d43acc to 0x000001d829d4c909

Events (10 events):
Event: 114.847 Thread 0x000001d84718e800 flushing nmethod 0x000001d829c6bad0
Event: 114.847 Thread 0x000001d84718e800 flushing nmethod 0x000001d829c71950
Event: 114.847 Thread 0x000001d84718e800 flushing nmethod 0x000001d829c71f50
Event: 114.847 Thread 0x000001d84718e800 flushing nmethod 0x000001d829c7be90
Event: 114.847 Thread 0x000001d84718e800 flushing nmethod 0x000001d829c87090
Event: 114.847 Thread 0x000001d84718e800 flushing nmethod 0x000001d829c8ccd0
Event: 114.847 Thread 0x000001d84718e800 flushing nmethod 0x000001d829c8f010
Event: 114.847 Thread 0x000001d84718e800 flushing nmethod 0x000001d829ca9910
Event: 114.847 Thread 0x000001d84718e800 flushing nmethod 0x000001d829cc2550
Event: 114.847 Thread 0x000001d84718e800 flushing nmethod 0x000001d829ce9bd0


Dynamic libraries:
0x00007ff6ecff0000 - 0x00007ff6ed02a000 	C:\hostedtoolcache\windows\Java_Temurin-Hotspot_jdk\8.0.332-9\x64\bin\java.exe
0x00007fff9a8f0000 - 0x00007fff9aaf0000 	C:\Windows\SYSTEM32\ntdll.dll
0x00007fff99e90000 - 0x00007fff99f4c000 	C:\Windows\System32\KERNEL32.DLL
0x00007fff980c0000 - 0x00007fff98423000 	C:\Windows\System32\KERNELBASE.dll
0x00007fff9a800000 - 0x00007fff9a8ae000 	C:\Windows\System32\ADVAPI32.dll
0x00007fff9a070000 - 0x00007fff9a113000 	C:\Windows\System32\msvcrt.dll
0x00007fff9a1f0000 - 0x00007fff9a28f000 	C:\Windows\System32\sechost.dll
0x00007fff9a520000 - 0x00007fff9a63e000 	C:\Windows\System32\RPCRT4.dll
0x00007fff9a650000 - 0x00007fff9a7f5000 	C:\Windows\System32\USER32.dll
0x00007fff97fd0000 - 0x00007fff97ff6000 	C:\Windows\System32\win32u.dll
0x00007fff9a4f0000 - 0x00007fff9a51b000 	C:\Windows\System32\GDI32.dll
0x00007fff986b0000 - 0x00007fff987c1000 	C:\Windows\System32\gdi32full.dll
0x00007fff98590000 - 0x00007fff98630000 	C:\Windows\System32\msvcp_win.dll
0x00007fff97ec0000 - 0x00007fff97fd0000 	C:\Windows\System32\ucrtbase.dll
0x00007fff7db90000 - 0x00007fff7de35000 	C:\Windows\WinSxS\amd64_microsoft.windows.common-controls_6595b64144ccf1df_6.0.20348.1_none_88d3d41d702dedea\COMCTL32.dll
0x00007fff98840000 - 0x00007fff98871000 	C:\Windows\System32\IMM32.DLL
0x00007fff6def0000 - 0x00007fff6dfdf000 	C:\hostedtoolcache\windows\Java_Temurin-Hotspot_jdk\8.0.332-9\x64\jre\bin\msvcr120.dll
0x00007fff6c330000 - 0x00007fff6c3d6000 	C:\hostedtoolcache\windows\Java_Temurin-Hotspot_jdk\8.0.332-9\x64\jre\bin\msvcp120.dll
0x0000000052bf0000 - 0x0000000053461000 	C:\hostedtoolcache\windows\Java_Temurin-Hotspot_jdk\8.0.332-9\x64\jre\bin\server\jvm.dll
0x00007fff9a640000 - 0x00007fff9a648000 	C:\Windows\System32\PSAPI.DLL
0x00007fff8cb00000 - 0x00007fff8cb09000 	C:\Windows\SYSTEM32\WSOCK32.dll
0x00007fff8e420000 - 0x00007fff8e447000 	C:\Windows\SYSTEM32\WINMM.dll
0x00007fff992c0000 - 0x00007fff99331000 	C:\Windows\System32\WS2_32.dll
0x00007fff8db50000 - 0x00007fff8db5a000 	C:\Windows\SYSTEM32\VERSION.dll
0x00007fff6dee0000 - 0x00007fff6deef000 	C:\hostedtoolcache\windows\Java_Temurin-Hotspot_jdk\8.0.332-9\x64\jre\bin\verify.dll
0x00007fff6deb0000 - 0x00007fff6ded9000 	C:\hostedtoolcache\windows\Java_Temurin-Hotspot_jdk\8.0.332-9\x64\jre\bin\java.dll
0x00007fff6de90000 - 0x00007fff6dea6000 	C:\hostedtoolcache\windows\Java_Temurin-Hotspot_jdk\8.0.332-9\x64\jre\bin\zip.dll
0x00007fff98b60000 - 0x00007fff992bb000 	C:\Windows\System32\SHELL32.dll
0x00007fff8db60000 - 0x00007fff8e3a8000 	C:\Windows\SYSTEM32\windows.storage.dll
0x00007fff99340000 - 0x00007fff996b0000 	C:\Windows\System32\combase.dll
0x00007fff9a3f0000 - 0x00007fff9a4da000 	C:\Windows\System32\SHCORE.dll
0x00007fff9a120000 - 0x00007fff9a17f000 	C:\Windows\System32\shlwapi.dll
0x00007fff97df0000 - 0x00007fff97e11000 	C:\Windows\SYSTEM32\profapi.dll
0x00007fff63f20000 - 0x00007fff640b5000 	C:\hostedtoolcache\windows\Java_Temurin-Hotspot_jdk\8.0.332-9\x64\jre\bin\awt.dll
0x00007fff99db0000 - 0x00007fff99e87000 	C:\Windows\System32\OLEAUT32.dll
0x00007fff93e50000 - 0x00007fff93ee1000 	C:\Windows\SYSTEM32\apphelp.dll
0x00007fff6c290000 - 0x00007fff6c323000 	C:\hostedtoolcache\windows\Java_Temurin-Hotspot_jdk\8.0.332-9\x64\jre\bin\freetype.dll
0x00007fff64760000 - 0x00007fff6481d000 	C:\hostedtoolcache\windows\Java_Temurin-Hotspot_jdk\8.0.332-9\x64\jre\bin\fontmanager.dll
0x00007fff8e3d0000 - 0x00007fff8e3ea000 	C:\hostedtoolcache\windows\Java_Temurin-Hotspot_jdk\8.0.332-9\x64\jre\bin\net.dll
0x00007fff973b0000 - 0x00007fff97418000 	C:\Windows\system32\mswsock.dll
0x00007fff6de70000 - 0x00007fff6de82000 	C:\hostedtoolcache\windows\Java_Temurin-Hotspot_jdk\8.0.332-9\x64\jre\bin\nio.dll

VM Arguments:
jvm_args: -Dfile.encoding=UTF-8 -Xmx6240m -Xms5240m -Xmn4120m 
java_command: J0_GuPiao_Analysis D:\a\ActionDemo\ActionDemo _1 yyyymmdd_20220520
java_class_path (initial): .;C:\Users\runneradmin\Desktop\zbin\J0_guava.jar;C:\Users\runneradmin\Desktop\zbin\J0_fastjson.jar;C:\Users\runneradmin\Desktop\zbin\J0_pinyin4j.jar;C:\Users\runneradmin\Desktop\zbin\J0_dom4j-1.6.1.jar;C:\Users\runneradmin\Desktop\zbin\J0_ojdbc6-11.jar;C:\Users\runneradmin\Desktop\zbin\J0_poi-3.9.jar;C:\Users\runneradmin\Desktop\zbin\J0_poi-ooxml-3.9.jar;C:\Users\runneradmin\Desktop\zbin\J0_poi-ooxml-schemas-3.9.jar;C:\Users\runneradmin\Desktop\zbin\J0_xercesImpl.jar;C:\Users\runneradmin\Desktop\zbin\J0_xmlbeans-2.3.0.jar;C:\Users\runneradmin\Desktop\zbin\
Launcher Type: SUN_STANDARD

Environment Variables:
JAVA_HOME=C:\hostedtoolcache\windows\Java_Temurin-Hotspot_jdk\8.0.332-9\x64
USERNAME=runneradmin
OS=Windows_NT
PROCESSOR_IDENTIFIER=Intel64 Family 6 Model 63 Stepping 2, GenuineIntel



---------------  S Y S T E M  ---------------

OS: Windows 10.0 , 64 bit Build 20348 (10.0.20348.707)

CPU:total 2 (initial active 2) (2 cores per cpu, 1 threads per core) family 6 model 63 stepping 2, cmov, cx8, fxsr, mmx, sse, sse2, sse3, ssse3, sse4.1, sse4.2, popcnt, avx, avx2, aes, clmul, erms, lzcnt, tsc, bmi1, bmi2

Memory: 4k page, physical 7339572k(250220k free), swap 9174320k(169060k free)

vm_info: OpenJDK 64-Bit Server VM (25.332-b09) for windows-amd64 JRE (1.8.0_332-b09), built on Apr 23 2022 01:25:28 by "jenkins" with MS VC++ 12.0 (VS2013)

time: Sat May 21 17:51:48 2022
timezone: Coordinated Universal Time
elapsed time: 126.139291 seconds (0d 0h 2m 6s)

