#
# There is insufficient memory for the Java Runtime Environment to continue.
# Native memory allocation (malloc) failed to allocate 131088 bytes for Chunk::new
# Possible reasons:
#   The system is out of physical RAM or swap space
#   The process is running with CompressedOops enabled, and the Java Heap may be blocking the growth of the native heap
# Possible solutions:
#   Reduce memory load on the system
#   Increase physical memory or swap space
#   Check if swap backing store is full
#   Decrease Java heap size (-Xmx/-Xms)
#   Decrease number of Java threads
#   Decrease Java thread stack sizes (-Xss)
#   Set larger code cache with -XX:ReservedCodeCacheSize=
#   JVM is running with Zero Based Compressed Oops mode in which the Java heap is
#     placed in the first 32GB address space. The Java Heap base address is the
#     maximum limit for the native heap growth. Please use -XX:HeapBaseMinAddress
#     to set the Java Heap base and to place the Java Heap above 32GB virtual address.
# This output file may be truncated or incomplete.
#
#  Out of Memory Error (allocation.cpp:389), pid=6780, tid=0x0000000000000c78
#
# JRE version: OpenJDK Runtime Environment (8.0_332-b09) (build 1.8.0_332-b09)
# Java VM: OpenJDK 64-Bit Server VM (25.332-b09 mixed mode windows-amd64 compressed oops)
# Failed to write core dump. 
#

---------------  T H R E A D  ---------------

Current thread (0x0000020bfe884000):  JavaThread "C2 CompilerThread0" daemon [_thread_in_native, id=3192, stack(0x000000373f500000,0x000000373f600000)]

Stack: [0x000000373f500000,0x000000373f600000]
[error occurred during error reporting (printing stack bounds), id 0xc0000005]

Native frames: (J=compiled Java code, j=interpreted, Vv=VM code, C=native code)


Current CompileTask:
C2: 162232 4701 %     4       org.apache.xmlbeans.impl.store.Saver::<init> @ 278 (360 bytes)


---------------  P R O C E S S  ---------------

Java Threads: ( => current thread )
  0x0000020bff764000 JavaThread "Java2D Disposer" daemon [_thread_blocked, id=5608, stack(0x000000373f900000,0x000000373fa00000)]
  0x0000020bfe90e800 JavaThread "Service Thread" daemon [_thread_blocked, id=6908, stack(0x000000373f700000,0x000000373f800000)]
  0x0000020bfe87e800 JavaThread "C1 CompilerThread1" daemon [_thread_blocked, id=5352, stack(0x000000373f600000,0x000000373f700000)]
=>0x0000020bfe884000 JavaThread "C2 CompilerThread0" daemon [_thread_in_native, id=3192, stack(0x000000373f500000,0x000000373f600000)]
  0x0000020bfe871000 JavaThread "Attach Listener" daemon [_thread_blocked, id=6456, stack(0x000000373f400000,0x000000373f500000)]
  0x0000020bfe870000 JavaThread "Signal Dispatcher" daemon [_thread_blocked, id=1316, stack(0x000000373f300000,0x000000373f400000)]
  0x0000020bfe35a000 JavaThread "Finalizer" daemon [_thread_blocked, id=5376, stack(0x000000373f200000,0x000000373f300000)]
  0x0000020bfe824000 JavaThread "Reference Handler" daemon [_thread_blocked, id=5356, stack(0x000000373f100000,0x000000373f200000)]
  0x0000020bfa0f2800 JavaThread "main" [_thread_in_Java, id=720, stack(0x000000373ed00000,0x000000373ee00000)]

Other Threads:
  0x0000020bfe801800 VMThread [stack: 0x000000373f000000,0x000000373f100000] [id=5716]
  0x0000020bfe912800 WatcherThread [stack: 0x000000373f800000,0x000000373f900000] [id=6232]

VM state:not at safepoint (normal execution)

VM Mutex/Monitor currently owned by a thread: None

heap address: 0x000000063a000000, size: 6240 MB, Compressed Oops mode: Zero based, Oop shift amount: 3
Narrow klass base: 0x0000000000000000, Narrow klass shift: 3
Compressed class space size: 1073741824 Address: 0x00000007c0000000

Heap:
 PSYoungGen      total 3764224K, used 1318006K [0x00000006be800000, 0x00000007c0000000, 0x00000007c0000000)
  eden space 3280384K, 37% used [0x00000006be800000,0x000000070a945b78,0x0000000786b80000)
  from space 483840K, 14% used [0x00000007a2780000,0x00000007a6d58000,0x00000007c0000000)
  to   space 454656K, 0% used [0x0000000786b80000,0x0000000786b80000,0x00000007a2780000)
 ParOldGen       total 2170880K, used 1820777K [0x000000063a000000, 0x00000006be800000, 0x00000006be800000)
  object space 2170880K, 83% used [0x000000063a000000,0x00000006a921a5e0,0x00000006be800000)
 Metaspace       used 16978K, capacity 17248K, committed 17536K, reserved 1064960K
  class space    used 1836K, capacity 1920K, committed 1920K, reserved 1048576K

Card table byte_map: [0x0000020bfbd40000,0x0000020bfc980000] byte_map_base: 0x0000020bf8b70000

Marking Bits: (ParMarkBitMap*) 0x00000000758f2850
 Begin Bits: [0x0000020b8f000000, 0x0000020b95180000)
 End Bits:   [0x0000020b95180000, 0x0000020b9b300000)

Polling page: 0x0000020bfa090000

CodeCache: size=245760Kb used=16149Kb max_used=16163Kb free=229610Kb
 bounds [0x0000020b80000000, 0x0000020b81000000, 0x0000020b8f000000]
 total_blobs=3535 nmethods=3110 adapters=337
 compilation: enabled

Compilation events (10 events):
Event: 162.190 Thread 0x0000020bfe884000 4698       4       org.apache.xmlbeans.impl.store.Saver$FragSaveCur::getName (73 bytes)
Event: 162.190 Thread 0x0000020bfe87e800 nmethod 4696 0x0000020b806a8e90 code [0x0000020b806a9000, 0x0000020b806a9270]
Event: 162.190 Thread 0x0000020bfe87e800 4697       3       org.apache.xmlbeans.impl.store.Saver$FragSaveCur::getAttrValue (40 bytes)
Event: 162.190 Thread 0x0000020bfe87e800 nmethod 4697 0x0000020b801b1c50 code [0x0000020b801b1dc0, 0x0000020b801b1ff0]
Event: 162.191 Thread 0x0000020bfe87e800 4700       3       org.apache.xmlbeans.impl.store.Cur::getValueAsString (50 bytes)
Event: 162.191 Thread 0x0000020bfe884000 nmethod 4698 0x0000020b803475d0 code [0x0000020b80347700, 0x0000020b803477b8]
Event: 162.191 Thread 0x0000020bfe884000 4699       4       org.apache.xmlbeans.impl.store.Saver$FragSaveCur::toFirstAttr (91 bytes)
Event: 162.191 Thread 0x0000020bfe87e800 nmethod 4700 0x0000020b80957750 code [0x0000020b809578c0, 0x0000020b80957bf0]
Event: 162.194 Thread 0x0000020bfe884000 nmethod 4699 0x0000020b80dca350 code [0x0000020b80dca4a0, 0x0000020b80dca728]
Event: 162.194 Thread 0x0000020bfe884000 4701 %     4       org.apache.xmlbeans.impl.store.Saver::<init> @ 278 (360 bytes)

GC Heap History (10 events):
Event: 132.421 GC heap before
{Heap before GC invocations=27 (full 1):
 PSYoungGen      total 3529728K, used 2936032K [0x00000006be800000, 0x00000007c0000000, 0x00000007c0000000)
  eden space 2877952K, 100% used [0x00000006be800000,0x000000076e280000,0x000000076e280000)
  from space 651776K, 8% used [0x000000076e280000,0x0000000771b38000,0x0000000795f00000)
  to   space 616448K, 0% used [0x000000079a600000,0x000000079a600000,0x00000007c0000000)
 ParOldGen       total 2170880K, used 1486721K [0x000000063a000000, 0x00000006be800000, 0x00000006be800000)
  object space 2170880K, 68% used [0x000000063a000000,0x0000000694be05e0,0x00000006be800000)
 Metaspace       used 16911K, capacity 17184K, committed 17280K, reserved 1064960K
  class space    used 1832K, capacity 1920K, committed 1920K, reserved 1048576K
Event: 132.610 GC heap after
Heap after GC invocations=27 (full 1):
 PSYoungGen      total 3637248K, used 65728K [0x00000006be800000, 0x00000007c0000000, 0x00000007c0000000)
  eden space 3020800K, 0% used [0x00000006be800000,0x00000006be800000,0x0000000776e00000)
  from space 616448K, 10% used [0x000000079a600000,0x000000079e630000,0x00000007c0000000)
  to   space 581632K, 0% used [0x0000000776e00000,0x0000000776e00000,0x000000079a600000)
 ParOldGen       total 2170880K, used 1544969K [0x000000063a000000, 0x00000006be800000, 0x00000006be800000)
  object space 2170880K, 71% used [0x000000063a000000,0x00000006984c25e0,0x00000006be800000)
 Metaspace       used 16911K, capacity 17184K, committed 17280K, reserved 1064960K
  class space    used 1832K, capacity 1920K, committed 1920K, reserved 1048576K
}
Event: 135.949 GC heap before
{Heap before GC invocations=28 (full 1):
 PSYoungGen      total 3637248K, used 3086528K [0x00000006be800000, 0x00000007c0000000, 0x00000007c0000000)
  eden space 3020800K, 100% used [0x00000006be800000,0x0000000776e00000,0x0000000776e00000)
  from space 616448K, 10% used [0x000000079a600000,0x000000079e630000,0x00000007c0000000)
  to   space 581632K, 0% used [0x0000000776e00000,0x0000000776e00000,0x000000079a600000)
 ParOldGen       total 2170880K, used 1544969K [0x000000063a000000, 0x00000006be800000, 0x00000006be800000)
  object space 2170880K, 71% used [0x000000063a000000,0x00000006984c25e0,0x00000006be800000)
 Metaspace       used 16911K, capacity 17184K, committed 17280K, reserved 1064960K
  class space    used 1832K, capacity 1920K, committed 1920K, reserved 1048576K
Event: 137.324 GC heap after
Heap after GC invocations=28 (full 1):
 PSYoungGen      total 3602432K, used 69024K [0x00000006be800000, 0x00000007c0000000, 0x00000007c0000000)
  eden space 3020800K, 0% used [0x00000006be800000,0x00000006be800000,0x0000000776e00000)
  from space 581632K, 11% used [0x0000000776e00000,0x000000077b168000,0x000000079a600000)
  to   space 547328K, 0% used [0x000000079e980000,0x000000079e980000,0x00000007c0000000)
 ParOldGen       total 2170880K, used 1610969K [0x000000063a000000, 0x00000006be800000, 0x00000006be800000)
  object space 2170880K, 74% used [0x000000063a000000,0x000000069c5365e0,0x00000006be800000)
 Metaspace       used 16911K, capacity 17184K, committed 17280K, reserved 1064960K
  class space    used 1832K, capacity 1920K, committed 1920K, reserved 1048576K
}
Event: 139.358 GC heap before
{Heap before GC invocations=29 (full 1):
 PSYoungGen      total 3602432K, used 3089824K [0x00000006be800000, 0x00000007c0000000, 0x00000007c0000000)
  eden space 3020800K, 100% used [0x00000006be800000,0x0000000776e00000,0x0000000776e00000)
  from space 581632K, 11% used [0x0000000776e00000,0x000000077b168000,0x000000079a600000)
  to   space 547328K, 0% used [0x000000079e980000,0x000000079e980000,0x00000007c0000000)
 ParOldGen       total 2170880K, used 1610969K [0x000000063a000000, 0x00000006be800000, 0x00000006be800000)
  object space 2170880K, 74% used [0x000000063a000000,0x000000069c5365e0,0x00000006be800000)
 Metaspace       used 16911K, capacity 17184K, committed 17280K, reserved 1064960K
  class space    used 1832K, capacity 1920K, committed 1920K, reserved 1048576K
Event: 140.976 GC heap after
Heap after GC invocations=29 (full 1):
 PSYoungGen      total 3703808K, used 69024K [0x00000006be800000, 0x00000007c0000000, 0x00000007c0000000)
  eden space 3156480K, 0% used [0x00000006be800000,0x00000006be800000,0x000000077f280000)
  from space 547328K, 12% used [0x000000079e980000,0x00000007a2ce8000,0x00000007c0000000)
  to   space 515072K, 0% used [0x000000077f280000,0x000000077f280000,0x000000079e980000)
 ParOldGen       total 2170880K, used 1680241K [0x000000063a000000, 0x00000006be800000, 0x00000006be800000)
  object space 2170880K, 77% used [0x000000063a000000,0x00000006a08dc5e0,0x00000006be800000)
 Metaspace       used 16911K, capacity 17184K, committed 17280K, reserved 1064960K
  class space    used 1832K, capacity 1920K, committed 1920K, reserved 1048576K
}
Event: 144.144 GC heap before
{Heap before GC invocations=30 (full 1):
 PSYoungGen      total 3703808K, used 3225504K [0x00000006be800000, 0x00000007c0000000, 0x00000007c0000000)
  eden space 3156480K, 100% used [0x00000006be800000,0x000000077f280000,0x000000077f280000)
  from space 547328K, 12% used [0x000000079e980000,0x00000007a2ce8000,0x00000007c0000000)
  to   space 515072K, 0% used [0x000000077f280000,0x000000077f280000,0x000000079e980000)
 ParOldGen       total 2170880K, used 1680241K [0x000000063a000000, 0x00000006be800000, 0x00000006be800000)
  object space 2170880K, 77% used [0x000000063a000000,0x00000006a08dc5e0,0x00000006be800000)
 Metaspace       used 16911K, capacity 17184K, committed 17280K, reserved 1064960K
  class space    used 1832K, capacity 1920K, committed 1920K, reserved 1048576K
Event: 145.195 GC heap after
Heap after GC invocations=30 (full 1):
 PSYoungGen      total 3671552K, used 70976K [0x00000006be800000, 0x00000007c0000000, 0x00000007c0000000)
  eden space 3156480K, 0% used [0x00000006be800000,0x00000006be800000,0x000000077f280000)
  from space 515072K, 13% used [0x000000077f280000,0x00000007837d0000,0x000000079e980000)
  to   space 483840K, 0% used [0x00000007a2780000,0x00000007a2780000,0x00000007c0000000)
 ParOldGen       total 2170880K, used 1749521K [0x000000063a000000, 0x00000006be800000, 0x00000006be800000)
  object space 2170880K, 80% used [0x000000063a000000,0x00000006a4c845e0,0x00000006be800000)
 Metaspace       used 16911K, capacity 17184K, committed 17280K, reserved 1064960K
  class space    used 1832K, capacity 1920K, committed 1920K, reserved 1048576K
}
Event: 147.854 GC heap before
{Heap before GC invocations=31 (full 1):
 PSYoungGen      total 3671552K, used 3227456K [0x00000006be800000, 0x00000007c0000000, 0x00000007c0000000)
  eden space 3156480K, 100% used [0x00000006be800000,0x000000077f280000,0x000000077f280000)
  from space 515072K, 13% used [0x000000077f280000,0x00000007837d0000,0x000000079e980000)
  to   space 483840K, 0% used [0x00000007a2780000,0x00000007a2780000,0x00000007c0000000)
 ParOldGen       total 2170880K, used 1749521K [0x000000063a000000, 0x00000006be800000, 0x00000006be800000)
  object space 2170880K, 80% used [0x000000063a000000,0x00000006a4c845e0,0x00000006be800000)
 Metaspace       used 16911K, capacity 17184K, committed 17280K, reserved 1064960K
  class space    used 1832K, capacity 1920K, committed 1920K, reserved 1048576K
Event: 151.069 GC heap after
Heap after GC invocations=31 (full 1):
 PSYoungGen      total 3764224K, used 71520K [0x00000006be800000, 0x00000007c0000000, 0x00000007c0000000)
  eden space 3280384K, 0% used [0x00000006be800000,0x00000006be800000,0x0000000786b80000)
  from space 483840K, 14% used [0x00000007a2780000,0x00000007a6d58000,0x00000007c0000000)
  to   space 454656K, 0% used [0x0000000786b80000,0x0000000786b80000,0x00000007a2780000)
 ParOldGen       total 2170880K, used 1820777K [0x000000063a000000, 0x00000006be800000, 0x00000006be800000)
  object space 2170880K, 83% used [0x000000063a000000,0x00000006a921a5e0,0x00000006be800000)
 Metaspace       used 16911K, capacity 17184K, committed 17280K, reserved 1064960K
  class space    used 1832K, capacity 1920K, committed 1920K, reserved 1048576K
}

Deoptimization events (10 events):
Event: 156.285 Thread 0x0000020bfa0f2800 Uncommon trap: reason=speculate_class_check action=maybe_recompile pc=0x0000020b80c0ce34 method=org.apache.xmlbeans.impl.store.Saver$SaveCur.isNormalAttr()Z @ 1
Event: 156.285 Thread 0x0000020bfa0f2800 Uncommon trap: reason=speculate_class_check action=maybe_recompile pc=0x0000020b80c0ce34 method=org.apache.xmlbeans.impl.store.Saver$SaveCur.isNormalAttr()Z @ 1
Event: 156.285 Thread 0x0000020bfa0f2800 Uncommon trap: reason=speculate_class_check action=maybe_recompile pc=0x0000020b80c0ce34 method=org.apache.xmlbeans.impl.store.Saver$SaveCur.isNormalAttr()Z @ 1
Event: 156.368 Thread 0x0000020bfa0f2800 Uncommon trap: reason=unstable_if action=reinterpret pc=0x0000020b808dc95c method=org.apache.xmlbeans.impl.store.Cur.isUserNode()Z @ 28
Event: 156.368 Thread 0x0000020bfa0f2800 Uncommon trap: reason=unstable_if action=reinterpret pc=0x0000020b8034fd24 method=org.apache.xmlbeans.impl.values.XmlObjectBase.set(Lorg/apache/xmlbeans/XmlObject;)Lorg/apache/xmlbeans/XmlObject; @ 64
Event: 156.368 Thread 0x0000020bfa0f2800 Uncommon trap: reason=class_check action=maybe_recompile pc=0x0000020b803574ac method=org.apache.xmlbeans.impl.store.Xobj.copy_contents_from(Lorg/apache/xmlbeans/impl/values/TypeStore;)Lorg/apache/xmlbeans/impl/values/TypeStoreUser; @ 1
Event: 156.369 Thread 0x0000020bfa0f2800 Uncommon trap: reason=class_check action=maybe_recompile pc=0x0000020b803574ac method=org.apache.xmlbeans.impl.store.Xobj.copy_contents_from(Lorg/apache/xmlbeans/impl/values/TypeStore;)Lorg/apache/xmlbeans/impl/values/TypeStoreUser; @ 1
Event: 156.369 Thread 0x0000020bfa0f2800 Uncommon trap: reason=class_check action=maybe_recompile pc=0x0000020b803574ac method=org.apache.xmlbeans.impl.store.Xobj.copy_contents_from(Lorg/apache/xmlbeans/impl/values/TypeStore;)Lorg/apache/xmlbeans/impl/values/TypeStoreUser; @ 1
Event: 156.369 Thread 0x0000020bfa0f2800 Uncommon trap: reason=class_check action=maybe_recompile pc=0x0000020b803574ac method=org.apache.xmlbeans.impl.store.Xobj.copy_contents_from(Lorg/apache/xmlbeans/impl/values/TypeStore;)Lorg/apache/xmlbeans/impl/values/TypeStoreUser; @ 1
Event: 156.373 Thread 0x0000020bfa0f2800 Uncommon trap: reason=unstable_if action=reinterpret pc=0x0000020b808cca5c method=org.apache.xmlbeans.impl.store.Cur.isUserNode()Z @ 28

Classes redefined (0 events):
No events

Internal exceptions (10 events):
Event: 34.857 Thread 0x0000020bfa0f2800 Exception <a 'java/io/FileNotFoundException'> (0x0000000700e68be0) thrown at [C:\Jenkins\temp\workspace\build\src\hotspot\src\share\vm\prims\jni.cpp, line 711]
Event: 35.106 Thread 0x0000020bfa0f2800 Exception <a 'java/lang/NoSuchFieldError': method resolution failed> (0x0000000700f38848) thrown at [C:\Jenkins\temp\workspace\build\src\hotspot\src\share\vm\prims\methodHandles.cpp, line 1176]
Event: 35.111 Thread 0x0000020bfa0f2800 Exception <a 'java/lang/NoSuchFieldError': method resolution failed> (0x0000000700f45f08) thrown at [C:\Jenkins\temp\workspace\build\src\hotspot\src\share\vm\prims\methodHandles.cpp, line 1176]
Event: 35.634 Thread 0x0000020bfa0f2800 Implicit null exception at 0x0000020b80406834 to 0x0000020b804068a9
Event: 35.634 Thread 0x0000020bfa0f2800 Implicit null exception at 0x0000020b8040a9b4 to 0x0000020b8040aac5
Event: 36.066 Thread 0x0000020bfa0f2800 Implicit null exception at 0x0000020b8049905e to 0x0000020b80499525
Event: 36.067 Thread 0x0000020bfa0f2800 Implicit null exception at 0x0000020b8044a073 to 0x0000020b8044a739
Event: 45.072 Thread 0x0000020bfa0f2800 Implicit null exception at 0x0000020b8028ad66 to 0x0000020b8028c1a9
Event: 45.074 Thread 0x0000020bfa0f2800 Implicit null exception at 0x0000020b80958edd to 0x0000020b80959145
Event: 58.810 Thread 0x0000020bfa0f2800 Implicit null exception at 0x0000020b80deae18 to 0x0000020b80df3bc9

Events (10 events):
Event: 156.715 Thread 0x0000020bfa0f2800 DEOPT PACKING pc=0x0000020b8033e954 sp=0x000000373edff0a0
Event: 156.715 Thread 0x0000020bfa0f2800 DEOPT UNPACKING pc=0x0000020b800475d8 sp=0x000000373edfee10 mode 0
Event: 156.747 Thread 0x0000020bfa0f2800 DEOPT PACKING pc=0x0000020b8033e954 sp=0x000000373edff0a0
Event: 156.747 Thread 0x0000020bfa0f2800 DEOPT UNPACKING pc=0x0000020b800475d8 sp=0x000000373edfee10 mode 0
Event: 156.782 Thread 0x0000020bfa0f2800 DEOPT PACKING pc=0x0000020b8033e954 sp=0x000000373edff0a0
Event: 156.782 Thread 0x0000020bfa0f2800 DEOPT UNPACKING pc=0x0000020b800475d8 sp=0x000000373edfee10 mode 0
Event: 156.958 Thread 0x0000020bfa0f2800 DEOPT PACKING pc=0x0000020b80d4b1c6 sp=0x000000373edff180
Event: 156.958 Thread 0x0000020bfa0f2800 DEOPT UNPACKING pc=0x0000020b800475d8 sp=0x000000373edfef40 mode 0
Event: 157.027 Thread 0x0000020bfa0f2800 DEOPT PACKING pc=0x0000020b80d4b1c6 sp=0x000000373edff180
Event: 157.027 Thread 0x0000020bfa0f2800 DEOPT UNPACKING pc=0x0000020b800475d8 sp=0x000000373edfef40 mode 0


Dynamic libraries:
0x00007ff6580d0000 - 0x00007ff65810a000 	C:\hostedtoolcache\windows\Java_Temurin-Hotspot_jdk\8.0.332-9\x64\bin\java.exe
0x00007ff924950000 - 0x00007ff924b50000 	C:\Windows\SYSTEM32\ntdll.dll
0x00007ff923390000 - 0x00007ff92344c000 	C:\Windows\System32\KERNEL32.DLL
0x00007ff922530000 - 0x00007ff922893000 	C:\Windows\System32\KERNELBASE.dll
0x00007ff923790000 - 0x00007ff92383e000 	C:\Windows\System32\ADVAPI32.dll
0x00007ff923840000 - 0x00007ff9238e3000 	C:\Windows\System32\msvcrt.dll
0x00007ff9234e0000 - 0x00007ff92357f000 	C:\Windows\System32\sechost.dll
0x00007ff923d70000 - 0x00007ff923e8e000 	C:\Windows\System32\RPCRT4.dll
0x00007ff923e90000 - 0x00007ff924035000 	C:\Windows\System32\USER32.dll
0x00007ff9221c0000 - 0x00007ff9221e6000 	C:\Windows\System32\win32u.dll
0x00007ff9228e0000 - 0x00007ff92290b000 	C:\Windows\System32\GDI32.dll
0x00007ff921f20000 - 0x00007ff922031000 	C:\Windows\System32\gdi32full.dll
0x00007ff9221f0000 - 0x00007ff922290000 	C:\Windows\System32\msvcp_win.dll
0x00007ff922040000 - 0x00007ff922150000 	C:\Windows\System32\ucrtbase.dll
0x00007ff907ba0000 - 0x00007ff907e45000 	C:\Windows\WinSxS\amd64_microsoft.windows.common-controls_6595b64144ccf1df_6.0.20348.1_none_88d3d41d702dedea\COMCTL32.dll
0x00007ff923580000 - 0x00007ff9235b1000 	C:\Windows\System32\IMM32.DLL
0x00007ff906c20000 - 0x00007ff906d0f000 	C:\hostedtoolcache\windows\Java_Temurin-Hotspot_jdk\8.0.332-9\x64\jre\bin\msvcr120.dll
0x00007ff904610000 - 0x00007ff9046b6000 	C:\hostedtoolcache\windows\Java_Temurin-Hotspot_jdk\8.0.332-9\x64\jre\bin\msvcp120.dll
0x0000000075100000 - 0x0000000075971000 	C:\hostedtoolcache\windows\Java_Temurin-Hotspot_jdk\8.0.332-9\x64\jre\bin\server\jvm.dll
0x00007ff922b60000 - 0x00007ff922b68000 	C:\Windows\System32\PSAPI.DLL
0x00007ff916910000 - 0x00007ff916919000 	C:\Windows\SYSTEM32\WSOCK32.dll
0x00007ff918000000 - 0x00007ff918027000 	C:\Windows\SYSTEM32\WINMM.dll
0x00007ff923460000 - 0x00007ff9234d1000 	C:\Windows\System32\WS2_32.dll
0x00007ff917e40000 - 0x00007ff917e4a000 	C:\Windows\SYSTEM32\VERSION.dll
0x00007ff920090000 - 0x00007ff92009f000 	C:\hostedtoolcache\windows\Java_Temurin-Hotspot_jdk\8.0.332-9\x64\jre\bin\verify.dll
0x00007ff91cbd0000 - 0x00007ff91cbf9000 	C:\hostedtoolcache\windows\Java_Temurin-Hotspot_jdk\8.0.332-9\x64\jre\bin\java.dll
0x00007ff91c150000 - 0x00007ff91c166000 	C:\hostedtoolcache\windows\Java_Temurin-Hotspot_jdk\8.0.332-9\x64\jre\bin\zip.dll
0x00007ff9241b0000 - 0x00007ff92490b000 	C:\Windows\System32\SHELL32.dll
0x00007ff914e90000 - 0x00007ff9156d8000 	C:\Windows\SYSTEM32\windows.storage.dll
0x00007ff922db0000 - 0x00007ff923120000 	C:\Windows\System32\combase.dll
0x00007ff923120000 - 0x00007ff92320a000 	C:\Windows\System32\SHCORE.dll
0x00007ff922b00000 - 0x00007ff922b5f000 	C:\Windows\System32\shlwapi.dll
0x00007ff921e50000 - 0x00007ff921e71000 	C:\Windows\SYSTEM32\profapi.dll
0x00007ff8fca60000 - 0x00007ff8fcbf5000 	C:\hostedtoolcache\windows\Java_Temurin-Hotspot_jdk\8.0.332-9\x64\jre\bin\awt.dll
0x00007ff9240d0000 - 0x00007ff9241a7000 	C:\Windows\System32\OLEAUT32.dll
0x00007ff91dcc0000 - 0x00007ff91dd51000 	C:\Windows\SYSTEM32\apphelp.dll
0x00007ff904570000 - 0x00007ff904603000 	C:\hostedtoolcache\windows\Java_Temurin-Hotspot_jdk\8.0.332-9\x64\jre\bin\freetype.dll
0x00007ff902aa0000 - 0x00007ff902b5d000 	C:\hostedtoolcache\windows\Java_Temurin-Hotspot_jdk\8.0.332-9\x64\jre\bin\fontmanager.dll
0x00007ff914a80000 - 0x00007ff914a9a000 	C:\hostedtoolcache\windows\Java_Temurin-Hotspot_jdk\8.0.332-9\x64\jre\bin\net.dll
0x00007ff921410000 - 0x00007ff921478000 	C:\Windows\system32\mswsock.dll
0x00007ff9073b0000 - 0x00007ff9073c2000 	C:\hostedtoolcache\windows\Java_Temurin-Hotspot_jdk\8.0.332-9\x64\jre\bin\nio.dll

VM Arguments:
jvm_args: -Dfile.encoding=UTF-8 -Xmx6240m -Xms5240m -Xmn4120m 
java_command: J0_GuPiao_Analysis D:\a\ActionDemo\ActionDemo _1 yyyymmdd_20220602
java_class_path (initial): .;C:\Users\runneradmin\Desktop\zbin\J0_guava.jar;C:\Users\runneradmin\Desktop\zbin\J0_fastjson.jar;C:\Users\runneradmin\Desktop\zbin\J0_pinyin4j.jar;C:\Users\runneradmin\Desktop\zbin\J0_dom4j-1.6.1.jar;C:\Users\runneradmin\Desktop\zbin\J0_ojdbc6-11.jar;C:\Users\runneradmin\Desktop\zbin\J0_poi-3.9.jar;C:\Users\runneradmin\Desktop\zbin\J0_poi-ooxml-3.9.jar;C:\Users\runneradmin\Desktop\zbin\J0_poi-ooxml-schemas-3.9.jar;C:\Users\runneradmin\Desktop\zbin\J0_xercesImpl.jar;C:\Users\runneradmin\Desktop\zbin\J0_xmlbeans-2.3.0.jar;C:\Users\runneradmin\Desktop\zbin\
Launcher Type: SUN_STANDARD

Environment Variables:
JAVA_HOME=C:\hostedtoolcache\windows\Java_Temurin-Hotspot_jdk\8.0.332-9\x64
USERNAME=runneradmin
OS=Windows_NT
PROCESSOR_IDENTIFIER=Intel64 Family 6 Model 85 Stepping 4, GenuineIntel



---------------  S Y S T E M  ---------------

OS: Windows 10.0 , 64 bit Build 20348 (10.0.20348.707)

CPU:total 2 (initial active 2) (2 cores per cpu, 1 threads per core) family 6 model 85 stepping 4, cmov, cx8, fxsr, mmx, sse, sse2, sse3, ssse3, sse4.1, sse4.2, popcnt, avx, avx2, aes, clmul, erms, rtm, 3dnowpref, lzcnt, tsc, bmi1, bmi2, adx

Memory: 4k page, physical 7339572k(225544k free), swap 9174320k(79120k free)

vm_info: OpenJDK 64-Bit Server VM (25.332-b09) for windows-amd64 JRE (1.8.0_332-b09), built on Apr 23 2022 01:25:28 by "jenkins" with MS VC++ 12.0 (VS2013)

time: Sun Jun 05 17:48:14 2022
timezone: Coordinated Universal Time
elapsed time: 162.241456 seconds (0d 0h 2m 42s)

