JvmtiExport can_access_local_variables 0
JvmtiExport can_hotswap_or_post_breakpoint 0
JvmtiExport can_post_on_exceptions 0
# 152 ciObject found
instanceKlass org/apache/xmlbeans/XmlFactoryHook
instanceKlass java/lang/ref/ReferenceQueue$1
instanceKlass org/openxmlformats/schemas/spreadsheetml/x2006/main/CTCell$Factory
instanceKlass java/text/DigitList$1
instanceKlass java/math/BigDecimal$StringBuilderHelper
instanceKlass java/math/MutableBigInteger
instanceKlass J0_GuPiao_Analysis$StockHeadData
instanceKlass java/awt/font/TextLine$TextLineMetrics
instanceKlass java/awt/font/GlyphVector
instanceKlass sun/font/GlyphLayout$LayoutEngineKey
instanceKlass sun/font/GlyphLayout$EngineRecord
instanceKlass sun/font/ScriptRunData
instanceKlass sun/font/FontSubstitution
instanceKlass sun/font/GlyphLayout$SDCache$SDKey
instanceKlass sun/font/GlyphLayout$SDCache
instanceKlass sun/font/FontRunIterator
instanceKlass sun/font/ScriptRun
instanceKlass sun/font/TextRecord
instanceKlass sun/font/GlyphLayout$GVData
instanceKlass sun/font/SunLayoutEngine
instanceKlass sun/font/GlyphLayout$LayoutEngineFactory
instanceKlass sun/font/GlyphLayout$LayoutEngine
instanceKlass sun/font/GlyphLayout
instanceKlass sun/font/TextLabel
instanceKlass sun/font/Decoration$Label
instanceKlass sun/font/TextSource
instanceKlass sun/font/TextLineComponent
instanceKlass sun/font/TextLabelFactory
instanceKlass sun/font/Decoration
instanceKlass sun/text/normalizer/UBiDiProps$IsAcceptable
instanceKlass sun/text/normalizer/UBiDiProps
instanceKlass sun/text/normalizer/VersionInfo
instanceKlass sun/text/normalizer/CharTrie$FriendAgent
instanceKlass sun/text/normalizer/Trie$DefaultGetFoldingOffset
instanceKlass sun/text/normalizer/Trie$DataManipulate
instanceKlass sun/text/normalizer/Trie
instanceKlass sun/text/normalizer/ICUBinary
instanceKlass sun/text/normalizer/UCharacterPropertyReader
instanceKlass sun/text/normalizer/ICUBinary$Authenticate
instanceKlass sun/text/normalizer/ICUData
instanceKlass sun/text/normalizer/UCharacterProperty
instanceKlass sun/text/normalizer/UCharacter
instanceKlass sun/text/bidi/BidiBase$ImpTabPair
instanceKlass sun/text/bidi/BidiBase
instanceKlass java/text/Bidi
instanceKlass java/awt/font/TextLine$Function
instanceKlass java/awt/font/TextLine
instanceKlass java/awt/font/LineMetrics
instanceKlass sun/font/CoreMetrics
instanceKlass sun/font/StrikeCache$DisposableStrike
instanceKlass sun/font/FontStrikeDisposer
instanceKlass sun/java2d/Disposer$PollDisposable
instanceKlass sun/font/FontScaler
instanceKlass sun/font/FontStrikeDesc
instanceKlass sun/font/CMap
instanceKlass sun/font/SunFontManager$4
instanceKlass sun/font/TrueTypeFont$DirectoryEntry
instanceKlass java/nio/DirectByteBuffer$Deallocator
instanceKlass sun/nio/ch/Util$BufferCache
instanceKlass sun/nio/ch/Util$2
instanceKlass sun/nio/ch/Util
instanceKlass sun/nio/ch/IOStatus
instanceKlass sun/nio/ch/NativeThread
instanceKlass java/nio/channels/spi/AbstractInterruptibleChannel$1
instanceKlass sun/nio/ch/Interruptible
instanceKlass sun/nio/ch/FileDispatcherImpl$1
instanceKlass sun/nio/ch/NativeDispatcher
instanceKlass sun/nio/ch/NativeThreadSet
instanceKlass java/net/Inet6Address$Inet6AddressHolder
instanceKlass java/net/InetAddress$2
instanceKlass sun/net/spi/nameservice/NameService
instanceKlass java/net/Inet6AddressImpl
instanceKlass java/net/InetAddressImpl
instanceKlass java/net/InetAddressImplFactory
instanceKlass java/net/InetAddress$Cache
instanceKlass java/net/InetAddress$InetAddressHolder
instanceKlass java/net/InetAddress$1
instanceKlass sun/nio/ch/IOUtil$1
instanceKlass sun/nio/ch/IOUtil
instanceKlass java/nio/file/attribute/FileAttribute
instanceKlass java/nio/channels/spi/AbstractInterruptibleChannel
instanceKlass java/nio/channels/InterruptibleChannel
instanceKlass java/nio/channels/ScatteringByteChannel
instanceKlass java/nio/channels/GatheringByteChannel
instanceKlass java/nio/channels/SeekableByteChannel
instanceKlass java/nio/channels/ByteChannel
instanceKlass java/nio/channels/WritableByteChannel
instanceKlass java/nio/channels/ReadableByteChannel
instanceKlass java/nio/channels/Channel
instanceKlass java/io/RandomAccessFile
instanceKlass java/io/DataOutput
instanceKlass sun/font/TrueTypeFont$1
instanceKlass sun/font/TrueTypeFont$TTDisposerRecord
instanceKlass sun/java2d/DisposerRecord
instanceKlass java/util/concurrent/ConcurrentHashMap$Traverser
instanceKlass sun/font/SunFontManager$FamilyDescription
instanceKlass sun/awt/Win32FontManager$2
instanceKlass sun/font/SunFontManager$3
instanceKlass sun/font/FontFamily
instanceKlass sun/font/Font2DHandle
instanceKlass sun/font/CompositeFontDescriptor
instanceKlass sun/font/SunFontManager$FontRegistrationInfo
instanceKlass java/util/concurrent/locks/AbstractQueuedSynchronizer$ConditionObject
instanceKlass java/util/concurrent/locks/Condition
instanceKlass java/util/concurrent/locks/AbstractQueuedSynchronizer$Node
instanceKlass java/util/concurrent/locks/AbstractOwnableSynchronizer
instanceKlass sun/awt/KeyboardFocusManagerPeerProvider
instanceKlass sun/awt/InputMethodSupport
instanceKlass sun/awt/ComponentFactory
instanceKlass sun/awt/WindowClosingListener
instanceKlass sun/awt/WindowClosingSupport
instanceKlass sun/awt/FontDescriptor
instanceKlass sun/awt/FontConfiguration
instanceKlass sun/font/SunFontManager$2
instanceKlass sun/awt/Win32FontManager$1
instanceKlass sun/font/GlyphList
instanceKlass sun/font/StrikeCache$1
instanceKlass sun/misc/ThreadGroupUtils
instanceKlass sun/java2d/Disposer$$Lambda$2
instanceKlass java/lang/invoke/LambdaForm$DMH
instanceKlass sun/java2d/Disposer$1
instanceKlass sun/java2d/Disposer
instanceKlass sun/font/StrikeCache
instanceKlass sun/font/FontStrike
instanceKlass sun/font/CharToGlyphMapper
instanceKlass java/awt/geom/Path2D
instanceKlass sun/font/StrikeMetrics
instanceKlass sun/font/Font2D
instanceKlass sun/font/FontManagerNativeLibrary$1
instanceKlass sun/font/FontManagerNativeLibrary
instanceKlass sun/font/SunFontManager$1
instanceKlass sun/font/SunFontManager$T1Filter
instanceKlass sun/font/SunFontManager$TTFilter
instanceKlass java/io/FilenameFilter
instanceKlass sun/font/SunFontManager
instanceKlass sun/font/FontManagerForSGE
instanceKlass sun/font/FontManager
instanceKlass sun/java2d/FontSupport
instanceKlass sun/font/FontManagerFactory$1
instanceKlass sun/font/FontUtilities$1
instanceKlass sun/font/FontUtilities
instanceKlass sun/font/FontManagerFactory
instanceKlass sun/font/AttributeValues$1
instanceKlass java/text/AttributeEntry
instanceKlass java/lang/Class$4
instanceKlass sun/font/AttributeValues
instanceKlass java/awt/geom/AffineTransform
instanceKlass sun/font/FontAccess
instanceKlass java/awt/Insets
instanceKlass java/lang/ProcessEnvironment$CheckedEntry
instanceKlass java/lang/ProcessEnvironment$CheckedEntrySet$1
instanceKlass java/lang/ProcessEnvironment$EntryComparator
instanceKlass java/lang/ProcessEnvironment$NameComparator
instanceKlass java/lang/invoke/LambdaForm$MH
instanceKlass java/lang/invoke/LambdaForm$MH
instanceKlass java/lang/invoke/InnerClassLambdaMetafactory$1
instanceKlass java/awt/GraphicsEnvironment$$Lambda$1
instanceKlass java/lang/invoke/InfoFromMemberName
instanceKlass java/lang/invoke/MethodHandleInfo
instanceKlass sun/security/util/SecurityConstants
instanceKlass java/security/AccessController$1
instanceKlass java/lang/invoke/AbstractValidatingLambdaMetafactory
instanceKlass java/lang/invoke/LambdaForm$BMH
instanceKlass java/lang/invoke/LambdaForm$BMH
instanceKlass java/lang/invoke/LambdaForm$BMH
instanceKlass java/lang/invoke/LambdaForm$BMH
instanceKlass jdk/internal/org/objectweb/asm/FieldVisitor
instanceKlass java/lang/invoke/BoundMethodHandle$Factory$1
instanceKlass java/lang/invoke/BoundMethodHandle$SpeciesData$1
instanceKlass java/lang/invoke/LambdaForm$BMH
instanceKlass java/lang/invoke/LambdaForm$MH
instanceKlass java/lang/invoke/LambdaForm$BMH
instanceKlass java/lang/invoke/LambdaForm$MH
instanceKlass java/lang/invoke/LambdaForm$DMH
instanceKlass java/lang/invoke/LambdaForm$DMH
instanceKlass java/lang/invoke/LambdaForm$BMH
instanceKlass java/lang/invoke/LambdaForm$BMH
instanceKlass java/lang/invoke/LambdaForm$MH
instanceKlass java/lang/invoke/LambdaFormBuffer
instanceKlass java/lang/invoke/LambdaFormEditor
instanceKlass java/lang/invoke/LambdaForm$BMH
instanceKlass java/lang/invoke/LambdaForm$DMH
instanceKlass java/lang/invoke/LambdaForm$DMH
instanceKlass java/lang/invoke/LambdaForm$DMH
instanceKlass java/lang/invoke/LambdaForm$DMH
instanceKlass java/lang/invoke/LambdaForm$MH
instanceKlass java/lang/invoke/LambdaForm$DMH
instanceKlass java/lang/invoke/LambdaForm$DMH
instanceKlass java/lang/invoke/LambdaForm$MH
instanceKlass java/lang/invoke/LambdaForm$DMH
instanceKlass java/lang/invoke/LambdaForm$DMH
instanceKlass java/lang/invoke/LambdaForm$MH
instanceKlass java/lang/invoke/LambdaForm$DMH
instanceKlass java/lang/invoke/LambdaForm$DMH
instanceKlass java/lang/invoke/LambdaForm$MH
instanceKlass java/lang/invoke/LambdaForm$DMH
instanceKlass java/lang/invoke/LambdaForm$DMH
instanceKlass java/lang/invoke/LambdaForm$MH
instanceKlass java/lang/invoke/LambdaForm$DMH
instanceKlass java/lang/invoke/LambdaForm$MH
instanceKlass java/lang/invoke/LambdaForm$DMH
instanceKlass java/lang/invoke/LambdaForm$DMH
instanceKlass java/lang/invoke/LambdaForm$MH
instanceKlass java/lang/invoke/LambdaForm$DMH
instanceKlass java/lang/invoke/LambdaForm$DMH
instanceKlass java/lang/invoke/LambdaForm$MH
instanceKlass java/lang/invoke/LambdaForm$DMH
instanceKlass java/lang/invoke/LambdaForm$MH
instanceKlass java/lang/invoke/LambdaForm$DMH
instanceKlass java/lang/invoke/LambdaForm$MH
instanceKlass java/lang/invoke/LambdaForm$DMH
instanceKlass java/lang/invoke/MethodHandleImpl$Lazy
instanceKlass java/lang/invoke/LambdaForm$BMH
instanceKlass java/lang/invoke/LambdaForm$MH
instanceKlass java/lang/invoke/LambdaForm$DMH
instanceKlass java/lang/invoke/LambdaForm$DMH
instanceKlass java/lang/invoke/LambdaForm$DMH
instanceKlass java/lang/invoke/LambdaForm$DMH
instanceKlass java/lang/invoke/LambdaForm$DMH
instanceKlass java/util/SubList$1
instanceKlass java/lang/invoke/LambdaForm$MH
instanceKlass java/lang/invoke/LambdaForm$MH
instanceKlass java/lang/invoke/LambdaForm$MH
instanceKlass java/lang/invoke/LambdaForm$MH
instanceKlass java/lang/invoke/LambdaForm$MH
instanceKlass java/lang/invoke/LambdaForm$MH
instanceKlass java/lang/invoke/LambdaForm$MH
instanceKlass java/lang/invoke/LambdaForm$MH
instanceKlass java/lang/invoke/LambdaForm$MH
instanceKlass java/lang/invoke/LambdaForm$MH
instanceKlass java/lang/invoke/LambdaForm$MH
instanceKlass java/lang/invoke/LambdaForm$MH
instanceKlass java/lang/invoke/InvokerBytecodeGenerator$CpPatch
instanceKlass java/lang/invoke/LambdaForm$DMH
instanceKlass java/lang/invoke/LambdaForm$DMH
instanceKlass java/lang/invoke/LambdaForm$DMH
instanceKlass java/lang/invoke/LambdaForm$DMH
instanceKlass java/lang/invoke/LambdaForm$DMH
instanceKlass java/lang/invoke/LambdaForm$DMH
instanceKlass sun/invoke/empty/Empty
instanceKlass sun/invoke/util/VerifyType
instanceKlass java/lang/invoke/InvokerBytecodeGenerator$2
instanceKlass jdk/internal/org/objectweb/asm/AnnotationVisitor
instanceKlass jdk/internal/org/objectweb/asm/Frame
instanceKlass jdk/internal/org/objectweb/asm/Label
instanceKlass jdk/internal/org/objectweb/asm/Type
instanceKlass jdk/internal/org/objectweb/asm/MethodVisitor
instanceKlass jdk/internal/org/objectweb/asm/Item
instanceKlass jdk/internal/org/objectweb/asm/ByteVector
instanceKlass jdk/internal/org/objectweb/asm/ClassVisitor
instanceKlass java/lang/invoke/InvokerBytecodeGenerator
instanceKlass java/lang/invoke/DirectMethodHandle$Lazy
instanceKlass sun/invoke/util/BytecodeDescriptor
instanceKlass java/lang/invoke/BoundMethodHandle$Factory
instanceKlass java/lang/invoke/BoundMethodHandle$SpeciesData
instanceKlass java/lang/invoke/LambdaForm$NamedFunction
instanceKlass java/lang/invoke/LambdaForm$Name
instanceKlass sun/invoke/util/ValueConversions
instanceKlass sun/invoke/util/VerifyAccess
instanceKlass java/lang/Long$LongCache
instanceKlass java/lang/Character$CharacterCache
instanceKlass java/lang/Short$ShortCache
instanceKlass java/lang/Byte$ByteCache
instanceKlass sun/invoke/util/Wrapper$Format
instanceKlass java/lang/invoke/MethodHandles
instanceKlass java/lang/invoke/Invokers
instanceKlass java/lang/invoke/MethodTypeForm
instanceKlass java/lang/invoke/MethodType$ConcurrentWeakInternSet
instanceKlass java/lang/invoke/MethodHandles$Lookup
instanceKlass java/lang/invoke/LambdaMetafactory
instanceKlass java/awt/GraphicsEnvironment
instanceKlass java/awt/Toolkit$1
instanceKlass java/awt/Toolkit$3
instanceKlass java/awt/Toolkit$5
instanceKlass sun/awt/AWTAccessor
instanceKlass java/awt/Toolkit$4
instanceKlass sun/awt/AWTAccessor$ToolkitAccessor
instanceKlass java/awt/Toolkit
instanceKlass java/text/Annotation
instanceKlass java/text/AttributedString$AttributedStringIterator
instanceKlass java/text/AttributedCharacterIterator
instanceKlass java/text/CharacterIterator
instanceKlass java/awt/font/TextLayout$CaretPolicy
instanceKlass java/awt/font/TextLayout
instanceKlass java/text/AttributedString
instanceKlass org/apache/poi/ss/usermodel/DataFormatter
instanceKlass sun/awt/SunHints$Value
instanceKlass java/awt/RenderingHints$Key
instanceKlass sun/awt/SunHints
instanceKlass java/awt/RenderingHints
instanceKlass java/awt/font/FontRenderContext
instanceKlass org/apache/poi/ss/util/SheetUtil$1
instanceKlass org/apache/poi/ss/usermodel/FormulaEvaluator
instanceKlass org/apache/poi/ss/util/SheetUtil
instanceKlass org/openxmlformats/schemas/spreadsheetml/x2006/main/STVerticalAlignment
instanceKlass org/openxmlformats/schemas/spreadsheetml/x2006/main/STHorizontalAlignment
instanceKlass org/openxmlformats/schemas/spreadsheetml/x2006/main/CTCellAlignment
instanceKlass org/openxmlformats/schemas/spreadsheetml/x2006/main/CTCellAlignment$Factory
instanceKlass org/apache/poi/xssf/usermodel/extensions/XSSFCellAlignment
instanceKlass org/openxmlformats/schemas/spreadsheetml/x2006/main/CTColor$Factory
instanceKlass org/apache/poi/xssf/usermodel/XSSFColor
instanceKlass org/apache/poi/ss/usermodel/Color
instanceKlass org/apache/poi/xssf/usermodel/XSSFCellStyle
instanceKlass org/openxmlformats/schemas/spreadsheetml/x2006/main/CTSelection
instanceKlass org/openxmlformats/schemas/spreadsheetml/x2006/main/STPane
instanceKlass org/openxmlformats/schemas/spreadsheetml/x2006/main/STPaneState
instanceKlass org/openxmlformats/schemas/spreadsheetml/x2006/main/CTPane
instanceKlass org/openxmlformats/schemas/spreadsheetml/x2006/main/CTPageMargins
instanceKlass org/openxmlformats/schemas/spreadsheetml/x2006/main/STRef
instanceKlass org/openxmlformats/schemas/spreadsheetml/x2006/main/CTSheetDimension
instanceKlass org/openxmlformats/schemas/spreadsheetml/x2006/main/CTSheetView
instanceKlass org/openxmlformats/schemas/spreadsheetml/x2006/main/CTSheetViews
instanceKlass org/openxmlformats/schemas/spreadsheetml/x2006/main/CTSheetFormatPr
instanceKlass org/openxmlformats/schemas/spreadsheetml/x2006/main/CTWorksheet$Factory
instanceKlass org/apache/poi/ss/util/WorkbookUtil
instanceKlass org/openxmlformats/schemas/spreadsheetml/x2006/main/STCellStyleXfId
instanceKlass org/openxmlformats/schemas/spreadsheetml/x2006/main/STBorderId
instanceKlass org/openxmlformats/schemas/spreadsheetml/x2006/main/STFillId
instanceKlass org/openxmlformats/schemas/spreadsheetml/x2006/main/STFontId
instanceKlass org/openxmlformats/schemas/spreadsheetml/x2006/main/STNumFmtId
instanceKlass org/openxmlformats/schemas/spreadsheetml/x2006/main/CTXf$Factory
instanceKlass org/openxmlformats/schemas/spreadsheetml/x2006/main/CTBorderPr
instanceKlass org/openxmlformats/schemas/spreadsheetml/x2006/main/CTBorder$Factory
instanceKlass org/openxmlformats/schemas/spreadsheetml/x2006/main/STPatternType
instanceKlass org/openxmlformats/schemas/spreadsheetml/x2006/main/CTPatternFill
instanceKlass org/openxmlformats/schemas/spreadsheetml/x2006/main/CTFill$Factory
instanceKlass org/openxmlformats/schemas/spreadsheetml/x2006/main/STFontScheme
instanceKlass org/openxmlformats/schemas/spreadsheetml/x2006/main/CTFontScheme
instanceKlass org/apache/xmlbeans/XmlInt
instanceKlass org/apache/xmlbeans/XmlLong
instanceKlass org/openxmlformats/schemas/spreadsheetml/x2006/main/CTIntProperty
instanceKlass org/openxmlformats/schemas/spreadsheetml/x2006/main/CTFontName
instanceKlass org/openxmlformats/schemas/spreadsheetml/x2006/main/CTColor
instanceKlass org/openxmlformats/schemas/spreadsheetml/x2006/main/CTFontSize
instanceKlass org/openxmlformats/schemas/spreadsheetml/x2006/main/CTFont$Factory
instanceKlass org/apache/poi/POIXMLProperties$CustomProperties
instanceKlass org/apache/poi/POIXMLProperties$ExtendedProperties
instanceKlass org/apache/poi/POIXMLProperties$CoreProperties
instanceKlass org/openxmlformats/schemas/officeDocument/x2006/customProperties/CTProperties
instanceKlass org/openxmlformats/schemas/officeDocument/x2006/customProperties/PropertiesDocument
instanceKlass org/openxmlformats/schemas/officeDocument/x2006/customProperties/PropertiesDocument$Factory
instanceKlass org/openxmlformats/schemas/officeDocument/x2006/extendedProperties/CTProperties
instanceKlass org/openxmlformats/schemas/officeDocument/x2006/extendedProperties/PropertiesDocument
instanceKlass org/openxmlformats/schemas/officeDocument/x2006/extendedProperties/PropertiesDocument$Factory
instanceKlass org/apache/poi/POIXMLProperties
instanceKlass org/openxmlformats/schemas/spreadsheetml/x2006/main/CTBookView
instanceKlass org/openxmlformats/schemas/spreadsheetml/x2006/main/CTBookViews
instanceKlass org/openxmlformats/schemas/spreadsheetml/x2006/main/CTWorkbookPr
instanceKlass org/openxmlformats/schemas/spreadsheetml/x2006/main/CTWorkbook$Factory
instanceKlass J0_GuPiao_Analysis$2
instanceKlass java/util/ComparableTimSort
instanceKlass java/beans/Transient
instanceKlass com/alibaba/fastjson/annotation/JSONField
instanceKlass sun/reflect/generics/tree/ClassSignature
instanceKlass sun/reflect/generics/tree/Signature
instanceKlass sun/reflect/generics/tree/ClassTypeSignature
instanceKlass sun/reflect/generics/tree/SimpleClassTypeSignature
instanceKlass sun/reflect/generics/tree/FieldTypeSignature
instanceKlass sun/reflect/generics/tree/BaseType
instanceKlass sun/reflect/generics/tree/TypeSignature
instanceKlass sun/reflect/generics/tree/ReturnType
instanceKlass sun/reflect/generics/tree/TypeArgument
instanceKlass sun/reflect/generics/tree/FormalTypeParameter
instanceKlass sun/reflect/generics/tree/TypeTree
instanceKlass sun/reflect/generics/tree/Tree
instanceKlass sun/reflect/generics/parser/SignatureParser
instanceKlass com/alibaba/fastjson/parser/deserializer/PropertyProcessable
instanceKlass com/alibaba/fastjson/util/ServiceLoader
instanceKlass java/lang/reflect/TypeVariable
instanceKlass java/lang/reflect/WildcardType
instanceKlass sun/reflect/annotation/AnnotationParser
instanceKlass com/alibaba/fastjson/annotation/JSONType
instanceKlass J0_GuPiao_Analysis$RiXianXingQingvShiJianWeiXu
instanceKlass java/io/ObjectStreamConstants
instanceKlass java/io/ObjectInput
instanceKlass com/alibaba/fastjson/parser/deserializer/JSONPDeserializer
instanceKlass com/alibaba/fastjson/parser/deserializer/StackTraceElementDeserializer
instanceKlass java/util/concurrent/atomic/AtomicLongArray
instanceKlass com/alibaba/fastjson/serializer/AtomicCodec
instanceKlass java/util/concurrent/atomic/AtomicIntegerArray
instanceKlass java/net/SocketAddress
instanceKlass java/net/InetAddress
instanceKlass com/alibaba/fastjson/serializer/ReferenceCodec
instanceKlass java/util/concurrent/atomic/AtomicReference
instanceKlass java/util/concurrent/atomic/AtomicBoolean
instanceKlass com/alibaba/fastjson/serializer/CharArrayCodec
instanceKlass com/alibaba/fastjson/serializer/BooleanCodec
instanceKlass com/alibaba/fastjson/serializer/FloatCodec
instanceKlass com/alibaba/fastjson/serializer/BigDecimalCodec
instanceKlass com/alibaba/fastjson/serializer/BigIntegerCodec
instanceKlass com/alibaba/fastjson/serializer/LongCodec
instanceKlass com/alibaba/fastjson/serializer/IntegerCodec
instanceKlass com/alibaba/fastjson/parser/deserializer/NumberDeserializer
instanceKlass com/alibaba/fastjson/serializer/CharacterCodec
instanceKlass com/alibaba/fastjson/serializer/StringCodec
instanceKlass com/alibaba/fastjson/parser/deserializer/JavaObjectDeserializer
instanceKlass com/alibaba/fastjson/serializer/CollectionCodec
instanceKlass com/alibaba/fastjson/parser/deserializer/MapDeserializer
instanceKlass javax/xml/datatype/XMLGregorianCalendar
instanceKlass com/alibaba/fastjson/parser/deserializer/TimeDeserializer
instanceKlass com/alibaba/fastjson/parser/deserializer/ContextObjectDeserializer
instanceKlass javax/xml/transform/Source
instanceKlass javax/xml/transform/Result
instanceKlass com/alibaba/fastjson/serializer/MiscCodec
instanceKlass com/alibaba/fastjson/serializer/BeanContext
instanceKlass com/alibaba/fastjson/parser/deserializer/ExtraTypeProvider
instanceKlass com/alibaba/fastjson/parser/deserializer/ExtraProcessable
instanceKlass com/alibaba/fastjson/parser/deserializer/ExtraProcessor
instanceKlass com/alibaba/fastjson/parser/deserializer/ParseProcess
instanceKlass com/alibaba/fastjson/parser/deserializer/AutowiredObjectDeserializer
instanceKlass com/alibaba/fastjson/parser/JSONToken
instanceKlass com/alibaba/fastjson/parser/ParseContext
instanceKlass com/alibaba/fastjson/parser/deserializer/JavaBeanDeserializer
instanceKlass com/alibaba/fastjson/serializer/SerializeConfig
instanceKlass com/alibaba/fastjson/serializer/SerialContext
instanceKlass com/alibaba/fastjson/serializer/ContextObjectSerializer
instanceKlass com/alibaba/fastjson/serializer/ValueFilter
instanceKlass com/alibaba/fastjson/serializer/PropertyPreFilter
instanceKlass com/alibaba/fastjson/serializer/PropertyFilter
instanceKlass com/alibaba/fastjson/serializer/NameFilter
instanceKlass com/alibaba/fastjson/serializer/BeforeFilter
instanceKlass com/alibaba/fastjson/serializer/AfterFilter
instanceKlass com/alibaba/fastjson/serializer/ContextValueFilter
instanceKlass com/alibaba/fastjson/serializer/LabelFilter
instanceKlass com/alibaba/fastjson/serializer/Labels
instanceKlass com/alibaba/fastjson/serializer/SerializeBeanInfo
instanceKlass com/alibaba/fastjson/serializer/SerializeFilterable
instanceKlass com/alibaba/fastjson/serializer/ObjectSerializer
instanceKlass com/alibaba/fastjson/util/JavaBeanInfo
instanceKlass com/alibaba/fastjson/util/ParameterizedTypeImpl
instanceKlass com/alibaba/fastjson/util/FieldInfo
instanceKlass com/alibaba/fastjson/TypeReference
instanceKlass com/alibaba/fastjson/JSONWriter
instanceKlass com/alibaba/fastjson/JSONReader
instanceKlass com/alibaba/fastjson/JSONPath
instanceKlass com/alibaba/fastjson/util/ASMClassLoader$1
instanceKlass com/alibaba/fastjson/parser/JSONLexerBase
instanceKlass com/alibaba/fastjson/parser/JSONLexer
instanceKlass com/alibaba/fastjson/parser/DefaultJSONParser
instanceKlass com/alibaba/fastjson/asm/MethodVisitor
instanceKlass com/alibaba/fastjson/parser/deserializer/ASMDeserializerFactory
instanceKlass com/alibaba/fastjson/asm/Opcodes
instanceKlass java/util/DualPivotQuicksort
instanceKlass java/awt/Color
instanceKlass java/awt/Paint
instanceKlass java/awt/Transparency
instanceKlass java/awt/Font
instanceKlass java/awt/geom/Point2D
instanceKlass java/awt/geom/RectangularShape
instanceKlass java/awt/Shape
instanceKlass com/alibaba/fastjson/JSONPObject
instanceKlass com/alibaba/fastjson/serializer/JSONSerializable
instanceKlass java/util/UUID
instanceKlass java/util/concurrent/ConcurrentNavigableMap
instanceKlass java/util/NavigableSet
instanceKlass java/util/SortedSet
instanceKlass java/lang/reflect/ParameterizedType
instanceKlass com/alibaba/fastjson/util/TypeUtils
instanceKlass com/alibaba/fastjson/parser/SymbolTable
instanceKlass com/alibaba/fastjson/util/ASMUtils
instanceKlass com/alibaba/fastjson/util/IdentityHashMap$Entry
instanceKlass com/alibaba/fastjson/util/IdentityHashMap
instanceKlass com/alibaba/fastjson/parser/deserializer/FieldDeserializer
instanceKlass com/alibaba/fastjson/parser/deserializer/ObjectDeserializer
instanceKlass com/alibaba/fastjson/parser/ParserConfig
instanceKlass com/alibaba/fastjson/util/IOUtils$1
instanceKlass com/alibaba/fastjson/util/IOUtils
instanceKlass com/alibaba/fastjson/serializer/SerializeFilter
instanceKlass com/alibaba/fastjson/JSON
instanceKlass com/alibaba/fastjson/JSONAware
instanceKlass com/alibaba/fastjson/JSONStreamAware
instanceKlass java/lang/reflect/InvocationHandler
instanceKlass java/util/Random
instanceKlass org/apache/xmlbeans/impl/store/Saver$SaveCur
instanceKlass org/apache/xmlbeans/impl/store/Saver
instanceKlass J0_GuPiao_Analysis$1
instanceKlass org/openxmlformats/schemas/spreadsheetml/x2006/main/CTRst$Factory
instanceKlass org/openxmlformats/schemas/spreadsheetml/x2006/main/CTRst
instanceKlass org/apache/poi/xssf/usermodel/XSSFRichTextString
instanceKlass org/apache/xmlbeans/StringEnumAbstractBase$Table
instanceKlass org/openxmlformats/schemas/spreadsheetml/x2006/main/STCellType
instanceKlass org/apache/xmlbeans/impl/schema/SchemaStringEnumEntryImpl
instanceKlass org/apache/xmlbeans/SchemaStringEnumEntry
instanceKlass org/openxmlformats/schemas/spreadsheetml/x2006/main/CTDefinedName
instanceKlass org/openxmlformats/schemas/spreadsheetml/x2006/main/CTDefinedNames
instanceKlass org/apache/poi/xssf/util/NumericRanges
instanceKlass org/apache/xmlbeans/XmlCursor$ChangeStamp
instanceKlass org/apache/xmlbeans/impl/store/Cursor
instanceKlass org/apache/xmlbeans/impl/store/Locale$ChangeListener
instanceKlass java/util/TimSort
instanceKlass sun/security/action/GetBooleanAction
instanceKlass java/util/Arrays$LegacyMergeSort
instanceKlass org/apache/poi/xssf/util/CTColComparator
instanceKlass sun/misc/FloatingDecimal$ASCIIToBinaryBuffer
instanceKlass org/apache/xmlbeans/XmlDouble
instanceKlass org/apache/xmlbeans/XmlBoolean
instanceKlass org/openxmlformats/schemas/spreadsheetml/x2006/main/CTCol
instanceKlass org/openxmlformats/schemas/spreadsheetml/x2006/main/CTCellFormula
instanceKlass org/openxmlformats/schemas/spreadsheetml/x2006/main/STFormula
instanceKlass org/openxmlformats/schemas/spreadsheetml/x2006/main/STXstring
instanceKlass org/apache/xmlbeans/impl/values/NamespaceContext$1
instanceKlass java/math/MathContext
instanceKlass org/apache/xmlbeans/impl/util/XsTypeConverter
instanceKlass org/apache/xmlbeans/impl/store/Locale$ScrubBuffer
instanceKlass org/apache/xmlbeans/XmlUnsignedInt
instanceKlass org/apache/xmlbeans/XmlUnsignedLong
instanceKlass org/apache/xmlbeans/XmlNonNegativeInteger
instanceKlass org/apache/poi/ss/util/CellReference
instanceKlass org/openxmlformats/schemas/spreadsheetml/x2006/main/STCellRef
instanceKlass org/apache/poi/ss/usermodel/Hyperlink
instanceKlass org/apache/poi/common/usermodel/Hyperlink
instanceKlass org/apache/poi/ss/usermodel/RichTextString
instanceKlass org/apache/poi/ss/formula/FormulaRenderingWorkbook
instanceKlass org/apache/poi/ss/formula/FormulaParsingWorkbook
instanceKlass org/apache/poi/xssf/usermodel/XSSFCell
instanceKlass org/openxmlformats/schemas/spreadsheetml/x2006/main/CTCell
instanceKlass org/apache/poi/xssf/usermodel/XSSFRow
instanceKlass org/apache/xmlbeans/impl/piccolo/xml/ElementDefinition
instanceKlass org/apache/xmlbeans/impl/store/CharUtil$CharJoin
instanceKlass org/apache/xmlbeans/impl/common/Mutex
instanceKlass org/apache/xmlbeans/impl/common/GlobalLock
instanceKlass java/util/Collections$1
instanceKlass org/openxmlformats/schemas/spreadsheetml/x2006/main/CTCols
instanceKlass org/openxmlformats/schemas/spreadsheetml/x2006/main/CTCols$Factory
instanceKlass org/apache/poi/xssf/usermodel/helpers/ColumnHelper
instanceKlass org/openxmlformats/schemas/spreadsheetml/x2006/main/CTRow
instanceKlass org/openxmlformats/schemas/spreadsheetml/x2006/main/CTSheetData
instanceKlass org/openxmlformats/schemas/spreadsheetml/x2006/main/CTWorksheet
instanceKlass org/openxmlformats/schemas/spreadsheetml/x2006/main/WorksheetDocument
instanceKlass org/openxmlformats/schemas/spreadsheetml/x2006/main/WorksheetDocument$Factory
instanceKlass org/apache/xmlbeans/impl/values/NamespaceContext$NamespaceContextStack
instanceKlass org/apache/xmlbeans/impl/values/NamespaceContext
instanceKlass org/openxmlformats/schemas/officeDocument/x2006/relationships/STRelationshipId
instanceKlass org/apache/xmlbeans/StringEnumAbstractBase
instanceKlass org/openxmlformats/schemas/spreadsheetml/x2006/main/CTSheets
instanceKlass org/openxmlformats/schemas/spreadsheetml/x2006/main/CTSst
instanceKlass org/openxmlformats/schemas/spreadsheetml/x2006/main/SstDocument
instanceKlass org/openxmlformats/schemas/spreadsheetml/x2006/main/SstDocument$Factory
instanceKlass org/openxmlformats/schemas/spreadsheetml/x2006/main/CTWorkbook
instanceKlass org/openxmlformats/schemas/spreadsheetml/x2006/main/WorkbookDocument
instanceKlass org/openxmlformats/schemas/spreadsheetml/x2006/main/WorkbookDocument$Factory
instanceKlass org/openxmlformats/schemas/drawingml/x2006/main/ThemeDocument$Factory
instanceKlass org/openxmlformats/schemas/drawingml/x2006/main/ThemeDocument
instanceKlass org/openxmlformats/schemas/spreadsheetml/x2006/main/CTCellStyleXfs
instanceKlass org/openxmlformats/schemas/spreadsheetml/x2006/main/CTXf
instanceKlass org/openxmlformats/schemas/spreadsheetml/x2006/main/CTCellXfs
instanceKlass org/apache/poi/xssf/usermodel/extensions/XSSFCellBorder
instanceKlass org/openxmlformats/schemas/spreadsheetml/x2006/main/CTBorder
instanceKlass org/openxmlformats/schemas/spreadsheetml/x2006/main/CTBorders
instanceKlass org/apache/poi/xssf/usermodel/extensions/XSSFCellFill
instanceKlass org/openxmlformats/schemas/spreadsheetml/x2006/main/CTFill
instanceKlass org/openxmlformats/schemas/spreadsheetml/x2006/main/CTFills
instanceKlass org/apache/poi/xssf/usermodel/XSSFFont
instanceKlass sun/reflect/ClassDefiner$1
instanceKlass sun/reflect/ClassDefiner
instanceKlass sun/reflect/MethodAccessorGenerator$1
instanceKlass sun/reflect/Label$PatchInfo
instanceKlass sun/reflect/Label
instanceKlass sun/reflect/UTF8
instanceKlass sun/reflect/ClassFileAssembler
instanceKlass sun/reflect/ByteVectorImpl
instanceKlass sun/reflect/ByteVector
instanceKlass sun/reflect/ByteVectorFactory
instanceKlass sun/reflect/AccessorGenerator
instanceKlass sun/reflect/ClassFileConstants
instanceKlass org/openxmlformats/schemas/spreadsheetml/x2006/main/CTFont
instanceKlass org/openxmlformats/schemas/spreadsheetml/x2006/main/CTFonts
instanceKlass org/openxmlformats/schemas/spreadsheetml/x2006/main/CTNumFmt
instanceKlass org/openxmlformats/schemas/spreadsheetml/x2006/main/CTNumFmts
instanceKlass org/openxmlformats/schemas/spreadsheetml/x2006/main/CTStylesheet
instanceKlass org/apache/xmlbeans/QNameSetBuilder
instanceKlass sun/security/provider/ByteArrayAccess
instanceKlass sun/security/util/MessageDigestSpi2
instanceKlass sun/security/jca/GetInstance$Instance
instanceKlass java/security/Provider$UString
instanceKlass java/security/Provider$Service
instanceKlass sun/security/provider/NativePRNG$NonBlocking
instanceKlass sun/security/provider/NativePRNG$Blocking
instanceKlass sun/security/provider/NativePRNG
instanceKlass sun/security/provider/SunEntries$1
instanceKlass sun/security/provider/SunEntries
instanceKlass sun/security/jca/ProviderConfig$2
instanceKlass sun/security/jca/ProviderList$2
instanceKlass sun/misc/FDBigInteger
instanceKlass sun/misc/FloatingDecimal$PreparedASCIIToBinaryBuffer
instanceKlass sun/misc/FloatingDecimal$ASCIIToBinaryConverter
instanceKlass sun/misc/FloatingDecimal$BinaryToASCIIBuffer
instanceKlass sun/misc/FloatingDecimal$ExceptionalBinaryToASCIIBuffer
instanceKlass sun/misc/FloatingDecimal$BinaryToASCIIConverter
instanceKlass sun/misc/FloatingDecimal
instanceKlass java/security/Provider$EngineDescription
instanceKlass java/security/Provider$ServiceKey
instanceKlass sun/security/jca/ProviderConfig
instanceKlass sun/security/jca/ProviderList
instanceKlass sun/security/jca/Providers
instanceKlass sun/security/jca/GetInstance
instanceKlass java/security/Security$1
instanceKlass java/security/Security
instanceKlass java/security/MessageDigestSpi
instanceKlass java/lang/StringCoding$StringEncoder
instanceKlass org/apache/xmlbeans/impl/store/Xobj$Bookmark
instanceKlass org/apache/xmlbeans/XmlCursor$XmlMark
instanceKlass org/w3c/dom/NamedNodeMap
instanceKlass org/apache/xmlbeans/impl/piccolo/xml/UnicodeLittleXMLDecoder
instanceKlass org/apache/xmlbeans/impl/piccolo/xml/UnicodeBigXMLDecoder
instanceKlass org/apache/xmlbeans/impl/piccolo/xml/ISO8859_1XMLDecoder
instanceKlass org/apache/xmlbeans/impl/piccolo/xml/ASCIIXMLDecoder
instanceKlass org/apache/xmlbeans/impl/piccolo/xml/UTF8XMLDecoder
instanceKlass org/apache/xmlbeans/impl/piccolo/xml/XMLDecoder
instanceKlass org/apache/xmlbeans/impl/piccolo/io/CharsetDecoder
instanceKlass org/apache/xmlbeans/impl/piccolo/xml/XMLDecoderFactory
instanceKlass org/apache/xmlbeans/impl/piccolo/xml/XMLStreamReader$FastStreamDecoder
instanceKlass org/apache/xmlbeans/impl/piccolo/xml/XMLDeclParser
instanceKlass org/apache/xmlbeans/impl/piccolo/xml/XMLStreamReader$XMLStreamDecoder
instanceKlass org/apache/xmlbeans/impl/store/CharUtil$CharIterator
instanceKlass org/apache/xmlbeans/impl/store/CharUtil
instanceKlass org/apache/xmlbeans/impl/piccolo/xml/Piccolo$StartLocator
instanceKlass org/apache/xmlbeans/impl/piccolo/xml/DocumentEntity
instanceKlass org/apache/xmlbeans/impl/piccolo/util/IntStack
instanceKlass org/apache/xmlbeans/impl/piccolo/xml/FastNamespaceSupport
instanceKlass org/apache/xmlbeans/impl/piccolo/util/StringStack
instanceKlass org/apache/xmlbeans/impl/piccolo/util/LongStack
instanceKlass org/apache/xmlbeans/impl/piccolo/xml/AttributesHolder
instanceKlass org/apache/xmlbeans/impl/piccolo/xml/EntityManager
instanceKlass org/apache/xmlbeans/impl/piccolo/util/CharStringConverter
instanceKlass org/apache/xmlbeans/impl/piccolo/xml/PiccoloLexer
instanceKlass org/apache/xmlbeans/impl/piccolo/xml/Entity
instanceKlass org/apache/xmlbeans/impl/piccolo/xml/Piccolo
instanceKlass org/apache/xmlbeans/XmlCursor$XmlBookmark
instanceKlass org/apache/xmlbeans/impl/store/Locale$DefaultEntityResolver
instanceKlass org/apache/xmlbeans/impl/common/ResolverUtil
instanceKlass org/w3c/dom/Comment
instanceKlass org/w3c/dom/Attr
instanceKlass org/apache/xmlbeans/impl/soap/SOAPFault
instanceKlass org/apache/xmlbeans/impl/soap/DetailEntry
instanceKlass org/apache/xmlbeans/impl/soap/Detail
instanceKlass org/apache/xmlbeans/impl/soap/SOAPFaultElement
instanceKlass org/apache/xmlbeans/impl/soap/SOAPHeaderElement
instanceKlass org/apache/xmlbeans/impl/soap/SOAPHeader
instanceKlass org/apache/xmlbeans/impl/soap/SOAPEnvelope
instanceKlass org/apache/xmlbeans/impl/soap/SOAPBodyElement
instanceKlass org/apache/xmlbeans/impl/soap/SOAPBody
instanceKlass org/apache/xmlbeans/impl/soap/SOAPElement
instanceKlass org/w3c/dom/DocumentFragment
instanceKlass org/w3c/dom/NodeList
instanceKlass org/w3c/dom/ProcessingInstruction
instanceKlass org/apache/xmlbeans/impl/store/Xobj
instanceKlass org/apache/xmlbeans/impl/store/Cur$Locations
instanceKlass org/apache/xmlbeans/QNameCache
instanceKlass org/apache/xmlbeans/impl/store/Locale$DefaultQNameFactory
instanceKlass org/apache/xmlbeans/impl/store/Locale$domNthCache
instanceKlass org/apache/xmlbeans/impl/store/Locale$nthCache
instanceKlass org/apache/xmlbeans/XmlFactoryHook$ThreadContext
instanceKlass org/apache/xmlbeans/impl/schema/StscComplexTypeResolver$WildcardResult
instanceKlass org/apache/xmlbeans/impl/schema/StscComplexTypeResolver$CodeForNameEntry
instanceKlass org/apache/xmlbeans/impl/xb/xsdschema/Group
instanceKlass org/apache/xmlbeans/impl/xb/xsdschema/SimpleType
instanceKlass org/apache/xmlbeans/impl/xb/xsdschema/LocalElement
instanceKlass org/apache/xmlbeans/impl/xb/xsdschema/Element
instanceKlass org/apache/xmlbeans/impl/xb/xsdschema/Annotated
instanceKlass org/apache/xmlbeans/impl/xb/xsdschema/OpenAttrs
instanceKlass org/apache/xmlbeans/impl/schema/StscComplexTypeResolver
instanceKlass org/apache/xmlbeans/impl/schema/SchemaPropertyImpl
instanceKlass org/apache/xmlbeans/impl/schema/SchemaAnnotationImpl
instanceKlass org/apache/xmlbeans/SchemaAnnotation$Attribute
instanceKlass java/util/HashMap$HashIterator
instanceKlass org/apache/xmlbeans/impl/schema/SchemaTypeSystemImpl$HandlePool
instanceKlass org/apache/xmlbeans/impl/schema/SchemaTypeSystemImpl$StringPool
instanceKlass org/apache/xmlbeans/impl/schema/SchemaLocalAttributeImpl
instanceKlass org/apache/xmlbeans/soap/SchemaWSDLArrayType
instanceKlass org/apache/xmlbeans/impl/schema/SchemaTypeSystemImpl$XsbReader
instanceKlass org/apache/xmlbeans/impl/schema/ClassLoaderResourceLoader
instanceKlass org/apache/xmlbeans/impl/common/XBeanDebug
instanceKlass sun/reflect/UnsafeFieldAccessorFactory
instanceKlass schemaorg_apache_xmlbeans/system/sE130CAA0A01A7CDE5A2B4FEB8B311707/TypeSystemHolder
instanceKlass org/openxmlformats/schemas/spreadsheetml/x2006/main/StyleSheetDocument
instanceKlass org/apache/xmlbeans/SystemProperties
instanceKlass org/apache/xmlbeans/SchemaIdentityConstraint
instanceKlass sun/misc/URLClassPath$JarLoader$3
instanceKlass org/apache/xmlbeans/impl/regex/Token
instanceKlass org/apache/xmlbeans/impl/regex/REUtil
instanceKlass org/apache/xmlbeans/impl/regex/Op
instanceKlass org/apache/xmlbeans/impl/regex/RegexParser
instanceKlass org/apache/xmlbeans/impl/regex/RegularExpression
instanceKlass org/apache/xmlbeans/impl/schema/SchemaParticleImpl
instanceKlass org/apache/xmlbeans/QNameSet
instanceKlass org/apache/xmlbeans/impl/schema/SchemaAttributeModelImpl
instanceKlass org/apache/xmlbeans/XmlInteger
instanceKlass org/apache/xmlbeans/XmlDecimal
instanceKlass org/apache/xmlbeans/impl/schema/XmlValueRef
instanceKlass org/apache/xmlbeans/impl/common/XmlWhitespace
instanceKlass org/apache/xmlbeans/impl/values/XmlObjectBase$ValueOutOfRangeValidationContext
instanceKlass org/apache/xmlbeans/impl/common/ValidatorListener
instanceKlass org/apache/xmlbeans/impl/common/ValidationContext
instanceKlass org/apache/xmlbeans/GDurationSpecification
instanceKlass org/apache/xmlbeans/impl/values/TypeStoreVisitor
instanceKlass org/apache/xmlbeans/impl/values/TypeStore
instanceKlass org/apache/xmlbeans/impl/values/NamespaceManager
instanceKlass org/apache/xmlbeans/impl/common/PrefixResolver
instanceKlass org/apache/xmlbeans/GDateSpecification
instanceKlass org/apache/xmlbeans/impl/values/XmlObjectBase
instanceKlass org/apache/xmlbeans/SimpleValue
instanceKlass org/apache/xmlbeans/impl/values/TypeStoreUser
instanceKlass org/apache/xmlbeans/XmlString
instanceKlass javax/xml/namespace/QName$1
instanceKlass org/apache/xmlbeans/impl/common/QNameHelper
instanceKlass org/apache/xmlbeans/SchemaComponent$1
instanceKlass org/apache/xmlbeans/SchemaProperty
instanceKlass org/apache/xmlbeans/SchemaTypeElementSequencer
instanceKlass org/apache/xmlbeans/QNameSetSpecification
instanceKlass org/apache/xmlbeans/impl/schema/SchemaContainer
instanceKlass org/apache/xmlbeans/impl/schema/SchemaTypeImpl
instanceKlass org/apache/xmlbeans/impl/values/TypeStoreUserFactory
instanceKlass org/apache/xmlbeans/impl/store/Query
instanceKlass org/apache/xmlbeans/impl/store/Path$PathEngine
instanceKlass org/apache/xmlbeans/impl/store/Cur
instanceKlass org/apache/xmlbeans/impl/store/Path
instanceKlass org/apache/xmlbeans/impl/schema/FileResourceLoader
instanceKlass org/apache/xmlbeans/impl/schema/PathResourceLoader
instanceKlass org/w3c/dom/Element
instanceKlass javax/xml/stream/XMLStreamReader
instanceKlass javax/xml/stream/XMLStreamConstants
instanceKlass org/w3c/dom/Document
instanceKlass org/w3c/dom/DocumentType
instanceKlass org/apache/xmlbeans/impl/store/QNameFactory
instanceKlass org/apache/xmlbeans/xml/stream/utils/NestedThrowable
instanceKlass org/apache/xmlbeans/XmlSaxHandler
instanceKlass org/apache/xmlbeans/XmlDocumentProperties
instanceKlass org/apache/xmlbeans/impl/soap/Text
instanceKlass org/apache/xmlbeans/impl/soap/Node
instanceKlass org/apache/xmlbeans/impl/store/DomImpl$CharNode
instanceKlass org/apache/xmlbeans/impl/store/DomImpl$Dom
instanceKlass org/w3c/dom/CDATASection
instanceKlass org/w3c/dom/Text
instanceKlass org/w3c/dom/CharacterData
instanceKlass org/apache/xmlbeans/impl/store/Locale$SaxHandler
instanceKlass org/apache/xmlbeans/impl/store/Locale$LoadContext
instanceKlass org/apache/xmlbeans/XmlCursor
instanceKlass org/apache/xmlbeans/impl/store/Locale
instanceKlass org/apache/xmlbeans/impl/common/XmlLocale
instanceKlass org/apache/xmlbeans/impl/store/Saaj$SaajCallback
instanceKlass org/w3c/dom/DOMImplementation
instanceKlass org/w3c/dom/Node
instanceKlass org/apache/xmlbeans/impl/schema/SchemaTypeSystemCompiler$Parameters
instanceKlass org/apache/xmlbeans/impl/schema/SchemaTypeSystemCompiler
instanceKlass org/apache/xmlbeans/PrePostExtension
instanceKlass org/apache/xmlbeans/InterfaceExtension
instanceKlass org/apache/xmlbeans/BindingConfig
instanceKlass org/apache/xmlbeans/SchemaModelGroup
instanceKlass org/apache/xmlbeans/SchemaAttributeGroup
instanceKlass org/apache/xmlbeans/SchemaGlobalAttribute
instanceKlass org/apache/xmlbeans/SchemaLocalAttribute
instanceKlass org/apache/xmlbeans/SchemaGlobalElement
instanceKlass org/apache/xmlbeans/SchemaLocalElement
instanceKlass org/apache/xmlbeans/SchemaField
instanceKlass org/apache/xmlbeans/Filer
instanceKlass org/apache/xmlbeans/SchemaAnnotation
instanceKlass org/apache/xmlbeans/SchemaAttributeModel
instanceKlass org/apache/xmlbeans/SchemaParticle
instanceKlass org/apache/xmlbeans/XmlAnySimpleType
instanceKlass org/apache/xmlbeans/SchemaType
instanceKlass org/apache/xmlbeans/SchemaAnnotated
instanceKlass org/apache/xmlbeans/SchemaComponent
instanceKlass org/apache/xmlbeans/SchemaComponent$Ref
instanceKlass javax/xml/namespace/QName
instanceKlass org/apache/xmlbeans/ResourceLoader
instanceKlass org/apache/xmlbeans/impl/common/SystemCache
instanceKlass org/apache/xmlbeans/SchemaTypeSystem
instanceKlass org/apache/xmlbeans/xml/stream/XMLInputStream
instanceKlass org/apache/xmlbeans/impl/schema/SchemaTypeLoaderBase
instanceKlass org/apache/xmlbeans/SchemaTypeLoader
instanceKlass org/apache/xmlbeans/XmlBeans
instanceKlass org/openxmlformats/schemas/spreadsheetml/x2006/main/StyleSheetDocument$Factory
instanceKlass org/apache/poi/ss/usermodel/DataValidation
instanceKlass org/apache/poi/ss/usermodel/DataValidationConstraint
instanceKlass org/apache/poi/xssf/usermodel/XSSFDataValidationHelper
instanceKlass org/apache/poi/ss/usermodel/Comment
instanceKlass org/apache/poi/ss/usermodel/DataValidationHelper
instanceKlass org/apache/poi/ss/usermodel/SheetConditionalFormatting
instanceKlass org/apache/poi/ss/usermodel/PrintSetup
instanceKlass org/apache/poi/ss/usermodel/AutoFilter
instanceKlass org/apache/poi/ss/usermodel/ClientAnchor
instanceKlass org/apache/poi/ss/usermodel/Footer
instanceKlass org/apache/poi/ss/usermodel/Header
instanceKlass org/apache/poi/ss/usermodel/HeaderFooter
instanceKlass org/apache/poi/ss/usermodel/CellRange
instanceKlass org/apache/poi/ss/usermodel/PictureData
instanceKlass org/apache/poi/ss/usermodel/charts/ChartAxisFactory
instanceKlass org/apache/poi/ss/usermodel/Chart
instanceKlass org/apache/poi/ss/usermodel/charts/ManuallyPositionable
instanceKlass org/apache/poi/ss/usermodel/Drawing
instanceKlass org/apache/poi/ss/usermodel/Row$MissingCellPolicy
instanceKlass org/apache/poi/ss/usermodel/Row
instanceKlass org/apache/poi/ss/formula/atp/YearFrac
instanceKlass org/apache/poi/ss/formula/atp/WorkdayFunction
instanceKlass org/apache/poi/ss/formula/functions/Sumifs
instanceKlass org/apache/poi/ss/formula/atp/RandBetween
instanceKlass org/apache/poi/ss/formula/atp/ArgumentsEvaluator
instanceKlass org/apache/poi/ss/formula/atp/NetworkdaysFunction
instanceKlass org/apache/poi/ss/formula/atp/MRound
instanceKlass org/apache/poi/ss/formula/eval/ValueEval
instanceKlass org/apache/poi/ss/formula/atp/ParityFunction
instanceKlass org/apache/poi/ss/formula/atp/AnalysisToolPak$NotImplemented
instanceKlass org/apache/poi/ss/formula/functions/FreeRefFunction
instanceKlass org/apache/poi/ss/formula/atp/AnalysisToolPak
instanceKlass org/apache/poi/ss/formula/udf/AggregatingUDFFinder
instanceKlass java/text/CalendarBuilder
instanceKlass java/text/ParsePosition
instanceKlass org/apache/poi/openxml4j/util/Nullable
instanceKlass org/apache/poi/openxml4j/opc/internal/unmarshallers/UnmarshallContext
instanceKlass java/util/TreeMap$PrivateEntryIterator
instanceKlass org/apache/poi/openxml4j/opc/PackageRelationship
instanceKlass org/apache/poi/openxml4j/opc/PackageRelationshipCollection
instanceKlass org/apache/poi/openxml4j/opc/internal/ZipHelper
instanceKlass org/apache/poi/openxml4j/opc/PackagePartName
instanceKlass org/apache/poi/openxml4j/opc/PackagingURIHelper
instanceKlass java/util/TreeMap$Entry
instanceKlass org/dom4j/QName
instanceKlass org/apache/xerces/impl/Constants$ArrayEnumeration
instanceKlass org/apache/xerces/impl/Constants
instanceKlass org/apache/xerces/util/XMLChar
instanceKlass org/apache/xerces/parsers/AbstractSAXParser$LocatorProxy
instanceKlass org/xml/sax/ext/Locator2
instanceKlass org/apache/xerces/util/XMLSymbols
instanceKlass org/apache/xerces/xni/parser/XMLInputSource
instanceKlass org/apache/xerces/util/ErrorHandlerWrapper
instanceKlass java/util/Properties$LineReader
instanceKlass java/util/ResourceBundle$Control$1
instanceKlass org/apache/xerces/util/SAXMessageFormatter
instanceKlass org/dom4j/io/ElementStack
instanceKlass org/dom4j/tree/NamespaceStack
instanceKlass org/dom4j/ElementPath
instanceKlass org/apache/xerces/impl/ExternalSubsetResolver
instanceKlass org/apache/xerces/util/EntityResolverWrapper
instanceKlass org/xml/sax/ext/EntityResolver2
instanceKlass org/dom4j/io/SAXReader$SAXEntityResolver
instanceKlass org/apache/xerces/parsers/AbstractSAXParser$AttributesProxy
instanceKlass org/xml/sax/ext/Attributes2
instanceKlass org/apache/xerces/impl/msg/XMLMessageFormatter
instanceKlass org/apache/xerces/impl/XMLVersionDetector
instanceKlass org/apache/xerces/impl/validation/ValidationManager
instanceKlass org/apache/xerces/impl/dv/dtd/NMTOKENDatatypeValidator
instanceKlass org/apache/xerces/impl/dv/dtd/NOTATIONDatatypeValidator
instanceKlass org/apache/xerces/impl/dv/dtd/ENTITYDatatypeValidator
instanceKlass org/apache/xerces/impl/dv/dtd/ListDatatypeValidator
instanceKlass org/apache/xerces/impl/dv/dtd/IDREFDatatypeValidator
instanceKlass org/apache/xerces/impl/dv/dtd/IDDatatypeValidator
instanceKlass org/apache/xerces/impl/dv/dtd/StringDatatypeValidator
instanceKlass org/apache/xerces/impl/dv/DatatypeValidator
instanceKlass org/apache/xerces/impl/dv/SecuritySupport$2
instanceKlass org/apache/xerces/impl/dv/SecuritySupport$1
instanceKlass org/apache/xerces/impl/dv/SecuritySupport
instanceKlass org/apache/xerces/impl/dv/ObjectFactory
instanceKlass org/apache/xerces/impl/dv/DTDDVFactory
instanceKlass org/apache/xerces/impl/dtd/DTDGrammarBucket
instanceKlass org/apache/xerces/impl/dtd/XMLAttributeDecl
instanceKlass org/apache/xerces/impl/dtd/XMLSimpleType
instanceKlass org/apache/xerces/impl/dtd/XMLElementDecl
instanceKlass org/apache/xerces/impl/validation/ValidationState
instanceKlass org/apache/xerces/impl/dtd/DTDGrammar
instanceKlass org/apache/xerces/xni/grammars/Grammar
instanceKlass org/apache/xerces/impl/validation/EntityState
instanceKlass org/apache/xerces/impl/dv/ValidationContext
instanceKlass org/apache/xerces/impl/dtd/XMLEntityDecl
instanceKlass org/apache/xerces/impl/XMLDocumentScannerImpl$TrailingMiscDispatcher
instanceKlass org/apache/xerces/impl/XMLDocumentScannerImpl$DTDDispatcher
instanceKlass org/apache/xerces/impl/XMLDocumentScannerImpl$PrologDispatcher
instanceKlass org/apache/xerces/impl/XMLDocumentScannerImpl$XMLDeclDispatcher
instanceKlass org/apache/xerces/util/NamespaceSupport
instanceKlass org/apache/xerces/util/XMLAttributesImpl$Attribute
instanceKlass org/apache/xerces/util/XMLAttributesImpl
instanceKlass org/apache/xerces/impl/XMLDocumentFragmentScannerImpl$FragmentContentDispatcher
instanceKlass org/apache/xerces/xni/QName
instanceKlass org/apache/xerces/impl/XMLDocumentFragmentScannerImpl$ElementStack
instanceKlass org/apache/xerces/xni/grammars/XMLDTDDescription
instanceKlass org/apache/xerces/xni/grammars/XMLGrammarDescription
instanceKlass org/apache/xerces/impl/XMLDocumentFragmentScannerImpl$Dispatcher
instanceKlass org/apache/xerces/xni/XMLAttributes
instanceKlass org/apache/xerces/xni/XMLString
instanceKlass org/apache/xerces/impl/XMLErrorReporter
instanceKlass org/apache/xerces/impl/XMLEntityManager$CharacterBuffer
instanceKlass org/apache/xerces/impl/XMLEntityManager$CharacterBufferPool
instanceKlass org/apache/xerces/impl/XMLEntityManager$ByteBufferPool
instanceKlass org/apache/xerces/util/AugmentationsImpl$AugmentationsItemsContainer
instanceKlass org/apache/xerces/util/AugmentationsImpl
instanceKlass org/apache/xerces/util/XMLResourceIdentifierImpl
instanceKlass org/apache/xerces/impl/XMLEntityManager$1
instanceKlass org/apache/xerces/xni/Augmentations
instanceKlass org/apache/xerces/impl/XMLEntityManager$Entity
instanceKlass org/apache/xerces/impl/XMLEntityScanner
instanceKlass org/apache/xerces/xni/XMLResourceIdentifier
instanceKlass org/apache/xerces/impl/XMLEntityManager
instanceKlass org/apache/xerces/util/SymbolTable$Entry
instanceKlass org/apache/xerces/xni/grammars/XMLGrammarPool
instanceKlass org/apache/xerces/util/SymbolTable
instanceKlass org/apache/xerces/xni/NamespaceContext
instanceKlass org/apache/xerces/xni/XMLLocator
instanceKlass org/apache/xerces/impl/dtd/XMLDTDValidator
instanceKlass org/apache/xerces/xni/grammars/XMLGrammarLoader
instanceKlass org/apache/xerces/impl/dtd/XMLDTDProcessor
instanceKlass org/apache/xerces/xni/parser/XMLDTDContentModelFilter
instanceKlass org/apache/xerces/xni/parser/XMLDTDFilter
instanceKlass org/apache/xerces/xni/parser/XMLDTDScanner
instanceKlass org/apache/xerces/util/MessageFormatter
instanceKlass org/apache/xerces/impl/XMLScanner
instanceKlass org/apache/xerces/impl/XMLEntityHandler
instanceKlass org/apache/xerces/impl/dtd/XMLDTDValidatorFilter
instanceKlass org/apache/xerces/xni/parser/XMLDocumentScanner
instanceKlass org/apache/xerces/xni/parser/XMLDTDContentModelSource
instanceKlass org/apache/xerces/util/ParserConfigurationSettings
instanceKlass org/apache/xerces/parsers/XML11Configurable
instanceKlass org/apache/xerces/xni/parser/XMLPullParserConfiguration
instanceKlass org/apache/xerces/xni/parser/XMLParserConfiguration
instanceKlass java/net/URLClassLoader$2
instanceKlass org/apache/xerces/parsers/SecuritySupport$6
instanceKlass org/apache/xerces/parsers/SecuritySupport$7
instanceKlass org/apache/xerces/parsers/SecuritySupport$4
instanceKlass org/apache/xerces/parsers/SecuritySupport$2
instanceKlass org/apache/xerces/parsers/SecuritySupport$1
instanceKlass org/apache/xerces/parsers/SecuritySupport
instanceKlass org/apache/xerces/parsers/ObjectFactory
instanceKlass org/xml/sax/helpers/LocatorImpl
instanceKlass org/xml/sax/Locator
instanceKlass org/xml/sax/Attributes
instanceKlass org/xml/sax/AttributeList
instanceKlass org/apache/xerces/xni/parser/XMLEntityResolver
instanceKlass org/apache/xerces/xni/parser/XMLErrorHandler
instanceKlass org/apache/xerces/jaxp/TeeXMLDocumentFilterImpl
instanceKlass org/apache/xerces/impl/xs/XMLSchemaValidator
instanceKlass org/apache/xerces/impl/RevalidationHandler
instanceKlass org/apache/xerces/impl/xs/identity/FieldActivator
instanceKlass org/apache/xerces/xni/parser/XMLDocumentFilter
instanceKlass org/apache/xerces/xni/parser/XMLDocumentSource
instanceKlass org/apache/xerces/xni/parser/XMLComponent
instanceKlass org/apache/xerces/xni/parser/XMLComponentManager
instanceKlass org/apache/xerces/xni/parser/XMLDTDSource
instanceKlass org/xml/sax/DocumentHandler
instanceKlass org/apache/xerces/parsers/XMLParser
instanceKlass org/apache/xerces/xni/XMLDTDContentModelHandler
instanceKlass org/apache/xerces/xni/XMLDTDHandler
instanceKlass org/apache/xerces/xni/XMLDocumentHandler
instanceKlass org/xml/sax/Parser
instanceKlass org/apache/xerces/xs/PSVIProvider
instanceKlass org/apache/xerces/jaxp/JAXPConstants
instanceKlass javax/xml/parsers/SAXParser
instanceKlass sun/net/www/protocol/jar/JarFileFactory
instanceKlass sun/net/www/protocol/jar/URLJarFile$URLJarFileCloseController
instanceKlass javax/xml/parsers/FactoryFinder$1
instanceKlass javax/xml/parsers/SecuritySupport$5
instanceKlass javax/xml/parsers/SecuritySupport$2
instanceKlass javax/xml/parsers/SecuritySupport
instanceKlass javax/xml/parsers/FactoryFinder
instanceKlass javax/xml/parsers/SAXParserFactory
instanceKlass org/dom4j/io/JAXPHelper
instanceKlass org/dom4j/io/SAXHelper
instanceKlass org/xml/sax/InputSource
instanceKlass org/xml/sax/ext/DeclHandler
instanceKlass org/xml/sax/ext/LexicalHandler
instanceKlass org/xml/sax/helpers/DefaultHandler
instanceKlass org/xml/sax/DTDHandler
instanceKlass org/xml/sax/ContentHandler
instanceKlass org/dom4j/ElementHandler
instanceKlass org/xml/sax/EntityResolver
instanceKlass org/xml/sax/XMLReader
instanceKlass org/xml/sax/ErrorHandler
instanceKlass org/dom4j/io/SAXReader
instanceKlass org/apache/poi/openxml4j/util/ZipInputStreamZipEntrySource$EntryEnumerator
instanceKlass java/util/NavigableMap
instanceKlass java/util/SortedMap
instanceKlass java/util/zip/ZipUtils
instanceKlass org/apache/poi/openxml4j/util/ZipInputStreamZipEntrySource
instanceKlass org/apache/poi/openxml4j/opc/internal/marshallers/PackagePropertiesMarshaller
instanceKlass org/apache/poi/openxml4j/opc/internal/marshallers/DefaultMarshaller
instanceKlass org/dom4j/tree/ConcurrentReaderHashMap$Entry
instanceKlass org/dom4j/tree/ConcurrentReaderHashMap$BarrierLock
instanceKlass org/dom4j/tree/NamespaceCache
instanceKlass java/util/Collections$SynchronizedMap
instanceKlass org/dom4j/tree/QNameCache
instanceKlass org/dom4j/util/SimpleSingleton
instanceKlass org/dom4j/Document
instanceKlass org/dom4j/Comment
instanceKlass org/dom4j/ProcessingInstruction
instanceKlass org/dom4j/Text
instanceKlass org/dom4j/rule/Pattern
instanceKlass org/dom4j/util/SingletonStrategy
instanceKlass org/dom4j/DocumentType
instanceKlass org/dom4j/Element
instanceKlass org/dom4j/Branch
instanceKlass org/dom4j/XPath
instanceKlass org/dom4j/NodeFilter
instanceKlass org/dom4j/Attribute
instanceKlass org/dom4j/CDATA
instanceKlass org/dom4j/CharacterData
instanceKlass org/dom4j/Entity
instanceKlass org/dom4j/DocumentFactory
instanceKlass org/dom4j/tree/AbstractNode
instanceKlass org/dom4j/Node
instanceKlass org/apache/poi/openxml4j/opc/internal/unmarshallers/PackagePropertiesUnmarshaller
instanceKlass org/apache/poi/openxml4j/opc/internal/PartUnmarshaller
instanceKlass org/apache/poi/openxml4j/opc/internal/ContentType
instanceKlass org/apache/poi/openxml4j/util/ZipEntrySource
instanceKlass org/apache/poi/openxml4j/opc/internal/PartMarshaller
instanceKlass org/apache/poi/openxml4j/opc/PackageProperties
instanceKlass org/apache/poi/openxml4j/opc/internal/ContentTypeManager
instanceKlass org/apache/poi/openxml4j/opc/PackagePart
instanceKlass org/apache/poi/openxml4j/opc/OPCPackage
instanceKlass org/apache/poi/openxml4j/opc/RelationshipSource
instanceKlass org/apache/poi/util/PackageHelper
instanceKlass java/util/Collections$UnmodifiableMap
instanceKlass org/apache/xmlbeans/XmlOptions
instanceKlass org/apache/poi/util/POILogger
instanceKlass org/apache/poi/util/POILogFactory
instanceKlass org/apache/poi/ss/usermodel/CellStyle
instanceKlass org/apache/poi/ss/usermodel/Name
instanceKlass org/apache/poi/ss/usermodel/DataFormat
instanceKlass org/apache/poi/ss/usermodel/Font
instanceKlass org/apache/poi/ss/usermodel/Sheet
instanceKlass org/apache/poi/ss/usermodel/CreationHelper
instanceKlass org/openxmlformats/schemas/spreadsheetml/x2006/main/CTSheet
instanceKlass org/apache/xmlbeans/XmlObject
instanceKlass org/apache/xmlbeans/XmlTokenSource
instanceKlass org/apache/poi/POIXMLFactory
instanceKlass org/apache/poi/POIXMLRelation
instanceKlass org/apache/poi/ss/formula/udf/UDFFinder
instanceKlass org/apache/poi/POIXMLDocumentPart
instanceKlass java/util/regex/Matcher
instanceKlass java/util/regex/MatchResult
instanceKlass java/text/DontCareFieldPosition$1
instanceKlass java/text/Format$FieldDelegate
instanceKlass java/util/Date
instanceKlass java/text/DigitList
instanceKlass java/text/FieldPosition
instanceKlass java/util/Currency$CurrencyNameGetter
instanceKlass java/util/Currency$1
instanceKlass java/util/Currency
instanceKlass java/text/DecimalFormatSymbols
instanceKlass java/util/concurrent/atomic/AtomicMarkableReference$Pair
instanceKlass java/util/concurrent/atomic/AtomicMarkableReference
instanceKlass java/text/DateFormatSymbols
instanceKlass sun/util/calendar/CalendarUtils
instanceKlass sun/util/calendar/CalendarDate
instanceKlass java/util/Collections$EmptyIterator
instanceKlass sun/util/locale/LanguageTag
instanceKlass java/util/ResourceBundle$CacheKeyReference
instanceKlass java/util/ResourceBundle$CacheKey
instanceKlass java/util/ResourceBundle$RBClassLoader$1
instanceKlass java/util/spi/ResourceBundleControlProvider
instanceKlass java/util/ResourceBundle
instanceKlass java/util/ResourceBundle$Control
instanceKlass sun/util/resources/LocaleData$1
instanceKlass sun/util/resources/LocaleData
instanceKlass sun/util/locale/provider/LocaleResources
instanceKlass sun/util/locale/provider/CalendarDataUtility$CalendarWeekParameterGetter
instanceKlass sun/util/locale/provider/LocaleServiceProviderPool$LocalizedObjectGetter
instanceKlass java/net/URLClassLoader$3$1
instanceKlass sun/misc/CompoundEnumeration
instanceKlass java/net/URLClassLoader$3
instanceKlass sun/misc/URLClassPath$1
instanceKlass java/lang/ClassLoader$2
instanceKlass sun/misc/URLClassPath$2
instanceKlass sun/misc/Launcher$BootClassPathHolder$1
instanceKlass sun/misc/Launcher$BootClassPathHolder
instanceKlass java/util/LinkedHashMap$LinkedHashIterator
instanceKlass java/util/ServiceLoader$1
instanceKlass java/util/ServiceLoader$LazyIterator
instanceKlass java/util/ServiceLoader
instanceKlass sun/util/locale/provider/SPILocaleProviderAdapter$1
instanceKlass sun/util/locale/provider/LocaleServiceProviderPool
instanceKlass sun/util/locale/provider/CalendarDataUtility
instanceKlass java/util/Calendar$Builder
instanceKlass sun/util/locale/provider/JRELocaleProviderAdapter$1
instanceKlass sun/util/locale/provider/LocaleDataMetaInfo
instanceKlass sun/util/locale/provider/AvailableLanguageTags
instanceKlass sun/util/locale/provider/LocaleProviderAdapter$1
instanceKlass java/util/ArrayList$Itr
instanceKlass java/util/Collections$UnmodifiableCollection$1
instanceKlass sun/util/locale/provider/ResourceBundleBasedAdapter
instanceKlass sun/util/locale/provider/LocaleProviderAdapter
instanceKlass java/util/spi/LocaleServiceProvider
instanceKlass java/util/Calendar
instanceKlass java/util/TimeZone$1
instanceKlass sun/util/calendar/ZoneInfoFile$ZoneOffsetTransitionRule
instanceKlass java/io/DataInput
instanceKlass sun/util/calendar/ZoneInfoFile$1
instanceKlass sun/util/calendar/ZoneInfoFile
instanceKlass sun/util/calendar/CalendarSystem
instanceKlass java/util/TimeZone
instanceKlass java/util/Locale$1
instanceKlass java/text/AttributedCharacterIterator$Attribute
instanceKlass java/text/Format
instanceKlass java/util/regex/Pattern$TreeInfo
instanceKlass java/util/regex/ASCII
instanceKlass java/util/regex/Pattern$Node
instanceKlass java/util/regex/Pattern
instanceKlass java/util/ArrayList$SubList$1
instanceKlass java/util/ListIterator
instanceKlass java/lang/Void
instanceKlass org/apache/poi/ss/usermodel/Cell
instanceKlass J0_GuPiao_Analysis$Rule
instanceKlass java/nio/file/FileVisitor
instanceKlass org/apache/poi/ss/usermodel/Workbook
instanceKlass java/util/zip/CRC32
instanceKlass java/util/zip/Checksum
instanceKlass java/lang/Package
instanceKlass sun/misc/ASCIICaseInsensitiveComparator
instanceKlass java/util/jar/Attributes$Name
instanceKlass java/util/jar/Attributes
instanceKlass java/lang/Class$MethodArray
instanceKlass sun/launcher/LauncherHelper$FXHelper
instanceKlass J0_GuPiao_Analysis
instanceKlass java/io/FilePermission$1
instanceKlass sun/nio/fs/AbstractPath
instanceKlass sun/net/www/MessageHeader
instanceKlass java/net/URLConnection
instanceKlass java/security/PermissionCollection
instanceKlass sun/nio/ByteBuffered
instanceKlass sun/misc/Resource
instanceKlass java/util/LinkedList$Node
instanceKlass sun/misc/IOUtils
instanceKlass java/util/zip/ZStreamRef
instanceKlass java/util/zip/Inflater
instanceKlass java/util/zip/ZipEntry
instanceKlass sun/misc/ExtensionDependency
instanceKlass sun/misc/JarIndex
instanceKlass sun/nio/ch/DirectBuffer
instanceKlass sun/misc/PerfCounter$CoreCounters
instanceKlass sun/misc/Perf
instanceKlass sun/misc/Perf$GetPerfAction
instanceKlass sun/misc/PerfCounter
instanceKlass java/util/zip/ZipCoder
instanceKlass java/util/Deque
instanceKlass java/util/Queue
instanceKlass java/nio/charset/StandardCharsets
instanceKlass java/util/jar/JavaUtilJarAccessImpl
instanceKlass sun/misc/JavaUtilJarAccess
instanceKlass sun/misc/FileURLMapper
instanceKlass sun/misc/URLClassPath$JarLoader$1
instanceKlass java/util/zip/ZipFile$1
instanceKlass sun/misc/JavaUtilZipFileAccess
instanceKlass java/util/zip/ZipFile
instanceKlass java/util/zip/ZipConstants
instanceKlass sun/misc/URLClassPath$Loader
instanceKlass sun/misc/URLClassPath$3
instanceKlass sun/net/util/URLUtil
instanceKlass java/net/URLClassLoader$1
instanceKlass java/lang/StringCoding$StringDecoder
instanceKlass java/lang/ThreadLocal$ThreadLocalMap
instanceKlass java/lang/StringCoding
instanceKlass java/lang/invoke/MethodHandleStatics$1
instanceKlass java/lang/invoke/MethodHandleStatics
instanceKlass java/lang/invoke/MemberName$Factory
instanceKlass java/lang/ClassValue$Version
instanceKlass java/lang/ClassValue$Identity
instanceKlass java/lang/ClassValue
instanceKlass java/lang/invoke/MethodHandleImpl$3
instanceKlass java/lang/invoke/MethodHandleImpl$2
instanceKlass java/util/function/Function
instanceKlass java/lang/invoke/MethodHandleImpl$1
instanceKlass java/lang/invoke/MethodHandleImpl
instanceKlass jdk/jfr/internal/EventWriter
instanceKlass java/lang/SystemClassLoaderAction
instanceKlass sun/misc/Launcher$AppClassLoader$1
instanceKlass sun/misc/URLClassPath
instanceKlass java/security/Principal
instanceKlass java/security/ProtectionDomain$Key
instanceKlass java/security/ProtectionDomain$2
instanceKlass sun/misc/JavaSecurityProtectionDomainAccess
instanceKlass java/security/ProtectionDomain$JavaSecurityAccessImpl
instanceKlass sun/misc/JavaSecurityAccess
instanceKlass sun/net/util/IPAddressUtil
instanceKlass java/net/URLStreamHandler
instanceKlass java/net/Parts
instanceKlass java/util/BitSet
instanceKlass sun/net/www/ParseUtil
instanceKlass java/io/FileInputStream$1
instanceKlass sun/util/locale/LocaleUtils
instanceKlass java/util/Locale$LocaleKey
instanceKlass sun/util/locale/BaseLocale$Key
instanceKlass sun/util/locale/BaseLocale
instanceKlass java/util/concurrent/ConcurrentHashMap$CollectionView
instanceKlass java/util/concurrent/ConcurrentHashMap$CounterCell
instanceKlass java/util/concurrent/ConcurrentHashMap$Node
instanceKlass java/util/concurrent/locks/ReentrantLock
instanceKlass java/util/concurrent/locks/Lock
instanceKlass java/util/concurrent/ConcurrentMap
instanceKlass sun/util/locale/LocaleObjectCache
instanceKlass java/util/Locale
instanceKlass java/lang/reflect/Array
instanceKlass java/nio/charset/CoderResult$Cache
instanceKlass java/nio/charset/CoderResult
instanceKlass java/nio/charset/CharsetDecoder
instanceKlass sun/nio/cs/ArrayDecoder
instanceKlass java/io/Reader
instanceKlass java/lang/Readable
instanceKlass sun/misc/MetaIndex
instanceKlass java/util/StringTokenizer
instanceKlass sun/misc/Launcher$ExtClassLoader$1
instanceKlass java/net/URLClassLoader$7
instanceKlass sun/misc/JavaNetAccess
instanceKlass java/lang/ClassLoader$ParallelLoaders
instanceKlass sun/security/util/Debug
instanceKlass sun/misc/Launcher$Factory
instanceKlass java/net/URLStreamHandlerFactory
instanceKlass java/lang/Compiler$1
instanceKlass java/lang/Compiler
instanceKlass java/lang/System$2
instanceKlass sun/misc/JavaLangAccess
instanceKlass sun/io/Win32ErrorMode
instanceKlass sun/misc/OSEnvironment
instanceKlass java/lang/Integer$IntegerCache
instanceKlass sun/misc/NativeSignalHandler
instanceKlass sun/misc/Signal
instanceKlass java/lang/Terminator$1
instanceKlass sun/misc/SignalHandler
instanceKlass java/lang/Terminator
instanceKlass java/lang/ClassLoader$NativeLibrary
instanceKlass java/io/ExpiringCache$Entry
instanceKlass java/lang/ClassLoader$3
instanceKlass java/nio/file/Path
instanceKlass java/nio/file/Watchable
instanceKlass java/io/ExpiringCache
instanceKlass java/net/URI$Parser
instanceKlass java/net/URI
instanceKlass java/lang/CharacterData
instanceKlass sun/nio/cs/SingleByte
instanceKlass sun/nio/fs/Util
instanceKlass sun/nio/fs/WindowsPathParser$Result
instanceKlass java/lang/Enum
instanceKlass sun/nio/fs/WindowsPathParser
instanceKlass java/util/AbstractList$Itr
instanceKlass java/nio/file/FileSystem
instanceKlass java/nio/file/spi/FileSystemProvider
instanceKlass sun/nio/fs/DefaultFileSystemProvider
instanceKlass java/io/FileSystem
instanceKlass java/io/DefaultFileSystem
instanceKlass java/nio/Bits$1
instanceKlass sun/misc/JavaNioAccess
instanceKlass java/nio/ByteOrder
instanceKlass java/nio/Bits
instanceKlass java/nio/charset/CodingErrorAction
instanceKlass java/nio/charset/CharsetEncoder
instanceKlass sun/nio/cs/ArrayEncoder
instanceKlass sun/reflect/ReflectionFactory$1
instanceKlass java/lang/Class$1
instanceKlass sun/nio/cs/HistoricallyNamedCharset
instanceKlass sun/security/action/GetPropertyAction
instanceKlass java/lang/ThreadLocal
instanceKlass java/nio/charset/spi/CharsetProvider
instanceKlass java/nio/charset/Charset
instanceKlass java/io/Writer
instanceKlass java/util/Arrays
instanceKlass sun/reflect/misc/ReflectUtil
instanceKlass java/lang/reflect/ReflectAccess
instanceKlass sun/reflect/LangReflectAccess
instanceKlass java/lang/reflect/Modifier
instanceKlass sun/reflect/annotation/AnnotationType
instanceKlass java/lang/Class$AnnotationData
instanceKlass sun/reflect/generics/repository/AbstractRepository
instanceKlass java/lang/Class$Atomic
instanceKlass java/lang/Class$ReflectionData
instanceKlass java/lang/Class$3
instanceKlass java/util/concurrent/atomic/AtomicReferenceFieldUpdater$AtomicReferenceFieldUpdaterImpl$1
instanceKlass java/security/PrivilegedExceptionAction
instanceKlass java/util/concurrent/atomic/AtomicReferenceFieldUpdater
instanceKlass java/io/OutputStream
instanceKlass java/io/Flushable
instanceKlass java/io/FileDescriptor$1
instanceKlass sun/misc/JavaIOFileDescriptorAccess
instanceKlass java/io/FileDescriptor
instanceKlass sun/misc/Version
instanceKlass jdk/internal/util/StaticProperty
instanceKlass java/lang/Runtime
instanceKlass java/util/Hashtable$Enumerator
instanceKlass java/util/Iterator
instanceKlass java/util/Enumeration
instanceKlass java/util/Objects
instanceKlass java/util/Collections$SynchronizedCollection
instanceKlass java/lang/Math
instanceKlass java/util/Hashtable$Entry
instanceKlass sun/misc/VM
instanceKlass java/util/HashMap$Node
instanceKlass java/util/Map$Entry
instanceKlass sun/reflect/Reflection
instanceKlass sun/misc/SharedSecrets
instanceKlass java/lang/ref/Reference$1
instanceKlass sun/misc/JavaLangRefAccess
instanceKlass java/lang/ref/ReferenceQueue$Lock
instanceKlass java/util/Collections$UnmodifiableCollection
instanceKlass java/util/AbstractMap
instanceKlass java/util/Set
instanceKlass java/util/Collections
instanceKlass java/lang/ref/Reference$Lock
instanceKlass sun/reflect/ReflectionFactory
instanceKlass java/util/AbstractCollection
instanceKlass java/util/RandomAccess
instanceKlass java/util/List
instanceKlass java/util/Collection
instanceKlass java/lang/Iterable
instanceKlass java/security/cert/Certificate
instanceKlass sun/reflect/ReflectionFactory$GetReflectionFactoryAction
instanceKlass java/security/PrivilegedAction
instanceKlass java/security/AccessController
instanceKlass java/security/Permission
instanceKlass java/security/Guard
instanceKlass java/lang/String$CaseInsensitiveComparator
instanceKlass java/util/Comparator
instanceKlass java/io/ObjectStreamField
instanceKlass java/lang/Number
instanceKlass java/lang/Character
instanceKlass java/lang/Boolean
instanceKlass java/nio/Buffer
instanceKlass java/lang/StackTraceElement
instanceKlass java/security/CodeSource
instanceKlass sun/misc/Launcher
instanceKlass java/util/jar/Manifest
instanceKlass java/net/URL
instanceKlass java/io/File
instanceKlass java/io/InputStream
instanceKlass java/io/Closeable
instanceKlass java/lang/AutoCloseable
instanceKlass sun/misc/Unsafe
instanceKlass java/lang/AbstractStringBuilder
instanceKlass java/lang/Appendable
instanceKlass java/lang/invoke/CallSite
instanceKlass java/lang/invoke/MethodType
instanceKlass java/lang/invoke/LambdaForm
instanceKlass java/lang/invoke/MethodHandleNatives
instanceKlass java/lang/invoke/MemberName
instanceKlass java/lang/invoke/MethodHandle
instanceKlass sun/reflect/CallerSensitive
instanceKlass java/lang/annotation/Annotation
instanceKlass sun/reflect/FieldAccessor
instanceKlass sun/reflect/ConstantPool
instanceKlass sun/reflect/ConstructorAccessor
instanceKlass sun/reflect/MethodAccessor
instanceKlass sun/reflect/MagicAccessorImpl
instanceKlass java/lang/reflect/Parameter
instanceKlass java/lang/reflect/Member
instanceKlass java/lang/reflect/AccessibleObject
instanceKlass java/util/Dictionary
instanceKlass java/util/Map
instanceKlass java/lang/ThreadGroup
instanceKlass java/lang/Thread$UncaughtExceptionHandler
instanceKlass java/lang/Thread
instanceKlass java/lang/Runnable
instanceKlass java/lang/ref/ReferenceQueue
instanceKlass java/lang/ref/Reference
instanceKlass java/security/AccessControlContext
instanceKlass java/security/ProtectionDomain
instanceKlass java/lang/SecurityManager
instanceKlass java/lang/Throwable
instanceKlass java/lang/System
instanceKlass java/lang/ClassLoader
instanceKlass java/lang/Cloneable
instanceKlass java/lang/Class
instanceKlass java/lang/reflect/Type
instanceKlass java/lang/reflect/GenericDeclaration
instanceKlass java/lang/reflect/AnnotatedElement
instanceKlass java/lang/String
instanceKlass java/lang/CharSequence
instanceKlass java/lang/Comparable
instanceKlass java/io/Serializable
