JvmtiExport can_access_local_variables 0
JvmtiExport can_hotswap_or_post_breakpoint 0
JvmtiExport can_post_on_exceptions 0
# 366 ciObject found
instanceKlass java/util/ComparableTimSort
instanceKlass java/beans/Transient
instanceKlass com/alibaba/fastjson/annotation/JSONField
instanceKlass sun/reflect/generics/tree/ClassSignature
instanceKlass sun/reflect/generics/tree/Signature
instanceKlass sun/reflect/generics/tree/ClassTypeSignature
instanceKlass sun/reflect/generics/tree/SimpleClassTypeSignature
instanceKlass sun/reflect/generics/tree/FieldTypeSignature
instanceKlass sun/reflect/generics/tree/BaseType
instanceKlass sun/reflect/generics/tree/TypeSignature
instanceKlass sun/reflect/generics/tree/ReturnType
instanceKlass sun/reflect/generics/tree/TypeArgument
instanceKlass sun/reflect/generics/tree/FormalTypeParameter
instanceKlass sun/reflect/generics/tree/TypeTree
instanceKlass sun/reflect/generics/tree/Tree
instanceKlass sun/reflect/generics/parser/SignatureParser
instanceKlass com/alibaba/fastjson/parser/deserializer/PropertyProcessable
instanceKlass com/alibaba/fastjson/util/ServiceLoader
instanceKlass java/lang/reflect/TypeVariable
instanceKlass java/lang/reflect/WildcardType
instanceKlass sun/reflect/annotation/AnnotationParser
instanceKlass com/alibaba/fastjson/annotation/JSONType
instanceKlass J0_GuPiao_Analysis$RiXianXingQingvShiJianWeiXu
instanceKlass java/io/ObjectStreamConstants
instanceKlass java/io/ObjectInput
instanceKlass com/alibaba/fastjson/parser/deserializer/JSONPDeserializer
instanceKlass com/alibaba/fastjson/parser/deserializer/StackTraceElementDeserializer
instanceKlass java/util/concurrent/atomic/AtomicLongArray
instanceKlass com/alibaba/fastjson/serializer/AtomicCodec
instanceKlass java/util/concurrent/atomic/AtomicIntegerArray
instanceKlass java/net/SocketAddress
instanceKlass java/net/InetAddress
instanceKlass com/alibaba/fastjson/serializer/ReferenceCodec
instanceKlass java/util/concurrent/atomic/AtomicReference
instanceKlass java/util/concurrent/atomic/AtomicBoolean
instanceKlass com/alibaba/fastjson/serializer/CharArrayCodec
instanceKlass com/alibaba/fastjson/serializer/BooleanCodec
instanceKlass com/alibaba/fastjson/serializer/FloatCodec
instanceKlass com/alibaba/fastjson/serializer/BigDecimalCodec
instanceKlass com/alibaba/fastjson/serializer/BigIntegerCodec
instanceKlass com/alibaba/fastjson/serializer/LongCodec
instanceKlass com/alibaba/fastjson/serializer/IntegerCodec
instanceKlass com/alibaba/fastjson/parser/deserializer/NumberDeserializer
instanceKlass com/alibaba/fastjson/serializer/CharacterCodec
instanceKlass com/alibaba/fastjson/serializer/StringCodec
instanceKlass com/alibaba/fastjson/parser/deserializer/JavaObjectDeserializer
instanceKlass com/alibaba/fastjson/serializer/CollectionCodec
instanceKlass com/alibaba/fastjson/parser/deserializer/MapDeserializer
instanceKlass javax/xml/datatype/XMLGregorianCalendar
instanceKlass com/alibaba/fastjson/parser/deserializer/TimeDeserializer
instanceKlass com/alibaba/fastjson/parser/deserializer/ContextObjectDeserializer
instanceKlass javax/xml/transform/Source
instanceKlass javax/xml/transform/Result
instanceKlass com/alibaba/fastjson/serializer/MiscCodec
instanceKlass com/alibaba/fastjson/serializer/BeanContext
instanceKlass com/alibaba/fastjson/parser/deserializer/ExtraTypeProvider
instanceKlass com/alibaba/fastjson/parser/deserializer/ExtraProcessable
instanceKlass com/alibaba/fastjson/parser/deserializer/ExtraProcessor
instanceKlass com/alibaba/fastjson/parser/deserializer/ParseProcess
instanceKlass com/alibaba/fastjson/parser/deserializer/AutowiredObjectDeserializer
instanceKlass com/alibaba/fastjson/parser/JSONToken
instanceKlass com/alibaba/fastjson/parser/ParseContext
instanceKlass com/alibaba/fastjson/parser/deserializer/JavaBeanDeserializer
instanceKlass com/alibaba/fastjson/serializer/SerializeConfig
instanceKlass com/alibaba/fastjson/serializer/SerialContext
instanceKlass com/alibaba/fastjson/serializer/ContextObjectSerializer
instanceKlass com/alibaba/fastjson/serializer/ValueFilter
instanceKlass com/alibaba/fastjson/serializer/PropertyPreFilter
instanceKlass com/alibaba/fastjson/serializer/PropertyFilter
instanceKlass com/alibaba/fastjson/serializer/NameFilter
instanceKlass com/alibaba/fastjson/serializer/BeforeFilter
instanceKlass com/alibaba/fastjson/serializer/AfterFilter
instanceKlass com/alibaba/fastjson/serializer/ContextValueFilter
instanceKlass com/alibaba/fastjson/serializer/LabelFilter
instanceKlass com/alibaba/fastjson/serializer/Labels
instanceKlass com/alibaba/fastjson/serializer/SerializeBeanInfo
instanceKlass com/alibaba/fastjson/serializer/SerializeFilterable
instanceKlass com/alibaba/fastjson/serializer/ObjectSerializer
instanceKlass com/alibaba/fastjson/util/JavaBeanInfo
instanceKlass com/alibaba/fastjson/util/ParameterizedTypeImpl
instanceKlass com/alibaba/fastjson/util/FieldInfo
instanceKlass com/alibaba/fastjson/TypeReference
instanceKlass com/alibaba/fastjson/JSONWriter
instanceKlass com/alibaba/fastjson/JSONReader
instanceKlass com/alibaba/fastjson/JSONPath
instanceKlass com/alibaba/fastjson/util/ASMClassLoader$1
instanceKlass com/alibaba/fastjson/parser/JSONLexerBase
instanceKlass com/alibaba/fastjson/parser/JSONLexer
instanceKlass com/alibaba/fastjson/parser/DefaultJSONParser
instanceKlass com/alibaba/fastjson/asm/MethodVisitor
instanceKlass com/alibaba/fastjson/parser/deserializer/ASMDeserializerFactory
instanceKlass com/alibaba/fastjson/asm/Opcodes
instanceKlass java/util/DualPivotQuicksort
instanceKlass java/awt/Color
instanceKlass java/awt/Paint
instanceKlass java/awt/Transparency
instanceKlass java/awt/Font
instanceKlass java/awt/geom/Point2D
instanceKlass java/awt/geom/RectangularShape
instanceKlass java/awt/Shape
instanceKlass com/alibaba/fastjson/JSONPObject
instanceKlass com/alibaba/fastjson/serializer/JSONSerializable
instanceKlass java/util/UUID
instanceKlass java/util/concurrent/ConcurrentNavigableMap
instanceKlass java/util/NavigableSet
instanceKlass java/util/SortedSet
instanceKlass java/lang/reflect/ParameterizedType
instanceKlass com/alibaba/fastjson/util/TypeUtils
instanceKlass com/alibaba/fastjson/parser/SymbolTable
instanceKlass com/alibaba/fastjson/util/ASMUtils
instanceKlass com/alibaba/fastjson/util/IdentityHashMap$Entry
instanceKlass com/alibaba/fastjson/util/IdentityHashMap
instanceKlass com/alibaba/fastjson/parser/deserializer/FieldDeserializer
instanceKlass com/alibaba/fastjson/parser/deserializer/ObjectDeserializer
instanceKlass com/alibaba/fastjson/parser/ParserConfig
instanceKlass com/alibaba/fastjson/util/IOUtils$1
instanceKlass com/alibaba/fastjson/util/IOUtils
instanceKlass com/alibaba/fastjson/serializer/SerializeFilter
instanceKlass com/alibaba/fastjson/JSON
instanceKlass com/alibaba/fastjson/JSONAware
instanceKlass com/alibaba/fastjson/JSONStreamAware
instanceKlass java/lang/reflect/InvocationHandler
instanceKlass java/util/Random
instanceKlass org/apache/xmlbeans/impl/store/Saver$SaveCur
instanceKlass org/apache/xmlbeans/impl/store/Saver
instanceKlass J0_GuPiao_Analysis$1
instanceKlass org/openxmlformats/schemas/spreadsheetml/x2006/main/CTRst$Factory
instanceKlass org/openxmlformats/schemas/spreadsheetml/x2006/main/CTRst
instanceKlass org/apache/poi/xssf/usermodel/XSSFRichTextString
instanceKlass org/apache/xmlbeans/StringEnumAbstractBase$Table
instanceKlass org/openxmlformats/schemas/spreadsheetml/x2006/main/STCellType
instanceKlass org/apache/xmlbeans/impl/schema/SchemaStringEnumEntryImpl
instanceKlass org/apache/xmlbeans/SchemaStringEnumEntry
instanceKlass org/openxmlformats/schemas/spreadsheetml/x2006/main/CTDefinedName
instanceKlass org/openxmlformats/schemas/spreadsheetml/x2006/main/CTDefinedNames
instanceKlass org/apache/poi/xssf/util/NumericRanges
instanceKlass org/apache/xmlbeans/XmlCursor$ChangeStamp
instanceKlass org/apache/xmlbeans/impl/store/Cursor
instanceKlass org/apache/xmlbeans/impl/store/Locale$ChangeListener
instanceKlass java/util/TimSort
instanceKlass sun/security/action/GetBooleanAction
instanceKlass java/util/Arrays$LegacyMergeSort
instanceKlass org/apache/poi/xssf/util/CTColComparator
instanceKlass sun/misc/FloatingDecimal$ASCIIToBinaryBuffer
instanceKlass org/apache/xmlbeans/XmlDouble
instanceKlass org/apache/xmlbeans/XmlBoolean
instanceKlass org/openxmlformats/schemas/spreadsheetml/x2006/main/CTCol
instanceKlass org/openxmlformats/schemas/spreadsheetml/x2006/main/CTCellFormula
instanceKlass org/openxmlformats/schemas/spreadsheetml/x2006/main/STFormula
instanceKlass org/openxmlformats/schemas/spreadsheetml/x2006/main/STXstring
instanceKlass org/apache/xmlbeans/impl/values/NamespaceContext$1
instanceKlass java/math/MathContext
instanceKlass org/apache/xmlbeans/impl/util/XsTypeConverter
instanceKlass org/apache/xmlbeans/impl/store/Locale$ScrubBuffer
instanceKlass org/apache/xmlbeans/XmlUnsignedInt
instanceKlass org/apache/xmlbeans/XmlUnsignedLong
instanceKlass org/apache/xmlbeans/XmlNonNegativeInteger
instanceKlass org/apache/poi/ss/util/CellReference
instanceKlass org/openxmlformats/schemas/spreadsheetml/x2006/main/STCellRef
instanceKlass org/apache/poi/ss/usermodel/RichTextString
instanceKlass org/apache/poi/ss/usermodel/Hyperlink
instanceKlass org/apache/poi/common/usermodel/Hyperlink
instanceKlass org/apache/poi/ss/formula/FormulaRenderingWorkbook
instanceKlass org/apache/poi/ss/formula/FormulaParsingWorkbook
instanceKlass org/apache/poi/xssf/usermodel/XSSFCell
instanceKlass org/openxmlformats/schemas/spreadsheetml/x2006/main/CTCell
instanceKlass org/apache/poi/xssf/usermodel/XSSFRow
instanceKlass org/apache/xmlbeans/impl/piccolo/xml/ElementDefinition
instanceKlass org/apache/xmlbeans/impl/store/CharUtil$CharJoin
instanceKlass org/apache/xmlbeans/impl/common/Mutex
instanceKlass org/apache/xmlbeans/impl/common/GlobalLock
instanceKlass java/util/Collections$1
instanceKlass org/openxmlformats/schemas/spreadsheetml/x2006/main/CTCols
instanceKlass org/openxmlformats/schemas/spreadsheetml/x2006/main/CTCols$Factory
instanceKlass org/apache/poi/xssf/usermodel/helpers/ColumnHelper
instanceKlass org/openxmlformats/schemas/spreadsheetml/x2006/main/CTRow
instanceKlass org/openxmlformats/schemas/spreadsheetml/x2006/main/CTSheetData
instanceKlass org/openxmlformats/schemas/spreadsheetml/x2006/main/CTWorksheet
instanceKlass org/openxmlformats/schemas/spreadsheetml/x2006/main/WorksheetDocument
instanceKlass org/openxmlformats/schemas/spreadsheetml/x2006/main/WorksheetDocument$Factory
instanceKlass org/apache/xmlbeans/impl/values/NamespaceContext$NamespaceContextStack
instanceKlass org/apache/xmlbeans/impl/values/NamespaceContext
instanceKlass org/openxmlformats/schemas/officeDocument/x2006/relationships/STRelationshipId
instanceKlass org/apache/xmlbeans/StringEnumAbstractBase
instanceKlass org/openxmlformats/schemas/spreadsheetml/x2006/main/CTSheets
instanceKlass org/openxmlformats/schemas/spreadsheetml/x2006/main/CTSst
instanceKlass org/openxmlformats/schemas/spreadsheetml/x2006/main/SstDocument
instanceKlass org/openxmlformats/schemas/spreadsheetml/x2006/main/SstDocument$Factory
instanceKlass org/openxmlformats/schemas/spreadsheetml/x2006/main/CTWorkbook
instanceKlass org/openxmlformats/schemas/spreadsheetml/x2006/main/WorkbookDocument
instanceKlass org/openxmlformats/schemas/spreadsheetml/x2006/main/WorkbookDocument$Factory
instanceKlass org/openxmlformats/schemas/drawingml/x2006/main/ThemeDocument$Factory
instanceKlass org/openxmlformats/schemas/drawingml/x2006/main/ThemeDocument
instanceKlass org/openxmlformats/schemas/spreadsheetml/x2006/main/CTCellStyleXfs
instanceKlass org/openxmlformats/schemas/spreadsheetml/x2006/main/CTXf
instanceKlass org/openxmlformats/schemas/spreadsheetml/x2006/main/CTCellXfs
instanceKlass org/apache/poi/xssf/usermodel/extensions/XSSFCellBorder
instanceKlass org/openxmlformats/schemas/spreadsheetml/x2006/main/CTBorder
instanceKlass org/openxmlformats/schemas/spreadsheetml/x2006/main/CTBorders
instanceKlass org/apache/poi/xssf/usermodel/extensions/XSSFCellFill
instanceKlass org/openxmlformats/schemas/spreadsheetml/x2006/main/CTFill
instanceKlass org/openxmlformats/schemas/spreadsheetml/x2006/main/CTFills
instanceKlass org/apache/poi/xssf/usermodel/XSSFFont
instanceKlass sun/reflect/ClassDefiner$1
instanceKlass sun/reflect/ClassDefiner
instanceKlass sun/reflect/MethodAccessorGenerator$1
instanceKlass sun/reflect/Label$PatchInfo
instanceKlass sun/reflect/Label
instanceKlass sun/reflect/UTF8
instanceKlass sun/reflect/ClassFileAssembler
instanceKlass sun/reflect/ByteVectorImpl
instanceKlass sun/reflect/ByteVector
instanceKlass sun/reflect/ByteVectorFactory
instanceKlass sun/reflect/AccessorGenerator
instanceKlass sun/reflect/ClassFileConstants
instanceKlass org/openxmlformats/schemas/spreadsheetml/x2006/main/CTFont
instanceKlass org/openxmlformats/schemas/spreadsheetml/x2006/main/CTFonts
instanceKlass org/openxmlformats/schemas/spreadsheetml/x2006/main/CTNumFmt
instanceKlass org/openxmlformats/schemas/spreadsheetml/x2006/main/CTNumFmts
instanceKlass org/openxmlformats/schemas/spreadsheetml/x2006/main/CTStylesheet
instanceKlass org/apache/xmlbeans/QNameSetBuilder
instanceKlass sun/security/provider/ByteArrayAccess
instanceKlass sun/security/util/MessageDigestSpi2
instanceKlass sun/security/jca/GetInstance$Instance
instanceKlass java/security/Provider$UString
instanceKlass java/security/Provider$Service
instanceKlass sun/security/provider/NativePRNG$NonBlocking
instanceKlass sun/security/provider/NativePRNG$Blocking
instanceKlass sun/security/provider/NativePRNG
instanceKlass sun/security/provider/SunEntries$1
instanceKlass sun/security/provider/SunEntries
instanceKlass sun/security/jca/ProviderConfig$2
instanceKlass sun/security/jca/ProviderList$2
instanceKlass sun/misc/FDBigInteger
instanceKlass sun/misc/FloatingDecimal$PreparedASCIIToBinaryBuffer
instanceKlass sun/misc/FloatingDecimal$ASCIIToBinaryConverter
instanceKlass sun/misc/FloatingDecimal$BinaryToASCIIBuffer
instanceKlass sun/misc/FloatingDecimal$ExceptionalBinaryToASCIIBuffer
instanceKlass sun/misc/FloatingDecimal$BinaryToASCIIConverter
instanceKlass sun/misc/FloatingDecimal
instanceKlass java/security/Provider$EngineDescription
instanceKlass java/security/Provider$ServiceKey
instanceKlass sun/security/jca/ProviderConfig
instanceKlass sun/security/jca/ProviderList
instanceKlass sun/security/jca/Providers
instanceKlass sun/security/jca/GetInstance
instanceKlass java/security/Security$1
instanceKlass java/security/Security
instanceKlass java/security/MessageDigestSpi
instanceKlass java/lang/StringCoding$StringEncoder
instanceKlass org/apache/xmlbeans/impl/store/Xobj$Bookmark
instanceKlass org/apache/xmlbeans/XmlCursor$XmlMark
instanceKlass org/w3c/dom/NamedNodeMap
instanceKlass org/apache/xmlbeans/impl/piccolo/xml/UnicodeLittleXMLDecoder
instanceKlass org/apache/xmlbeans/impl/piccolo/xml/UnicodeBigXMLDecoder
instanceKlass org/apache/xmlbeans/impl/piccolo/xml/ISO8859_1XMLDecoder
instanceKlass org/apache/xmlbeans/impl/piccolo/xml/ASCIIXMLDecoder
instanceKlass org/apache/xmlbeans/impl/piccolo/xml/UTF8XMLDecoder
instanceKlass org/apache/xmlbeans/impl/piccolo/xml/XMLDecoder
instanceKlass org/apache/xmlbeans/impl/piccolo/io/CharsetDecoder
instanceKlass org/apache/xmlbeans/impl/piccolo/xml/XMLDecoderFactory
instanceKlass org/apache/xmlbeans/impl/piccolo/xml/XMLStreamReader$FastStreamDecoder
instanceKlass org/apache/xmlbeans/impl/piccolo/xml/XMLDeclParser
instanceKlass org/apache/xmlbeans/impl/piccolo/xml/XMLStreamReader$XMLStreamDecoder
instanceKlass org/apache/xmlbeans/impl/store/CharUtil$CharIterator
instanceKlass org/apache/xmlbeans/impl/store/CharUtil
instanceKlass org/apache/xmlbeans/impl/piccolo/xml/Piccolo$StartLocator
instanceKlass org/apache/xmlbeans/impl/piccolo/xml/DocumentEntity
instanceKlass org/apache/xmlbeans/impl/piccolo/util/IntStack
instanceKlass org/apache/xmlbeans/impl/piccolo/xml/FastNamespaceSupport
instanceKlass org/apache/xmlbeans/impl/piccolo/util/StringStack
instanceKlass org/apache/xmlbeans/impl/piccolo/util/LongStack
instanceKlass org/apache/xmlbeans/impl/piccolo/xml/AttributesHolder
instanceKlass org/apache/xmlbeans/impl/piccolo/xml/EntityManager
instanceKlass org/apache/xmlbeans/impl/piccolo/util/CharStringConverter
instanceKlass org/apache/xmlbeans/impl/piccolo/xml/PiccoloLexer
instanceKlass org/apache/xmlbeans/impl/piccolo/xml/Entity
instanceKlass org/apache/xmlbeans/impl/piccolo/xml/Piccolo
instanceKlass org/apache/xmlbeans/XmlCursor$XmlBookmark
instanceKlass org/apache/xmlbeans/impl/store/Locale$DefaultEntityResolver
instanceKlass org/apache/xmlbeans/impl/common/ResolverUtil
instanceKlass org/w3c/dom/Comment
instanceKlass org/apache/xmlbeans/impl/soap/SOAPFault
instanceKlass org/apache/xmlbeans/impl/soap/DetailEntry
instanceKlass org/apache/xmlbeans/impl/soap/Detail
instanceKlass org/apache/xmlbeans/impl/soap/SOAPFaultElement
instanceKlass org/apache/xmlbeans/impl/soap/SOAPHeaderElement
instanceKlass org/apache/xmlbeans/impl/soap/SOAPHeader
instanceKlass org/apache/xmlbeans/impl/soap/SOAPEnvelope
instanceKlass org/apache/xmlbeans/impl/soap/SOAPBodyElement
instanceKlass org/apache/xmlbeans/impl/soap/SOAPBody
instanceKlass org/apache/xmlbeans/impl/soap/SOAPElement
instanceKlass org/w3c/dom/DocumentFragment
instanceKlass org/w3c/dom/Attr
instanceKlass org/w3c/dom/NodeList
instanceKlass org/w3c/dom/ProcessingInstruction
instanceKlass org/apache/xmlbeans/impl/store/Xobj
instanceKlass org/apache/xmlbeans/impl/store/Cur$Locations
instanceKlass org/apache/xmlbeans/QNameCache
instanceKlass org/apache/xmlbeans/impl/store/Locale$DefaultQNameFactory
instanceKlass org/apache/xmlbeans/impl/store/Locale$domNthCache
instanceKlass org/apache/xmlbeans/impl/store/Locale$nthCache
instanceKlass org/apache/xmlbeans/XmlFactoryHook$ThreadContext
instanceKlass org/apache/xmlbeans/impl/schema/StscComplexTypeResolver$WildcardResult
instanceKlass org/apache/xmlbeans/impl/schema/StscComplexTypeResolver$CodeForNameEntry
instanceKlass org/apache/xmlbeans/impl/xb/xsdschema/Group
instanceKlass org/apache/xmlbeans/impl/xb/xsdschema/SimpleType
instanceKlass org/apache/xmlbeans/impl/xb/xsdschema/LocalElement
instanceKlass org/apache/xmlbeans/impl/xb/xsdschema/Element
instanceKlass org/apache/xmlbeans/impl/xb/xsdschema/Annotated
instanceKlass org/apache/xmlbeans/impl/xb/xsdschema/OpenAttrs
instanceKlass org/apache/xmlbeans/impl/schema/StscComplexTypeResolver
instanceKlass org/apache/xmlbeans/impl/schema/SchemaPropertyImpl
instanceKlass org/apache/xmlbeans/impl/schema/SchemaAnnotationImpl
instanceKlass org/apache/xmlbeans/SchemaAnnotation$Attribute
instanceKlass java/util/HashMap$HashIterator
instanceKlass org/apache/xmlbeans/impl/schema/SchemaTypeSystemImpl$HandlePool
instanceKlass org/apache/xmlbeans/impl/schema/SchemaTypeSystemImpl$StringPool
instanceKlass org/apache/xmlbeans/impl/schema/SchemaLocalAttributeImpl
instanceKlass org/apache/xmlbeans/soap/SchemaWSDLArrayType
instanceKlass org/apache/xmlbeans/impl/schema/SchemaTypeSystemImpl$XsbReader
instanceKlass org/apache/xmlbeans/impl/schema/ClassLoaderResourceLoader
instanceKlass org/apache/xmlbeans/impl/common/XBeanDebug
instanceKlass sun/reflect/UnsafeFieldAccessorFactory
instanceKlass schemaorg_apache_xmlbeans/system/sE130CAA0A01A7CDE5A2B4FEB8B311707/TypeSystemHolder
instanceKlass org/openxmlformats/schemas/spreadsheetml/x2006/main/StyleSheetDocument
instanceKlass org/apache/xmlbeans/SystemProperties
instanceKlass org/apache/xmlbeans/SchemaIdentityConstraint
instanceKlass sun/misc/URLClassPath$JarLoader$3
instanceKlass org/apache/xmlbeans/impl/regex/Token
instanceKlass org/apache/xmlbeans/impl/regex/REUtil
instanceKlass org/apache/xmlbeans/impl/regex/RegexParser
instanceKlass org/apache/xmlbeans/impl/regex/Op
instanceKlass org/apache/xmlbeans/impl/regex/RegularExpression
instanceKlass org/apache/xmlbeans/impl/schema/SchemaParticleImpl
instanceKlass org/apache/xmlbeans/QNameSet
instanceKlass org/apache/xmlbeans/impl/schema/SchemaAttributeModelImpl
instanceKlass org/apache/xmlbeans/XmlInteger
instanceKlass org/apache/xmlbeans/XmlDecimal
instanceKlass org/apache/xmlbeans/impl/schema/XmlValueRef
instanceKlass org/apache/xmlbeans/impl/common/XmlWhitespace
instanceKlass org/apache/xmlbeans/impl/values/XmlObjectBase$ValueOutOfRangeValidationContext
instanceKlass org/apache/xmlbeans/impl/common/ValidatorListener
instanceKlass org/apache/xmlbeans/GDurationSpecification
instanceKlass org/apache/xmlbeans/impl/values/TypeStoreVisitor
instanceKlass org/apache/xmlbeans/GDateSpecification
instanceKlass org/apache/xmlbeans/impl/values/TypeStore
instanceKlass org/apache/xmlbeans/impl/values/NamespaceManager
instanceKlass org/apache/xmlbeans/impl/common/PrefixResolver
instanceKlass org/apache/xmlbeans/impl/common/ValidationContext
instanceKlass org/apache/xmlbeans/impl/values/XmlObjectBase
instanceKlass org/apache/xmlbeans/SimpleValue
instanceKlass org/apache/xmlbeans/impl/values/TypeStoreUser
instanceKlass org/apache/xmlbeans/XmlString
instanceKlass javax/xml/namespace/QName$1
instanceKlass org/apache/xmlbeans/impl/common/QNameHelper
instanceKlass org/apache/xmlbeans/SchemaComponent$1
instanceKlass org/apache/xmlbeans/SchemaProperty
instanceKlass org/apache/xmlbeans/SchemaTypeElementSequencer
instanceKlass org/apache/xmlbeans/QNameSetSpecification
instanceKlass org/apache/xmlbeans/impl/schema/SchemaContainer
instanceKlass org/apache/xmlbeans/impl/schema/SchemaTypeImpl
instanceKlass org/apache/xmlbeans/impl/values/TypeStoreUserFactory
instanceKlass org/apache/xmlbeans/impl/store/Query
instanceKlass org/apache/xmlbeans/impl/store/Path$PathEngine
instanceKlass org/apache/xmlbeans/impl/store/Cur
instanceKlass org/apache/xmlbeans/impl/store/Path
instanceKlass org/apache/xmlbeans/impl/schema/FileResourceLoader
instanceKlass org/apache/xmlbeans/impl/schema/PathResourceLoader
instanceKlass org/w3c/dom/Element
instanceKlass javax/xml/stream/XMLStreamReader
instanceKlass javax/xml/stream/XMLStreamConstants
instanceKlass org/w3c/dom/Document
instanceKlass org/w3c/dom/DocumentType
instanceKlass org/apache/xmlbeans/XmlSaxHandler
instanceKlass org/apache/xmlbeans/xml/stream/utils/NestedThrowable
instanceKlass org/apache/xmlbeans/impl/store/Locale$SaxHandler
instanceKlass org/apache/xmlbeans/impl/store/Locale$LoadContext
instanceKlass org/apache/xmlbeans/XmlCursor
instanceKlass org/w3c/dom/CDATASection
instanceKlass org/apache/xmlbeans/XmlDocumentProperties
instanceKlass org/apache/xmlbeans/impl/soap/Text
instanceKlass org/apache/xmlbeans/impl/soap/Node
instanceKlass org/apache/xmlbeans/impl/store/DomImpl$CharNode
instanceKlass org/apache/xmlbeans/impl/store/DomImpl$Dom
instanceKlass org/w3c/dom/Text
instanceKlass org/w3c/dom/CharacterData
instanceKlass org/apache/xmlbeans/impl/store/QNameFactory
instanceKlass org/apache/xmlbeans/impl/store/Locale
instanceKlass org/apache/xmlbeans/impl/common/XmlLocale
instanceKlass org/apache/xmlbeans/impl/store/Saaj$SaajCallback
instanceKlass org/w3c/dom/DOMImplementation
instanceKlass org/w3c/dom/Node
instanceKlass org/apache/xmlbeans/impl/schema/SchemaTypeSystemCompiler$Parameters
instanceKlass org/apache/xmlbeans/impl/schema/SchemaTypeSystemCompiler
instanceKlass org/apache/xmlbeans/PrePostExtension
instanceKlass org/apache/xmlbeans/InterfaceExtension
instanceKlass org/apache/xmlbeans/BindingConfig
instanceKlass org/apache/xmlbeans/Filer
instanceKlass org/apache/xmlbeans/SchemaAnnotation
instanceKlass org/apache/xmlbeans/SchemaAttributeGroup
instanceKlass org/apache/xmlbeans/SchemaModelGroup
instanceKlass org/apache/xmlbeans/SchemaGlobalAttribute
instanceKlass org/apache/xmlbeans/SchemaLocalAttribute
instanceKlass org/apache/xmlbeans/SchemaGlobalElement
instanceKlass org/apache/xmlbeans/SchemaLocalElement
instanceKlass org/apache/xmlbeans/SchemaField
instanceKlass org/apache/xmlbeans/SchemaAttributeModel
instanceKlass org/apache/xmlbeans/SchemaParticle
instanceKlass org/apache/xmlbeans/XmlAnySimpleType
instanceKlass org/apache/xmlbeans/SchemaType
instanceKlass org/apache/xmlbeans/SchemaAnnotated
instanceKlass org/apache/xmlbeans/SchemaComponent
instanceKlass org/apache/xmlbeans/SchemaComponent$Ref
instanceKlass javax/xml/namespace/QName
instanceKlass org/apache/xmlbeans/ResourceLoader
instanceKlass org/apache/xmlbeans/SchemaTypeSystem
instanceKlass org/apache/xmlbeans/impl/common/SystemCache
instanceKlass org/apache/xmlbeans/xml/stream/XMLInputStream
instanceKlass org/apache/xmlbeans/impl/schema/SchemaTypeLoaderBase
instanceKlass org/apache/xmlbeans/SchemaTypeLoader
instanceKlass org/apache/xmlbeans/XmlBeans
instanceKlass org/openxmlformats/schemas/spreadsheetml/x2006/main/StyleSheetDocument$Factory
instanceKlass org/apache/poi/ss/usermodel/DataValidation
instanceKlass org/apache/poi/ss/usermodel/DataValidationConstraint
instanceKlass org/apache/poi/xssf/usermodel/XSSFDataValidationHelper
instanceKlass org/apache/poi/ss/usermodel/Comment
instanceKlass org/apache/poi/ss/usermodel/SheetConditionalFormatting
instanceKlass org/apache/poi/ss/usermodel/DataValidationHelper
instanceKlass org/apache/poi/ss/usermodel/PrintSetup
instanceKlass org/apache/poi/ss/usermodel/AutoFilter
instanceKlass org/apache/poi/ss/usermodel/ClientAnchor
instanceKlass org/apache/poi/ss/usermodel/Footer
instanceKlass org/apache/poi/ss/usermodel/Header
instanceKlass org/apache/poi/ss/usermodel/HeaderFooter
instanceKlass org/apache/poi/ss/usermodel/CellRange
instanceKlass org/apache/poi/ss/usermodel/PictureData
instanceKlass org/apache/poi/ss/usermodel/charts/ChartAxisFactory
instanceKlass org/apache/poi/ss/usermodel/Chart
instanceKlass org/apache/poi/ss/usermodel/charts/ManuallyPositionable
instanceKlass org/apache/poi/ss/usermodel/Drawing
instanceKlass org/apache/poi/ss/usermodel/Row$MissingCellPolicy
instanceKlass org/apache/poi/ss/usermodel/Row
instanceKlass org/apache/poi/ss/formula/atp/YearFrac
instanceKlass org/apache/poi/ss/formula/atp/WorkdayFunction
instanceKlass org/apache/poi/ss/formula/functions/Sumifs
instanceKlass org/apache/poi/ss/formula/atp/RandBetween
instanceKlass org/apache/poi/ss/formula/atp/ArgumentsEvaluator
instanceKlass org/apache/poi/ss/formula/atp/NetworkdaysFunction
instanceKlass org/apache/poi/ss/formula/atp/MRound
instanceKlass org/apache/poi/ss/formula/eval/ValueEval
instanceKlass org/apache/poi/ss/formula/atp/ParityFunction
instanceKlass org/apache/poi/ss/formula/atp/AnalysisToolPak$NotImplemented
instanceKlass org/apache/poi/ss/formula/functions/FreeRefFunction
instanceKlass org/apache/poi/ss/formula/atp/AnalysisToolPak
instanceKlass org/apache/poi/ss/formula/udf/AggregatingUDFFinder
instanceKlass org/apache/poi/openxml4j/util/Nullable
instanceKlass org/apache/poi/openxml4j/opc/internal/unmarshallers/UnmarshallContext
instanceKlass java/util/TreeMap$PrivateEntryIterator
instanceKlass org/apache/poi/openxml4j/opc/PackageRelationship
instanceKlass org/apache/poi/openxml4j/opc/PackageRelationshipCollection
instanceKlass org/apache/poi/openxml4j/opc/internal/ZipHelper
instanceKlass org/apache/poi/openxml4j/opc/PackagePartName
instanceKlass org/apache/poi/openxml4j/opc/PackagingURIHelper
instanceKlass java/util/TreeMap$Entry
instanceKlass org/dom4j/QName
instanceKlass org/apache/xerces/impl/Constants$ArrayEnumeration
instanceKlass org/apache/xerces/impl/Constants
instanceKlass org/apache/xerces/util/XMLChar
instanceKlass org/apache/xerces/parsers/AbstractSAXParser$LocatorProxy
instanceKlass org/xml/sax/ext/Locator2
instanceKlass org/apache/xerces/util/XMLSymbols
instanceKlass org/apache/xerces/xni/parser/XMLInputSource
